<?xml version="1.0" encoding="UTF-8"?>
<coverage generated="1771898687789" clover="3.2.0">
  <project timestamp="1771898687789" name="All files">
    <metrics statements="295" coveredstatements="236" conditionals="217" coveredconditionals="156" methods="78" coveredmethods="63" elements="590" coveredelements="455" complexity="0" loc="295" ncloc="295" packages="3" files="12" classes="12"/>
    <package name="components.Dashboard">
      <metrics statements="3" coveredstatements="3" conditionals="6" coveredconditionals="5" methods="1" coveredmethods="1"/>
      <file name="DashboardGreeting.tsx" path="/Applications/React/Nexhala/asset-manager/asset-manager/src/components/Dashboard/DashboardGreeting.tsx">
        <metrics statements="3" coveredstatements="3" conditionals="6" coveredconditionals="5" methods="1" coveredmethods="1"/>
        <line num="21" count="5" type="cond" truecount="1" falsecount="1"/>
        <line num="23" count="5" type="cond" truecount="4" falsecount="0"/>
        <line num="31" count="5" type="stmt"/>
      </file>
    </package>
    <package name="store.slices">
      <metrics statements="96" coveredstatements="59" conditionals="26" coveredconditionals="8" methods="33" coveredmethods="20"/>
      <file name="authSlice.ts" path="/Applications/React/Nexhala/asset-manager/asset-manager/src/store/slices/authSlice.ts">
        <metrics statements="46" coveredstatements="31" conditionals="2" coveredconditionals="2" methods="15" coveredmethods="9"/>
        <line num="7" count="1" type="stmt"/>
        <line num="16" count="1" type="stmt"/>
        <line num="21" count="4" type="stmt"/>
        <line num="22" count="4" type="stmt"/>
        <line num="23" count="4" type="stmt"/>
        <line num="25" count="4" type="cond" truecount="2" falsecount="0"/>
        <line num="26" count="1" type="stmt"/>
        <line num="27" count="1" type="stmt"/>
        <line num="30" count="3" type="stmt"/>
        <line num="34" count="1" type="stmt"/>
        <line num="35" count="1" type="stmt"/>
        <line num="38" count="0" type="stmt"/>
        <line num="41" count="1" type="stmt"/>
        <line num="44" count="1" type="stmt"/>
        <line num="48" count="1" type="stmt"/>
        <line num="50" count="0" type="stmt"/>
        <line num="51" count="0" type="stmt"/>
        <line num="54" count="0" type="stmt"/>
        <line num="55" count="0" type="stmt"/>
        <line num="56" count="0" type="stmt"/>
        <line num="57" count="0" type="stmt"/>
        <line num="60" count="0" type="stmt"/>
        <line num="61" count="0" type="stmt"/>
        <line num="62" count="0" type="stmt"/>
        <line num="63" count="0" type="stmt"/>
        <line num="66" count="1" type="stmt"/>
        <line num="67" count="1" type="stmt"/>
        <line num="70" count="2" type="stmt"/>
        <line num="71" count="2" type="stmt"/>
        <line num="72" count="2" type="stmt"/>
        <line num="73" count="2" type="stmt"/>
        <line num="76" count="1" type="stmt"/>
        <line num="77" count="1" type="stmt"/>
        <line num="78" count="1" type="stmt"/>
        <line num="79" count="1" type="stmt"/>
        <line num="82" count="0" type="stmt"/>
        <line num="83" count="0" type="stmt"/>
        <line num="86" count="1" type="stmt"/>
        <line num="87" count="1" type="stmt"/>
        <line num="88" count="1" type="stmt"/>
        <line num="89" count="1" type="stmt"/>
        <line num="90" count="1" type="stmt"/>
        <line num="91" count="1" type="stmt"/>
        <line num="94" count="0" type="stmt"/>
        <line num="95" count="0" type="stmt"/>
        <line num="100" count="1" type="stmt"/>
      </file>
      <file name="requestsSlice.ts" path="/Applications/React/Nexhala/asset-manager/asset-manager/src/store/slices/requestsSlice.ts">
        <metrics statements="50" coveredstatements="28" conditionals="24" coveredconditionals="6" methods="18" coveredmethods="11"/>
        <line num="18" count="1" type="stmt"/>
        <line num="32" count="1" type="stmt"/>
        <line num="39" count="1" type="stmt"/>
        <line num="40" count="1" type="stmt"/>
        <line num="41" count="2" type="cond" truecount="4" falsecount="0"/>
        <line num="43" count="1" type="stmt"/>
        <line num="44" count="1" type="stmt"/>
        <line num="49" count="2" type="stmt"/>
        <line num="50" count="2" type="stmt"/>
        <line num="51" count="3" type="cond" truecount="2" falsecount="0"/>
        <line num="53" count="2" type="stmt"/>
        <line num="54" count="2" type="stmt"/>
        <line num="58" count="1" type="stmt"/>
        <line num="64" count="0" type="stmt"/>
        <line num="65" count="0" type="stmt"/>
        <line num="67" count="0" type="cond" truecount="0" falsecount="2"/>
        <line num="68" count="0" type="stmt"/>
        <line num="70" count="0" type="cond" truecount="0" falsecount="2"/>
        <line num="71" count="0" type="stmt"/>
        <line num="72" count="0" type="cond" truecount="0" falsecount="2"/>
        <line num="73" count="0" type="stmt"/>
        <line num="79" count="0" type="stmt"/>
        <line num="80" count="0" type="cond" truecount="0" falsecount="2"/>
        <line num="83" count="0" type="stmt"/>
        <line num="84" count="0" type="cond" truecount="0" falsecount="2"/>
        <line num="85" count="0" type="stmt"/>
        <line num="86" count="0" type="cond" truecount="0" falsecount="2"/>
        <line num="88" count="0" type="stmt"/>
        <line num="89" count="0" type="cond" truecount="0" falsecount="2"/>
        <line num="90" count="0" type="stmt"/>
        <line num="95" count="0" type="stmt"/>
        <line num="96" count="0" type="cond" truecount="0" falsecount="2"/>
        <line num="97" count="0" type="stmt"/>
        <line num="103" count="0" type="cond" truecount="0" falsecount="2"/>
        <line num="104" count="0" type="stmt"/>
        <line num="110" count="2" type="stmt"/>
        <line num="114" count="1" type="stmt"/>
        <line num="119" count="1" type="stmt"/>
        <line num="123" count="2" type="stmt"/>
        <line num="124" count="2" type="stmt"/>
        <line num="125" count="2" type="stmt"/>
        <line num="129" count="1" type="stmt"/>
        <line num="130" count="1" type="stmt"/>
        <line num="135" count="1" type="stmt"/>
        <line num="136" count="1" type="stmt"/>
        <line num="137" count="1" type="stmt"/>
        <line num="138" count="1" type="stmt"/>
        <line num="139" count="1" type="stmt"/>
        <line num="140" count="1" type="stmt"/>
        <line num="157" count="1" type="stmt"/>
      </file>
    </package>
    <package name="utils">
      <metrics statements="196" coveredstatements="174" conditionals="185" coveredconditionals="143" methods="44" coveredmethods="42"/>
      <file name="authValidation.ts" path="/Applications/React/Nexhala/asset-manager/asset-manager/src/utils/authValidation.ts">
        <metrics statements="19" coveredstatements="19" conditionals="14" coveredconditionals="14" methods="3" coveredmethods="3"/>
        <line num="4" count="17" type="stmt"/>
        <line num="8" count="10" type="stmt"/>
        <line num="9" count="10" type="cond" truecount="2" falsecount="0"/>
        <line num="10" count="2" type="stmt"/>
        <line num="11" count="8" type="cond" truecount="2" falsecount="0"/>
        <line num="12" count="1" type="stmt"/>
        <line num="14" count="10" type="cond" truecount="2" falsecount="0"/>
        <line num="15" count="1" type="stmt"/>
        <line num="16" count="9" type="cond" truecount="2" falsecount="0"/>
        <line num="17" count="2" type="stmt"/>
        <line num="19" count="10" type="stmt"/>
        <line num="26" count="5" type="stmt"/>
        <line num="27" count="5" type="cond" truecount="2" falsecount="0"/>
        <line num="28" count="1" type="stmt"/>
        <line num="30" count="5" type="cond" truecount="2" falsecount="0"/>
        <line num="31" count="1" type="stmt"/>
        <line num="32" count="4" type="cond" truecount="2" falsecount="0"/>
        <line num="33" count="1" type="stmt"/>
        <line num="35" count="5" type="stmt"/>
      </file>
      <file name="csvExport.ts" path="/Applications/React/Nexhala/asset-manager/asset-manager/src/utils/csvExport.ts">
        <metrics statements="16" coveredstatements="9" conditionals="12" coveredconditionals="3" methods="1" coveredmethods="1"/>
        <line num="14" count="2" type="stmt"/>
        <line num="15" count="2" type="stmt"/>
        <line num="16" count="2" type="stmt"/>
        <line num="17" count="2" type="stmt"/>
        <line num="18" count="2" type="cond" truecount="1" falsecount="1"/>
        <line num="19" count="0" type="stmt"/>
        <line num="21" count="2" type="stmt"/>
        <line num="23" count="2" type="stmt"/>
        <line num="27" count="2" type="cond" truecount="1" falsecount="1"/>
        <line num="28" count="2" type="stmt"/>
        <line num="34" count="0" type="stmt"/>
        <line num="37" count="0" type="stmt"/>
        <line num="38" count="0" type="stmt"/>
        <line num="40" count="0" type="cond" truecount="0" falsecount="2"/>
        <line num="45" count="0" type="stmt"/>
        <line num="50" count="0" type="cond" truecount="0" falsecount="2"/>
      </file>
      <file name="dateSerialization.ts" path="/Applications/React/Nexhala/asset-manager/asset-manager/src/utils/dateSerialization.ts">
        <metrics statements="12" coveredstatements="12" conditionals="14" coveredconditionals="12" methods="4" coveredmethods="4"/>
        <line num="18" count="8" type="cond" truecount="2" falsecount="0"/>
        <line num="19" count="6" type="cond" truecount="2" falsecount="0"/>
        <line num="20" count="5" type="cond" truecount="1" falsecount="1"/>
        <line num="27" count="9" type="cond" truecount="2" falsecount="0"/>
        <line num="28" count="7" type="cond" truecount="2" falsecount="0"/>
        <line num="29" count="6" type="cond" truecount="1" falsecount="1"/>
        <line num="30" count="6" type="stmt"/>
        <line num="31" count="6" type="cond" truecount="2" falsecount="0"/>
        <line num="40" count="2" type="stmt"/>
        <line num="41" count="2" type="stmt"/>
        <line num="54" count="2" type="stmt"/>
        <line num="55" count="2" type="stmt"/>
      </file>
      <file name="firebaseUtils.ts" path="/Applications/React/Nexhala/asset-manager/asset-manager/src/utils/firebaseUtils.ts">
        <metrics statements="16" coveredstatements="14" conditionals="14" coveredconditionals="13" methods="4" coveredmethods="3"/>
        <line num="15" count="1" type="stmt"/>
        <line num="16" count="4" type="cond" truecount="4" falsecount="0"/>
        <line num="17" count="2" type="stmt"/>
        <line num="19" count="2" type="cond" truecount="2" falsecount="0"/>
        <line num="20" count="1" type="stmt"/>
        <line num="23" count="1" type="cond" truecount="1" falsecount="1"/>
        <line num="24" count="1" type="stmt"/>
        <line num="26" count="0" type="stmt"/>
        <line num="32" count="1" type="stmt"/>
        <line num="33" count="2" type="cond" truecount="2" falsecount="0"/>
        <line num="34" count="1" type="stmt"/>
        <line num="40" count="1" type="stmt"/>
        <line num="41" count="3" type="cond" truecount="4" falsecount="0"/>
        <line num="43" count="1" type="stmt"/>
        <line num="63" count="1" type="stmt"/>
        <line num="68" count="0" type="stmt"/>
      </file>
      <file name="locationUtils.ts" path="/Applications/React/Nexhala/asset-manager/asset-manager/src/utils/locationUtils.ts">
        <metrics statements="10" coveredstatements="10" conditionals="11" coveredconditionals="11" methods="2" coveredmethods="2"/>
        <line num="3" count="1" type="stmt"/>
        <line num="4" count="4" type="cond" truecount="3" falsecount="0"/>
        <line num="6" count="1" type="stmt"/>
        <line num="8" count="2" type="cond" truecount="2" falsecount="0"/>
        <line num="10" count="1" type="stmt"/>
        <line num="19" count="1" type="stmt"/>
        <line num="20" count="4" type="cond" truecount="2" falsecount="0"/>
        <line num="21" count="3" type="cond" truecount="2" falsecount="0"/>
        <line num="22" count="2" type="cond" truecount="2" falsecount="0"/>
        <line num="23" count="1" type="stmt"/>
      </file>
      <file name="poPdfUtils.ts" path="/Applications/React/Nexhala/asset-manager/asset-manager/src/utils/poPdfUtils.ts">
        <metrics statements="46" coveredstatements="33" conditionals="58" coveredconditionals="33" methods="12" coveredmethods="11"/>
        <line num="5" count="1" type="stmt"/>
        <line num="7" count="1" type="stmt"/>
        <line num="8" count="4" type="cond" truecount="2" falsecount="0"/>
        <line num="9" count="2" type="stmt"/>
        <line num="16" count="1" type="stmt"/>
        <line num="17" count="10" type="stmt"/>
        <line num="19" count="1" type="stmt"/>
        <line num="28" count="1" type="stmt"/>
        <line num="42" count="2" type="cond" truecount="1" falsecount="1"/>
        <line num="43" count="2" type="cond" truecount="1" falsecount="1"/>
        <line num="45" count="2" type="cond" truecount="1" falsecount="1"/>
        <line num="46" count="2" type="cond" truecount="2" falsecount="0"/>
        <line num="48" count="2" type="cond" truecount="2" falsecount="0"/>
        <line num="49" count="2" type="stmt"/>
        <line num="50" count="2" type="stmt"/>
        <line num="61" count="2" type="stmt"/>
        <line num="62" count="2" type="cond" truecount="1" falsecount="1"/>
        <line num="63" count="2" type="cond" truecount="1" falsecount="1"/>
        <line num="64" count="0" type="stmt"/>
        <line num="66" count="2" type="cond" truecount="1" falsecount="1"/>
        <line num="67" count="0" type="stmt"/>
        <line num="70" count="2" type="stmt"/>
        <line num="151" count="2" type="stmt"/>
        <line num="158" count="16" type="stmt"/>
        <line num="165" count="16" type="cond" truecount="1" falsecount="1"/>
        <line num="184" count="2" type="stmt"/>
        <line num="185" count="1" type="cond" truecount="1" falsecount="1"/>
        <line num="186" count="1" type="cond" truecount="2" falsecount="0"/>
        <line num="187" count="1" type="cond" truecount="2" falsecount="0"/>
        <line num="188" count="1" type="stmt"/>
        <line num="190" count="2" type="stmt"/>
        <line num="191" count="2" type="cond" truecount="1" falsecount="1"/>
        <line num="192" count="2" type="stmt"/>
        <line num="193" count="2" type="stmt"/>
        <line num="195" count="2" type="stmt"/>
        <line num="235" count="0" type="stmt"/>
        <line num="236" count="0" type="stmt"/>
        <line num="237" count="0" type="stmt"/>
        <line num="243" count="0" type="cond" truecount="0" falsecount="2"/>
        <line num="244" count="0" type="stmt"/>
        <line num="250" count="0" type="stmt"/>
        <line num="253" count="0" type="stmt"/>
        <line num="254" count="0" type="stmt"/>
        <line num="256" count="0" type="cond" truecount="0" falsecount="2"/>
        <line num="261" count="0" type="stmt"/>
        <line num="266" count="0" type="cond" truecount="0" falsecount="2"/>
      </file>
      <file name="requestUtils.ts" path="/Applications/React/Nexhala/asset-manager/asset-manager/src/utils/requestUtils.ts">
        <metrics statements="8" coveredstatements="8" conditionals="15" coveredconditionals="13" methods="3" coveredmethods="3"/>
        <line num="25" count="3" type="cond" truecount="4" falsecount="0"/>
        <line num="26" count="1" type="stmt"/>
        <line num="29" count="2" type="cond" truecount="2" falsecount="0"/>
        <line num="34" count="1" type="stmt"/>
        <line num="35" count="1" type="stmt"/>
        <line num="36" count="1" type="stmt"/>
        <line num="44" count="1" type="stmt"/>
        <line num="54" count="1" type="stmt"/>
      </file>
      <file name="skuGenerationUtils.ts" path="/Applications/React/Nexhala/asset-manager/asset-manager/src/utils/skuGenerationUtils.ts">
        <metrics statements="32" coveredstatements="32" conditionals="24" coveredconditionals="22" methods="6" coveredmethods="6"/>
        <line num="9" count="1" type="stmt"/>
        <line num="16" count="15" type="cond" truecount="4" falsecount="0"/>
        <line num="17" count="13" type="stmt"/>
        <line num="28" count="9" type="stmt"/>
        <line num="29" count="9" type="cond" truecount="2" falsecount="0"/>
        <line num="31" count="8" type="stmt"/>
        <line num="32" count="8" type="stmt"/>
        <line num="34" count="8" type="cond" truecount="2" falsecount="0"/>
        <line num="36" count="5" type="stmt"/>
        <line num="38" count="9" type="stmt"/>
        <line num="39" count="9" type="stmt"/>
        <line num="40" count="9" type="stmt"/>
        <line num="41" count="9" type="cond" truecount="1" falsecount="1"/>
        <line num="43" count="9" type="stmt"/>
        <line num="45" count="5" type="cond" truecount="1" falsecount="1"/>
        <line num="46" count="5" type="stmt"/>
        <line num="57" count="6" type="stmt"/>
        <line num="58" count="6" type="cond" truecount="2" falsecount="0"/>
        <line num="59" count="2" type="stmt"/>
        <line num="62" count="4" type="stmt"/>
        <line num="63" count="4" type="stmt"/>
        <line num="64" count="4" type="stmt"/>
        <line num="74" count="8" type="cond" truecount="4" falsecount="0"/>
        <line num="75" count="1" type="stmt"/>
        <line num="77" count="7" type="stmt"/>
        <line num="78" count="7" type="cond" truecount="2" falsecount="0"/>
        <line num="79" count="1" type="stmt"/>
        <line num="81" count="6" type="cond" truecount="2" falsecount="0"/>
        <line num="82" count="1" type="stmt"/>
        <line num="84" count="5" type="cond" truecount="2" falsecount="0"/>
        <line num="85" count="2" type="stmt"/>
        <line num="87" count="3" type="stmt"/>
      </file>
      <file name="weightConversionUtils.ts" path="/Applications/React/Nexhala/asset-manager/asset-manager/src/utils/weightConversionUtils.ts">
        <metrics statements="37" coveredstatements="37" conditionals="23" coveredconditionals="22" methods="9" coveredmethods="9"/>
        <line num="11" count="1" type="stmt"/>
        <line num="18" count="2" type="stmt"/>
        <line num="25" count="6" type="cond" truecount="2" falsecount="0"/>
        <line num="37" count="3" type="stmt"/>
        <line num="53" count="4" type="cond" truecount="4" falsecount="0"/>
        <line num="54" count="2" type="stmt"/>
        <line num="74" count="5" type="stmt"/>
        <line num="75" count="5" type="cond" truecount="2" falsecount="0"/>
        <line num="76" count="1" type="stmt"/>
        <line num="84" count="4" type="stmt"/>
        <line num="85" count="4" type="stmt"/>
        <line num="87" count="4" type="cond" truecount="2" falsecount="0"/>
        <line num="88" count="2" type="stmt"/>
        <line num="89" count="2" type="stmt"/>
        <line num="90" count="2" type="stmt"/>
        <line num="91" count="2" type="stmt"/>
        <line num="93" count="2" type="stmt"/>
        <line num="105" count="2" type="stmt"/>
        <line num="121" count="2" type="stmt"/>
        <line num="122" count="2" type="stmt"/>
        <line num="124" count="2" type="cond" truecount="2" falsecount="0"/>
        <line num="125" count="1" type="stmt"/>
        <line num="128" count="1" type="stmt"/>
        <line num="133" count="1" type="stmt"/>
        <line num="134" count="1" type="stmt"/>
        <line num="136" count="1" type="cond" truecount="3" falsecount="1"/>
        <line num="137" count="1" type="stmt"/>
        <line num="138" count="1" type="stmt"/>
        <line num="139" count="2" type="stmt"/>
        <line num="143" count="2" type="stmt"/>
        <line num="147" count="1" type="stmt"/>
        <line num="150" count="1" type="stmt"/>
        <line num="161" count="1" type="stmt"/>
        <line num="168" count="4" type="cond" truecount="2" falsecount="0"/>
        <line num="169" count="2" type="stmt"/>
        <line num="170" count="2" type="cond" truecount="2" falsecount="0"/>
        <line num="174" count="2" type="stmt"/>
      </file>
    </package>
  </project>
</coverage>
