{"/Applications/React/Nexhala/asset-manager/asset-manager/src/components/FormField.tsx": {"path":"/Applications/React/Nexhala/asset-manager/asset-manager/src/components/FormField.tsx","statementMap":{"0":{"start":{"line":34,"column":51},"end":{"line":97,"column":1}},"1":{"start":{"line":47,"column":19},"end":{"line":47,"column":33}},"2":{"start":{"line":49,"column":2},"end":{"line":96,"column":4}}},"fnMap":{"0":{"name":"(anonymous_0)","decl":{"start":{"line":34,"column":51},"end":{"line":34,"column":52}},"loc":{"start":{"line":46,"column":6},"end":{"line":97,"column":1}},"line":46}},"branchMap":{"0":{"loc":{"start":{"line":36,"column":2},"end":{"line":36,"column":18}},"type":"default-arg","locations":[{"start":{"line":36,"column":13},"end":{"line":36,"column":18}}],"line":36},"1":{"loc":{"start":{"line":41,"column":2},"end":{"line":41,"column":25}},"type":"default-arg","locations":[{"start":{"line":41,"column":20},"end":{"line":41,"column":25}}],"line":41},"2":{"loc":{"start":{"line":58,"column":9},"end":{"line":62,"column":16}},"type":"cond-expr","locations":[{"start":{"line":59,"column":10},"end":{"line":61,"column":17}},{"start":{"line":62,"column":12},"end":{"line":62,"column":16}}],"line":58},"3":{"loc":{"start":{"line":67,"column":12},"end":{"line":67,"column":62}},"type":"cond-expr","locations":[{"start":{"line":67,"column":23},"end":{"line":67,"column":41}},{"start":{"line":67,"column":44},"end":{"line":67,"column":62}}],"line":67},"4":{"loc":{"start":{"line":68,"column":14},"end":{"line":68,"column":38}},"type":"cond-expr","locations":[{"start":{"line":68,"column":26},"end":{"line":68,"column":33}},{"start":{"line":68,"column":36},"end":{"line":68,"column":38}}],"line":68},"5":{"loc":{"start":{"line":74,"column":30},"end":{"line":74,"column":57}},"type":"binary-expr","locations":[{"start":{"line":74,"column":30},"end":{"line":74,"column":48}},{"start":{"line":74,"column":52},"end":{"line":74,"column":57}}],"line":74},"6":{"loc":{"start":{"line":79,"column":9},"end":{"line":88,"column":9}},"type":"binary-expr","locations":[{"start":{"line":79,"column":9},"end":{"line":79,"column":18}},{"start":{"line":79,"column":22},"end":{"line":79,"column":38}},{"start":{"line":80,"column":10},"end":{"line":87,"column":29}}],"line":79},"7":{"loc":{"start":{"line":84,"column":32},"end":{"line":84,"column":83}},"type":"cond-expr","locations":[{"start":{"line":84,"column":50},"end":{"line":84,"column":65}},{"start":{"line":84,"column":68},"end":{"line":84,"column":83}}],"line":84},"8":{"loc":{"start":{"line":90,"column":7},"end":{"line":94,"column":14}},"type":"cond-expr","locations":[{"start":{"line":91,"column":8},"end":{"line":93,"column":15}},{"start":{"line":94,"column":10},"end":{"line":94,"column":14}}],"line":90}},"s":{"0":1,"1":5,"2":5},"f":{"0":5},"b":{"0":[4],"1":[5],"2":[1,4],"3":[1,4],"4":[0,5],"5":[5,4],"6":[5,0,0],"7":[0,0],"8":[1,4]},"_coverageSchema":"1a1c01bbd47fc00a2c39e90264f33305004495a9","hash":"54af4aed76414e6cf76e8e8ad55e600262b4c977"}
,"/Applications/React/Nexhala/asset-manager/asset-manager/src/components/Dashboard/DashboardGreeting.tsx": {"path":"/Applications/React/Nexhala/asset-manager/asset-manager/src/components/Dashboard/DashboardGreeting.tsx","statementMap":{"0":{"start":{"line":21,"column":23},"end":{"line":21,"column":45}},"1":{"start":{"line":23,"column":4},"end":{"line":29,"column":10}},"2":{"start":{"line":31,"column":2},"end":{"line":41,"column":4}}},"fnMap":{"0":{"name":"DashboardGreeting","decl":{"start":{"line":16,"column":16},"end":{"line":16,"column":33}},"loc":{"start":{"line":20,"column":27},"end":{"line":42,"column":1}},"line":20}},"branchMap":{"0":{"loc":{"start":{"line":21,"column":23},"end":{"line":21,"column":45}},"type":"binary-expr","locations":[{"start":{"line":21,"column":23},"end":{"line":21,"column":34}},{"start":{"line":21,"column":38},"end":{"line":21,"column":45}}],"line":21},"1":{"loc":{"start":{"line":23,"column":4},"end":{"line":29,"column":10}},"type":"cond-expr","locations":[{"start":{"line":24,"column":8},"end":{"line":24,"column":16}},{"start":{"line":25,"column":8},"end":{"line":29,"column":10}}],"line":23},"2":{"loc":{"start":{"line":23,"column":4},"end":{"line":23,"column":39}},"type":"binary-expr","locations":[{"start":{"line":23,"column":4},"end":{"line":23,"column":27}},{"start":{"line":23,"column":31},"end":{"line":23,"column":39}}],"line":23}},"s":{"0":5,"1":5,"2":5},"f":{"0":5},"b":{"0":[5,0],"1":[1,4],"2":[5,2]},"_coverageSchema":"1a1c01bbd47fc00a2c39e90264f33305004495a9","hash":"0b84b2b6dd7392f93de425d007104d677dc7cefa"}
,"/Applications/React/Nexhala/asset-manager/asset-manager/src/components/Requests/RequestCard.tsx": {"path":"/Applications/React/Nexhala/asset-manager/asset-manager/src/components/Requests/RequestCard.tsx","statementMap":{"0":{"start":{"line":14,"column":23},"end":{"line":18,"column":1}},"1":{"start":{"line":20,"column":19},"end":{"line":39,"column":1}},"2":{"start":{"line":21,"column":2},"end":{"line":21,"column":28}},"3":{"start":{"line":21,"column":18},"end":{"line":21,"column":28}},"4":{"start":{"line":22,"column":2},"end":{"line":29,"column":3}},"5":{"start":{"line":23,"column":4},"end":{"line":28,"column":7}},"6":{"start":{"line":30,"column":15},"end":{"line":32,"column":46}},"7":{"start":{"line":33,"column":2},"end":{"line":38,"column":5}},"8":{"start":{"line":41,"column":55},"end":{"line":108,"column":1}},"9":{"start":{"line":48,"column":4},"end":{"line":49,"column":25}},"10":{"start":{"line":50,"column":20},"end":{"line":50,"column":76}},"11":{"start":{"line":52,"column":2},"end":{"line":107,"column":4}}},"fnMap":{"0":{"name":"(anonymous_0)","decl":{"start":{"line":20,"column":19},"end":{"line":20,"column":20}},"loc":{"start":{"line":20,"column":95},"end":{"line":39,"column":1}},"line":20},"1":{"name":"(anonymous_1)","decl":{"start":{"line":41,"column":55},"end":{"line":41,"column":56}},"loc":{"start":{"line":46,"column":6},"end":{"line":108,"column":1}},"line":46}},"branchMap":{"0":{"loc":{"start":{"line":21,"column":2},"end":{"line":21,"column":28}},"type":"if","locations":[{"start":{"line":21,"column":2},"end":{"line":21,"column":28}},{"start":{},"end":{}}],"line":21},"1":{"loc":{"start":{"line":22,"column":2},"end":{"line":29,"column":3}},"type":"if","locations":[{"start":{"line":22,"column":2},"end":{"line":29,"column":3}},{"start":{},"end":{}}],"line":22},"2":{"loc":{"start":{"line":30,"column":15},"end":{"line":32,"column":46}},"type":"cond-expr","locations":[{"start":{"line":31,"column":6},"end":{"line":31,"column":52}},{"start":{"line":32,"column":6},"end":{"line":32,"column":46}}],"line":30},"3":{"loc":{"start":{"line":44,"column":2},"end":{"line":44,"column":26}},"type":"default-arg","locations":[{"start":{"line":44,"column":21},"end":{"line":44,"column":26}}],"line":44},"4":{"loc":{"start":{"line":45,"column":2},"end":{"line":45,"column":25}},"type":"default-arg","locations":[{"start":{"line":45,"column":20},"end":{"line":45,"column":25}}],"line":45},"5":{"loc":{"start":{"line":48,"column":4},"end":{"line":49,"column":25}},"type":"binary-expr","locations":[{"start":{"line":48,"column":4},"end":{"line":48,"column":68}},{"start":{"line":49,"column":4},"end":{"line":49,"column":25}}],"line":48},"6":{"loc":{"start":{"line":50,"column":20},"end":{"line":50,"column":76}},"type":"cond-expr","locations":[{"start":{"line":50,"column":52},"end":{"line":50,"column":72}},{"start":{"line":50,"column":75},"end":{"line":50,"column":76}}],"line":50},"7":{"loc":{"start":{"line":65,"column":13},"end":{"line":65,"column":42}},"type":"binary-expr","locations":[{"start":{"line":65,"column":13},"end":{"line":65,"column":35}},{"start":{"line":65,"column":39},"end":{"line":65,"column":42}}],"line":65},"8":{"loc":{"start":{"line":75,"column":56},"end":{"line":75,"column":80}},"type":"binary-expr","locations":[{"start":{"line":75,"column":56},"end":{"line":75,"column":73}},{"start":{"line":75,"column":77},"end":{"line":75,"column":80}}],"line":75},"9":{"loc":{"start":{"line":84,"column":7},"end":{"line":97,"column":7}},"type":"binary-expr","locations":[{"start":{"line":84,"column":7},"end":{"line":84,"column":23}},{"start":{"line":85,"column":8},"end":{"line":96,"column":15}}],"line":84},"10":{"loc":{"start":{"line":85,"column":48},"end":{"line":85,"column":103}},"type":"cond-expr","locations":[{"start":{"line":85,"column":66},"end":{"line":85,"column":83}},{"start":{"line":85,"column":86},"end":{"line":85,"column":103}}],"line":85},"11":{"loc":{"start":{"line":88,"column":20},"end":{"line":88,"column":73}},"type":"cond-expr","locations":[{"start":{"line":88,"column":38},"end":{"line":88,"column":56}},{"start":{"line":88,"column":59},"end":{"line":88,"column":73}}],"line":88},"12":{"loc":{"start":{"line":90,"column":21},"end":{"line":90,"column":60}},"type":"cond-expr","locations":[{"start":{"line":90,"column":39},"end":{"line":90,"column":48}},{"start":{"line":90,"column":51},"end":{"line":90,"column":60}}],"line":90},"13":{"loc":{"start":{"line":92,"column":56},"end":{"line":92,"column":109}},"type":"cond-expr","locations":[{"start":{"line":92,"column":74},"end":{"line":92,"column":90}},{"start":{"line":92,"column":93},"end":{"line":92,"column":109}}],"line":92},"14":{"loc":{"start":{"line":93,"column":15},"end":{"line":93,"column":77}},"type":"cond-expr","locations":[{"start":{"line":93,"column":33},"end":{"line":93,"column":54}},{"start":{"line":93,"column":57},"end":{"line":93,"column":77}}],"line":93}},"s":{"0":1,"1":1,"2":6,"3":0,"4":6,"5":6,"6":0,"7":0,"8":1,"9":6,"10":6,"11":6},"f":{"0":6,"1":6},"b":{"0":[0,6],"1":[6,0],"2":[0,0],"3":[4],"4":[4],"5":[6,0],"6":[6,0],"7":[6,0],"8":[6,0],"9":[6,2],"10":[1,1],"11":[1,1],"12":[1,1],"13":[1,1],"14":[1,1]},"_coverageSchema":"1a1c01bbd47fc00a2c39e90264f33305004495a9","hash":"df240f9f62e1f89f6f71498cbd66ec34dbd26f07"}
,"/Applications/React/Nexhala/asset-manager/asset-manager/src/components/Requests/RequestStatusBadge.tsx": {"path":"/Applications/React/Nexhala/asset-manager/asset-manager/src/components/Requests/RequestStatusBadge.tsx","statementMap":{"0":{"start":{"line":9,"column":21},"end":{"line":50,"column":1}},"1":{"start":{"line":52,"column":69},"end":{"line":74,"column":1}},"2":{"start":{"line":53,"column":17},"end":{"line":53,"column":37}},"3":{"start":{"line":56,"column":2},"end":{"line":65,"column":3}},"4":{"start":{"line":57,"column":4},"end":{"line":57,"column":54}},"5":{"start":{"line":58,"column":4},"end":{"line":64,"column":6}},"6":{"start":{"line":67,"column":2},"end":{"line":73,"column":4}}},"fnMap":{"0":{"name":"(anonymous_0)","decl":{"start":{"line":52,"column":69},"end":{"line":52,"column":70}},"loc":{"start":{"line":52,"column":85},"end":{"line":74,"column":1}},"line":52}},"branchMap":{"0":{"loc":{"start":{"line":56,"column":2},"end":{"line":65,"column":3}},"type":"if","locations":[{"start":{"line":56,"column":2},"end":{"line":65,"column":3}},{"start":{},"end":{}}],"line":56}},"s":{"0":1,"1":1,"2":6,"3":6,"4":0,"5":0,"6":6},"f":{"0":6},"b":{"0":[0,6]},"_coverageSchema":"1a1c01bbd47fc00a2c39e90264f33305004495a9","hash":"afa44055f2492a58af940e2e4adb5b4ed3496fe4"}
,"/Applications/React/Nexhala/asset-manager/asset-manager/src/store/selectors/activityLogSelectors.ts": {"path":"/Applications/React/Nexhala/asset-manager/asset-manager/src/store/selectors/activityLogSelectors.ts","statementMap":{"0":{"start":{"line":7,"column":38},"end":{"line":8,"column":19}},"1":{"start":{"line":8,"column":2},"end":{"line":8,"column":19}},"2":{"start":{"line":11,"column":34},"end":{"line":12,"column":24}},"3":{"start":{"line":12,"column":2},"end":{"line":12,"column":24}},"4":{"start":{"line":15,"column":38},"end":{"line":16,"column":43}},"5":{"start":{"line":16,"column":2},"end":{"line":16,"column":43}},"6":{"start":{"line":19,"column":44},"end":{"line":26,"column":1}},"7":{"start":{"line":20,"column":25},"end":{"line":20,"column":66}},"8":{"start":{"line":22,"column":4},"end":{"line":25,"column":5}},"9":{"start":{"line":24,"column":8},"end":{"line":24,"column":73}},"10":{"start":{"line":29,"column":40},"end":{"line":30,"column":27}},"11":{"start":{"line":30,"column":2},"end":{"line":30,"column":27}},"12":{"start":{"line":33,"column":44},"end":{"line":36,"column":1}},"13":{"start":{"line":35,"column":37},"end":{"line":35,"column":57}},"14":{"start":{"line":39,"column":40},"end":{"line":40,"column":27}},"15":{"start":{"line":40,"column":2},"end":{"line":40,"column":27}},"16":{"start":{"line":41,"column":44},"end":{"line":42,"column":31}},"17":{"start":{"line":42,"column":2},"end":{"line":42,"column":31}},"18":{"start":{"line":43,"column":46},"end":{"line":44,"column":33}},"19":{"start":{"line":44,"column":2},"end":{"line":44,"column":33}},"20":{"start":{"line":45,"column":39},"end":{"line":46,"column":37}},"21":{"start":{"line":46,"column":2},"end":{"line":46,"column":37}},"22":{"start":{"line":49,"column":38},"end":{"line":50,"column":25}},"23":{"start":{"line":50,"column":2},"end":{"line":50,"column":25}},"24":{"start":{"line":53,"column":33},"end":{"line":54,"column":27}},"25":{"start":{"line":54,"column":2},"end":{"line":54,"column":27}},"26":{"start":{"line":57,"column":36},"end":{"line":60,"column":3}},"27":{"start":{"line":58,"column":2},"end":{"line":60,"column":3}},"28":{"start":{"line":59,"column":4},"end":{"line":59,"column":57}},"29":{"start":{"line":59,"column":25},"end":{"line":59,"column":56}},"30":{"start":{"line":63,"column":32},"end":{"line":66,"column":3}},"31":{"start":{"line":64,"column":2},"end":{"line":66,"column":3}},"32":{"start":{"line":65,"column":4},"end":{"line":65,"column":47}},"33":{"start":{"line":65,"column":25},"end":{"line":65,"column":46}},"34":{"start":{"line":69,"column":38},"end":{"line":87,"column":1}},"35":{"start":{"line":75,"column":8},"end":{"line":78,"column":5}},"36":{"start":{"line":80,"column":4},"end":{"line":83,"column":7}},"37":{"start":{"line":81,"column":6},"end":{"line":82,"column":56}},"38":{"start":{"line":85,"column":4},"end":{"line":85,"column":17}}},"fnMap":{"0":{"name":"(anonymous_0)","decl":{"start":{"line":7,"column":38},"end":{"line":7,"column":39}},"loc":{"start":{"line":8,"column":2},"end":{"line":8,"column":19}},"line":8},"1":{"name":"(anonymous_1)","decl":{"start":{"line":11,"column":34},"end":{"line":11,"column":35}},"loc":{"start":{"line":12,"column":2},"end":{"line":12,"column":24}},"line":12},"2":{"name":"(anonymous_2)","decl":{"start":{"line":15,"column":38},"end":{"line":15,"column":39}},"loc":{"start":{"line":16,"column":2},"end":{"line":16,"column":43}},"line":16},"3":{"name":"(anonymous_3)","decl":{"start":{"line":20,"column":3},"end":{"line":20,"column":4}},"loc":{"start":{"line":20,"column":25},"end":{"line":20,"column":66}},"line":20},"4":{"name":"(anonymous_4)","decl":{"start":{"line":21,"column":2},"end":{"line":21,"column":3}},"loc":{"start":{"line":22,"column":4},"end":{"line":25,"column":5}},"line":22},"5":{"name":"(anonymous_5)","decl":{"start":{"line":23,"column":6},"end":{"line":23,"column":7}},"loc":{"start":{"line":24,"column":8},"end":{"line":24,"column":73}},"line":24},"6":{"name":"(anonymous_6)","decl":{"start":{"line":29,"column":40},"end":{"line":29,"column":41}},"loc":{"start":{"line":30,"column":2},"end":{"line":30,"column":27}},"line":30},"7":{"name":"(anonymous_7)","decl":{"start":{"line":35,"column":2},"end":{"line":35,"column":3}},"loc":{"start":{"line":35,"column":37},"end":{"line":35,"column":57}},"line":35},"8":{"name":"(anonymous_8)","decl":{"start":{"line":39,"column":40},"end":{"line":39,"column":41}},"loc":{"start":{"line":40,"column":2},"end":{"line":40,"column":27}},"line":40},"9":{"name":"(anonymous_9)","decl":{"start":{"line":41,"column":44},"end":{"line":41,"column":45}},"loc":{"start":{"line":42,"column":2},"end":{"line":42,"column":31}},"line":42},"10":{"name":"(anonymous_10)","decl":{"start":{"line":43,"column":46},"end":{"line":43,"column":47}},"loc":{"start":{"line":44,"column":2},"end":{"line":44,"column":33}},"line":44},"11":{"name":"(anonymous_11)","decl":{"start":{"line":45,"column":39},"end":{"line":45,"column":40}},"loc":{"start":{"line":46,"column":2},"end":{"line":46,"column":37}},"line":46},"12":{"name":"(anonymous_12)","decl":{"start":{"line":49,"column":38},"end":{"line":49,"column":39}},"loc":{"start":{"line":50,"column":2},"end":{"line":50,"column":25}},"line":50},"13":{"name":"(anonymous_13)","decl":{"start":{"line":53,"column":33},"end":{"line":53,"column":34}},"loc":{"start":{"line":54,"column":2},"end":{"line":54,"column":27}},"line":54},"14":{"name":"(anonymous_14)","decl":{"start":{"line":57,"column":36},"end":{"line":57,"column":37}},"loc":{"start":{"line":58,"column":2},"end":{"line":60,"column":3}},"line":58},"15":{"name":"(anonymous_15)","decl":{"start":{"line":58,"column":39},"end":{"line":58,"column":40}},"loc":{"start":{"line":59,"column":4},"end":{"line":59,"column":57}},"line":59},"16":{"name":"(anonymous_16)","decl":{"start":{"line":59,"column":16},"end":{"line":59,"column":17}},"loc":{"start":{"line":59,"column":25},"end":{"line":59,"column":56}},"line":59},"17":{"name":"(anonymous_17)","decl":{"start":{"line":63,"column":32},"end":{"line":63,"column":33}},"loc":{"start":{"line":64,"column":2},"end":{"line":66,"column":3}},"line":64},"18":{"name":"(anonymous_18)","decl":{"start":{"line":64,"column":39},"end":{"line":64,"column":40}},"loc":{"start":{"line":65,"column":4},"end":{"line":65,"column":47}},"line":65},"19":{"name":"(anonymous_19)","decl":{"start":{"line":65,"column":16},"end":{"line":65,"column":17}},"loc":{"start":{"line":65,"column":25},"end":{"line":65,"column":46}},"line":65},"20":{"name":"(anonymous_20)","decl":{"start":{"line":71,"column":2},"end":{"line":71,"column":3}},"loc":{"start":{"line":71,"column":12},"end":{"line":86,"column":3}},"line":71},"21":{"name":"(anonymous_21)","decl":{"start":{"line":80,"column":17},"end":{"line":80,"column":18}},"loc":{"start":{"line":80,"column":26},"end":{"line":83,"column":5}},"line":80}},"branchMap":{"0":{"loc":{"start":{"line":16,"column":2},"end":{"line":16,"column":43}},"type":"binary-expr","locations":[{"start":{"line":16,"column":2},"end":{"line":16,"column":37}},{"start":{"line":16,"column":41},"end":{"line":16,"column":43}}],"line":16},"1":{"loc":{"start":{"line":20,"column":25},"end":{"line":20,"column":66}},"type":"binary-expr","locations":[{"start":{"line":20,"column":25},"end":{"line":20,"column":60}},{"start":{"line":20,"column":64},"end":{"line":20,"column":66}}],"line":20},"2":{"loc":{"start":{"line":82,"column":9},"end":{"line":82,"column":50}},"type":"binary-expr","locations":[{"start":{"line":82,"column":9},"end":{"line":82,"column":45}},{"start":{"line":82,"column":49},"end":{"line":82,"column":50}}],"line":82}},"s":{"0":1,"1":0,"2":1,"3":7,"4":1,"5":1,"6":1,"7":2,"8":1,"9":4,"10":1,"11":1,"12":1,"13":0,"14":1,"15":1,"16":1,"17":1,"18":1,"19":1,"20":1,"21":1,"22":1,"23":1,"24":1,"25":1,"26":1,"27":1,"28":1,"29":3,"30":1,"31":1,"32":1,"33":3,"34":1,"35":1,"36":1,"37":3,"38":1},"f":{"0":0,"1":7,"2":1,"3":2,"4":1,"5":4,"6":1,"7":0,"8":1,"9":1,"10":1,"11":1,"12":1,"13":1,"14":1,"15":1,"16":3,"17":1,"18":1,"19":3,"20":1,"21":3},"b":{"0":[1,0],"1":[2,0],"2":[3,2]},"_coverageSchema":"1a1c01bbd47fc00a2c39e90264f33305004495a9","hash":"31b3cf25fc86c7f17436d36283177bdaec5c8e5e"}
,"/Applications/React/Nexhala/asset-manager/asset-manager/src/store/selectors/authSelectors.ts": {"path":"/Applications/React/Nexhala/asset-manager/asset-manager/src/store/selectors/authSelectors.ts","statementMap":{"0":{"start":{"line":5,"column":24},"end":{"line":5,"column":56}},"1":{"start":{"line":5,"column":46},"end":{"line":5,"column":56}},"2":{"start":{"line":7,"column":33},"end":{"line":10,"column":1}},"3":{"start":{"line":9,"column":12},"end":{"line":9,"column":21}},"4":{"start":{"line":12,"column":37},"end":{"line":15,"column":1}},"5":{"start":{"line":14,"column":12},"end":{"line":14,"column":32}},"6":{"start":{"line":17,"column":33},"end":{"line":20,"column":1}},"7":{"start":{"line":19,"column":12},"end":{"line":19,"column":26}},"8":{"start":{"line":22,"column":33},"end":{"line":25,"column":1}},"9":{"start":{"line":24,"column":12},"end":{"line":24,"column":30}},"10":{"start":{"line":27,"column":34},"end":{"line":30,"column":1}},"11":{"start":{"line":29,"column":12},"end":{"line":29,"column":64}},"12":{"start":{"line":32,"column":31},"end":{"line":35,"column":1}},"13":{"start":{"line":34,"column":12},"end":{"line":34,"column":22}},"14":{"start":{"line":37,"column":31},"end":{"line":40,"column":1}},"15":{"start":{"line":39,"column":12},"end":{"line":39,"column":31}},"16":{"start":{"line":42,"column":37},"end":{"line":45,"column":1}},"17":{"start":{"line":44,"column":12},"end":{"line":44,"column":52}},"18":{"start":{"line":47,"column":28},"end":{"line":50,"column":1}},"19":{"start":{"line":49,"column":12},"end":{"line":49,"column":34}},"20":{"start":{"line":52,"column":30},"end":{"line":55,"column":1}},"21":{"start":{"line":54,"column":12},"end":{"line":54,"column":25}},"22":{"start":{"line":57,"column":34},"end":{"line":60,"column":1}},"23":{"start":{"line":59,"column":12},"end":{"line":59,"column":30}},"24":{"start":{"line":62,"column":30},"end":{"line":65,"column":1}},"25":{"start":{"line":64,"column":12},"end":{"line":64,"column":34}},"26":{"start":{"line":67,"column":37},"end":{"line":70,"column":1}},"27":{"start":{"line":69,"column":12},"end":{"line":69,"column":35}},"28":{"start":{"line":72,"column":29},"end":{"line":75,"column":1}},"29":{"start":{"line":74,"column":12},"end":{"line":74,"column":28}},"30":{"start":{"line":77,"column":37},"end":{"line":80,"column":1}},"31":{"start":{"line":79,"column":12},"end":{"line":79,"column":36}},"32":{"start":{"line":82,"column":35},"end":{"line":85,"column":1}},"33":{"start":{"line":84,"column":12},"end":{"line":84,"column":34}},"34":{"start":{"line":87,"column":35},"end":{"line":91,"column":3}},"35":{"start":{"line":88,"column":2},"end":{"line":91,"column":3}},"36":{"start":{"line":90,"column":35},"end":{"line":90,"column":67}}},"fnMap":{"0":{"name":"(anonymous_0)","decl":{"start":{"line":5,"column":24},"end":{"line":5,"column":25}},"loc":{"start":{"line":5,"column":46},"end":{"line":5,"column":56}},"line":5},"1":{"name":"(anonymous_1)","decl":{"start":{"line":9,"column":2},"end":{"line":9,"column":3}},"loc":{"start":{"line":9,"column":12},"end":{"line":9,"column":21}},"line":9},"2":{"name":"(anonymous_2)","decl":{"start":{"line":14,"column":2},"end":{"line":14,"column":3}},"loc":{"start":{"line":14,"column":12},"end":{"line":14,"column":32}},"line":14},"3":{"name":"(anonymous_3)","decl":{"start":{"line":19,"column":2},"end":{"line":19,"column":3}},"loc":{"start":{"line":19,"column":12},"end":{"line":19,"column":26}},"line":19},"4":{"name":"(anonymous_4)","decl":{"start":{"line":24,"column":2},"end":{"line":24,"column":3}},"loc":{"start":{"line":24,"column":12},"end":{"line":24,"column":30}},"line":24},"5":{"name":"(anonymous_5)","decl":{"start":{"line":29,"column":2},"end":{"line":29,"column":3}},"loc":{"start":{"line":29,"column":12},"end":{"line":29,"column":64}},"line":29},"6":{"name":"(anonymous_6)","decl":{"start":{"line":34,"column":2},"end":{"line":34,"column":3}},"loc":{"start":{"line":34,"column":12},"end":{"line":34,"column":22}},"line":34},"7":{"name":"(anonymous_7)","decl":{"start":{"line":39,"column":2},"end":{"line":39,"column":3}},"loc":{"start":{"line":39,"column":12},"end":{"line":39,"column":31}},"line":39},"8":{"name":"(anonymous_8)","decl":{"start":{"line":44,"column":2},"end":{"line":44,"column":3}},"loc":{"start":{"line":44,"column":12},"end":{"line":44,"column":52}},"line":44},"9":{"name":"(anonymous_9)","decl":{"start":{"line":49,"column":2},"end":{"line":49,"column":3}},"loc":{"start":{"line":49,"column":12},"end":{"line":49,"column":34}},"line":49},"10":{"name":"(anonymous_10)","decl":{"start":{"line":54,"column":2},"end":{"line":54,"column":3}},"loc":{"start":{"line":54,"column":12},"end":{"line":54,"column":25}},"line":54},"11":{"name":"(anonymous_11)","decl":{"start":{"line":59,"column":2},"end":{"line":59,"column":3}},"loc":{"start":{"line":59,"column":12},"end":{"line":59,"column":30}},"line":59},"12":{"name":"(anonymous_12)","decl":{"start":{"line":64,"column":2},"end":{"line":64,"column":3}},"loc":{"start":{"line":64,"column":12},"end":{"line":64,"column":34}},"line":64},"13":{"name":"(anonymous_13)","decl":{"start":{"line":69,"column":2},"end":{"line":69,"column":3}},"loc":{"start":{"line":69,"column":12},"end":{"line":69,"column":35}},"line":69},"14":{"name":"(anonymous_14)","decl":{"start":{"line":74,"column":2},"end":{"line":74,"column":3}},"loc":{"start":{"line":74,"column":12},"end":{"line":74,"column":28}},"line":74},"15":{"name":"(anonymous_15)","decl":{"start":{"line":79,"column":2},"end":{"line":79,"column":3}},"loc":{"start":{"line":79,"column":12},"end":{"line":79,"column":36}},"line":79},"16":{"name":"(anonymous_16)","decl":{"start":{"line":84,"column":2},"end":{"line":84,"column":3}},"loc":{"start":{"line":84,"column":12},"end":{"line":84,"column":34}},"line":84},"17":{"name":"(anonymous_17)","decl":{"start":{"line":87,"column":35},"end":{"line":87,"column":36}},"loc":{"start":{"line":88,"column":2},"end":{"line":91,"column":3}},"line":88},"18":{"name":"(anonymous_18)","decl":{"start":{"line":90,"column":4},"end":{"line":90,"column":5}},"loc":{"start":{"line":90,"column":35},"end":{"line":90,"column":67}},"line":90}},"branchMap":{"0":{"loc":{"start":{"line":29,"column":12},"end":{"line":29,"column":64}},"type":"cond-expr","locations":[{"start":{"line":29,"column":35},"end":{"line":29,"column":57}},{"start":{"line":29,"column":60},"end":{"line":29,"column":64}}],"line":29},"1":{"loc":{"start":{"line":39,"column":12},"end":{"line":39,"column":31}},"type":"binary-expr","locations":[{"start":{"line":39,"column":12},"end":{"line":39,"column":23}},{"start":{"line":39,"column":27},"end":{"line":39,"column":31}}],"line":39},"2":{"loc":{"start":{"line":44,"column":12},"end":{"line":44,"column":52}},"type":"binary-expr","locations":[{"start":{"line":44,"column":12},"end":{"line":44,"column":29}},{"start":{"line":44,"column":33},"end":{"line":44,"column":44}},{"start":{"line":44,"column":48},"end":{"line":44,"column":52}}],"line":44},"3":{"loc":{"start":{"line":49,"column":12},"end":{"line":49,"column":34}},"type":"binary-expr","locations":[{"start":{"line":49,"column":12},"end":{"line":49,"column":26}},{"start":{"line":49,"column":30},"end":{"line":49,"column":34}}],"line":49},"4":{"loc":{"start":{"line":59,"column":12},"end":{"line":59,"column":30}},"type":"binary-expr","locations":[{"start":{"line":59,"column":12},"end":{"line":59,"column":22}},{"start":{"line":59,"column":26},"end":{"line":59,"column":30}}],"line":59},"5":{"loc":{"start":{"line":64,"column":12},"end":{"line":64,"column":34}},"type":"binary-expr","locations":[{"start":{"line":64,"column":12},"end":{"line":64,"column":26}},{"start":{"line":64,"column":30},"end":{"line":64,"column":34}}],"line":64},"6":{"loc":{"start":{"line":69,"column":12},"end":{"line":69,"column":35}},"type":"binary-expr","locations":[{"start":{"line":69,"column":12},"end":{"line":69,"column":29}},{"start":{"line":69,"column":33},"end":{"line":69,"column":35}}],"line":69}},"s":{"0":1,"1":16,"2":1,"3":2,"4":1,"5":1,"6":1,"7":0,"8":1,"9":0,"10":1,"11":0,"12":1,"13":1,"14":1,"15":0,"16":1,"17":2,"18":1,"19":2,"20":1,"21":5,"22":1,"23":4,"24":1,"25":0,"26":1,"27":0,"28":1,"29":2,"30":1,"31":1,"32":1,"33":1,"34":1,"35":0,"36":0},"f":{"0":16,"1":2,"2":1,"3":0,"4":0,"5":0,"6":1,"7":0,"8":2,"9":2,"10":5,"11":4,"12":0,"13":0,"14":2,"15":1,"16":1,"17":0,"18":0},"b":{"0":[0,0],"1":[0,0],"2":[2,1,0],"3":[2,1],"4":[4,0],"5":[0,0],"6":[0,0]},"_coverageSchema":"1a1c01bbd47fc00a2c39e90264f33305004495a9","hash":"c257af3c32e5da0209a9abb1ba8df978b8b73022"}
,"/Applications/React/Nexhala/asset-manager/asset-manager/src/store/selectors/inventorySelectors.ts": {"path":"/Applications/React/Nexhala/asset-manager/asset-manager/src/store/selectors/inventorySelectors.ts","statementMap":{"0":{"start":{"line":6,"column":42},"end":{"line":6,"column":44}},"1":{"start":{"line":9,"column":29},"end":{"line":9,"column":66}},"2":{"start":{"line":9,"column":51},"end":{"line":9,"column":66}},"3":{"start":{"line":12,"column":30},"end":{"line":15,"column":1}},"4":{"start":{"line":14,"column":22},"end":{"line":14,"column":42}},"5":{"start":{"line":17,"column":34},"end":{"line":20,"column":1}},"6":{"start":{"line":19,"column":22},"end":{"line":19,"column":44}},"7":{"start":{"line":22,"column":32},"end":{"line":25,"column":1}},"8":{"start":{"line":24,"column":22},"end":{"line":24,"column":42}},"9":{"start":{"line":28,"column":36},"end":{"line":28,"column":52}},"10":{"start":{"line":30,"column":34},"end":{"line":33,"column":1}},"11":{"start":{"line":32,"column":22},"end":{"line":32,"column":44}},"12":{"start":{"line":36,"column":30},"end":{"line":40,"column":3}},"13":{"start":{"line":37,"column":2},"end":{"line":40,"column":3}},"14":{"start":{"line":39,"column":15},"end":{"line":39,"column":63}},"15":{"start":{"line":39,"column":36},"end":{"line":39,"column":54}},"16":{"start":{"line":43,"column":37},"end":{"line":47,"column":3}},"17":{"start":{"line":44,"column":2},"end":{"line":47,"column":3}},"18":{"start":{"line":46,"column":15},"end":{"line":46,"column":69}},"19":{"start":{"line":46,"column":38},"end":{"line":46,"column":68}},"20":{"start":{"line":49,"column":33},"end":{"line":53,"column":3}},"21":{"start":{"line":50,"column":2},"end":{"line":53,"column":3}},"22":{"start":{"line":52,"column":15},"end":{"line":52,"column":57}},"23":{"start":{"line":52,"column":38},"end":{"line":52,"column":56}},"24":{"start":{"line":55,"column":35},"end":{"line":59,"column":3}},"25":{"start":{"line":56,"column":2},"end":{"line":59,"column":3}},"26":{"start":{"line":58,"column":15},"end":{"line":58,"column":61}},"27":{"start":{"line":58,"column":38},"end":{"line":58,"column":60}},"28":{"start":{"line":61,"column":33},"end":{"line":64,"column":1}},"29":{"start":{"line":63,"column":13},"end":{"line":63,"column":61}},"30":{"start":{"line":63,"column":36},"end":{"line":63,"column":60}},"31":{"start":{"line":66,"column":39},"end":{"line":69,"column":1}},"32":{"start":{"line":68,"column":13},"end":{"line":68,"column":67}},"33":{"start":{"line":68,"column":36},"end":{"line":68,"column":66}},"34":{"start":{"line":71,"column":37},"end":{"line":74,"column":1}},"35":{"start":{"line":73,"column":13},"end":{"line":73,"column":63}},"36":{"start":{"line":73,"column":36},"end":{"line":73,"column":62}},"37":{"start":{"line":76,"column":40},"end":{"line":79,"column":1}},"38":{"start":{"line":78,"column":13},"end":{"line":78,"column":67}},"39":{"start":{"line":78,"column":36},"end":{"line":78,"column":66}},"40":{"start":{"line":82,"column":37},"end":{"line":85,"column":1}},"41":{"start":{"line":84,"column":22},"end":{"line":84,"column":52}},"42":{"start":{"line":87,"column":35},"end":{"line":90,"column":1}},"43":{"start":{"line":89,"column":26},"end":{"line":89,"column":79}},"44":{"start":{"line":89,"column":49},"end":{"line":89,"column":78}},"45":{"start":{"line":92,"column":35},"end":{"line":95,"column":1}},"46":{"start":{"line":94,"column":19},"end":{"line":94,"column":37}},"47":{"start":{"line":98,"column":35},"end":{"line":101,"column":1}},"48":{"start":{"line":100,"column":22},"end":{"line":100,"column":47}},"49":{"start":{"line":103,"column":39},"end":{"line":106,"column":1}},"50":{"start":{"line":105,"column":22},"end":{"line":105,"column":44}},"51":{"start":{"line":108,"column":34},"end":{"line":112,"column":3}},"52":{"start":{"line":109,"column":2},"end":{"line":112,"column":3}},"53":{"start":{"line":111,"column":20},"end":{"line":111,"column":75}},"54":{"start":{"line":111,"column":45},"end":{"line":111,"column":66}},"55":{"start":{"line":115,"column":41},"end":{"line":119,"column":3}},"56":{"start":{"line":116,"column":2},"end":{"line":119,"column":3}},"57":{"start":{"line":118,"column":24},"end":{"line":118,"column":89}},"58":{"start":{"line":122,"column":36},"end":{"line":122,"column":74}},"59":{"start":{"line":122,"column":59},"end":{"line":122,"column":74}},"60":{"start":{"line":124,"column":44},"end":{"line":127,"column":1}},"61":{"start":{"line":126,"column":22},"end":{"line":126,"column":56}},"62":{"start":{"line":130,"column":35},"end":{"line":164,"column":1}},"63":{"start":{"line":133,"column":4},"end":{"line":135,"column":5}},"64":{"start":{"line":134,"column":6},"end":{"line":134,"column":19}},"65":{"start":{"line":137,"column":19},"end":{"line":137,"column":24}},"66":{"start":{"line":140,"column":4},"end":{"line":142,"column":5}},"67":{"start":{"line":141,"column":6},"end":{"line":141,"column":83}},"68":{"start":{"line":141,"column":43},"end":{"line":141,"column":81}},"69":{"start":{"line":145,"column":4},"end":{"line":147,"column":5}},"70":{"start":{"line":146,"column":6},"end":{"line":146,"column":71}},"71":{"start":{"line":146,"column":43},"end":{"line":146,"column":69}},"72":{"start":{"line":150,"column":4},"end":{"line":152,"column":5}},"73":{"start":{"line":151,"column":6},"end":{"line":151,"column":75}},"74":{"start":{"line":151,"column":43},"end":{"line":151,"column":73}},"75":{"start":{"line":155,"column":4},"end":{"line":160,"column":5}},"76":{"start":{"line":156,"column":6},"end":{"line":159,"column":8}},"77":{"start":{"line":158,"column":10},"end":{"line":158,"column":64}},"78":{"start":{"line":162,"column":4},"end":{"line":162,"column":20}},"79":{"start":{"line":166,"column":43},"end":{"line":170,"column":1}},"80":{"start":{"line":169,"column":4},"end":{"line":169,"column":65}},"81":{"start":{"line":169,"column":35},"end":{"line":169,"column":64}},"82":{"start":{"line":173,"column":26},"end":{"line":173,"column":80}},"83":{"start":{"line":173,"column":69},"end":{"line":173,"column":80}},"84":{"start":{"line":176,"column":40},"end":{"line":194,"column":1}},"85":{"start":{"line":179,"column":25},"end":{"line":179,"column":50}},"86":{"start":{"line":181,"column":4},"end":{"line":183,"column":5}},"87":{"start":{"line":182,"column":6},"end":{"line":182,"column":19}},"88":{"start":{"line":185,"column":23},"end":{"line":185,"column":49}},"89":{"start":{"line":186,"column":4},"end":{"line":192,"column":6}},"90":{"start":{"line":188,"column":8},"end":{"line":191,"column":68}},"91":{"start":{"line":197,"column":47},"end":{"line":216,"column":3}},"92":{"start":{"line":198,"column":2},"end":{"line":216,"column":3}},"93":{"start":{"line":201,"column":27},"end":{"line":201,"column":52}},"94":{"start":{"line":203,"column":6},"end":{"line":205,"column":7}},"95":{"start":{"line":204,"column":8},"end":{"line":204,"column":21}},"96":{"start":{"line":207,"column":25},"end":{"line":207,"column":51}},"97":{"start":{"line":208,"column":6},"end":{"line":214,"column":8}},"98":{"start":{"line":210,"column":10},"end":{"line":213,"column":70}},"99":{"start":{"line":219,"column":46},"end":{"line":231,"column":1}},"100":{"start":{"line":223,"column":4},"end":{"line":225,"column":5}},"101":{"start":{"line":224,"column":6},"end":{"line":224,"column":27}},"102":{"start":{"line":228,"column":24},"end":{"line":228,"column":69}},"103":{"start":{"line":228,"column":60},"end":{"line":228,"column":67}},"104":{"start":{"line":229,"column":4},"end":{"line":229,"column":68}},"105":{"start":{"line":229,"column":42},"end":{"line":229,"column":66}},"106":{"start":{"line":234,"column":37},"end":{"line":237,"column":1}},"107":{"start":{"line":236,"column":13},"end":{"line":236,"column":25}},"108":{"start":{"line":239,"column":38},"end":{"line":242,"column":1}},"109":{"start":{"line":241,"column":19},"end":{"line":241,"column":37}},"110":{"start":{"line":244,"column":42},"end":{"line":247,"column":1}},"111":{"start":{"line":246,"column":23},"end":{"line":246,"column":45}},"112":{"start":{"line":249,"column":45},"end":{"line":252,"column":1}},"113":{"start":{"line":251,"column":26},"end":{"line":251,"column":51}},"114":{"start":{"line":254,"column":42},"end":{"line":257,"column":1}},"115":{"start":{"line":256,"column":18},"end":{"line":256,"column":35}},"116":{"start":{"line":260,"column":47},"end":{"line":280,"column":3}},"117":{"start":{"line":261,"column":2},"end":{"line":280,"column":3}},"118":{"start":{"line":264,"column":25},"end":{"line":264,"column":41}},"119":{"start":{"line":265,"column":28},"end":{"line":265,"column":85}},"120":{"start":{"line":265,"column":61},"end":{"line":265,"column":81}},"121":{"start":{"line":266,"column":30},"end":{"line":272,"column":14}},"122":{"start":{"line":270,"column":10},"end":{"line":270,"column":22}},"123":{"start":{"line":274,"column":6},"end":{"line":278,"column":8}}},"fnMap":{"0":{"name":"(anonymous_0)","decl":{"start":{"line":9,"column":29},"end":{"line":9,"column":30}},"loc":{"start":{"line":9,"column":51},"end":{"line":9,"column":66}},"line":9},"1":{"name":"(anonymous_1)","decl":{"start":{"line":14,"column":2},"end":{"line":14,"column":3}},"loc":{"start":{"line":14,"column":22},"end":{"line":14,"column":42}},"line":14},"2":{"name":"(anonymous_2)","decl":{"start":{"line":19,"column":2},"end":{"line":19,"column":3}},"loc":{"start":{"line":19,"column":22},"end":{"line":19,"column":44}},"line":19},"3":{"name":"(anonymous_3)","decl":{"start":{"line":24,"column":2},"end":{"line":24,"column":3}},"loc":{"start":{"line":24,"column":22},"end":{"line":24,"column":42}},"line":24},"4":{"name":"(anonymous_4)","decl":{"start":{"line":32,"column":2},"end":{"line":32,"column":3}},"loc":{"start":{"line":32,"column":22},"end":{"line":32,"column":44}},"line":32},"5":{"name":"(anonymous_5)","decl":{"start":{"line":36,"column":30},"end":{"line":36,"column":31}},"loc":{"start":{"line":37,"column":2},"end":{"line":40,"column":3}},"line":37},"6":{"name":"(anonymous_6)","decl":{"start":{"line":39,"column":4},"end":{"line":39,"column":5}},"loc":{"start":{"line":39,"column":15},"end":{"line":39,"column":63}},"line":39},"7":{"name":"(anonymous_7)","decl":{"start":{"line":39,"column":26},"end":{"line":39,"column":27}},"loc":{"start":{"line":39,"column":36},"end":{"line":39,"column":54}},"line":39},"8":{"name":"(anonymous_8)","decl":{"start":{"line":43,"column":37},"end":{"line":43,"column":38}},"loc":{"start":{"line":44,"column":2},"end":{"line":47,"column":3}},"line":44},"9":{"name":"(anonymous_9)","decl":{"start":{"line":46,"column":4},"end":{"line":46,"column":5}},"loc":{"start":{"line":46,"column":15},"end":{"line":46,"column":69}},"line":46},"10":{"name":"(anonymous_10)","decl":{"start":{"line":46,"column":28},"end":{"line":46,"column":29}},"loc":{"start":{"line":46,"column":38},"end":{"line":46,"column":68}},"line":46},"11":{"name":"(anonymous_11)","decl":{"start":{"line":49,"column":33},"end":{"line":49,"column":34}},"loc":{"start":{"line":50,"column":2},"end":{"line":53,"column":3}},"line":50},"12":{"name":"(anonymous_12)","decl":{"start":{"line":52,"column":4},"end":{"line":52,"column":5}},"loc":{"start":{"line":52,"column":15},"end":{"line":52,"column":57}},"line":52},"13":{"name":"(anonymous_13)","decl":{"start":{"line":52,"column":28},"end":{"line":52,"column":29}},"loc":{"start":{"line":52,"column":38},"end":{"line":52,"column":56}},"line":52},"14":{"name":"(anonymous_14)","decl":{"start":{"line":55,"column":35},"end":{"line":55,"column":36}},"loc":{"start":{"line":56,"column":2},"end":{"line":59,"column":3}},"line":56},"15":{"name":"(anonymous_15)","decl":{"start":{"line":58,"column":4},"end":{"line":58,"column":5}},"loc":{"start":{"line":58,"column":15},"end":{"line":58,"column":61}},"line":58},"16":{"name":"(anonymous_16)","decl":{"start":{"line":58,"column":28},"end":{"line":58,"column":29}},"loc":{"start":{"line":58,"column":38},"end":{"line":58,"column":60}},"line":58},"17":{"name":"(anonymous_17)","decl":{"start":{"line":63,"column":2},"end":{"line":63,"column":3}},"loc":{"start":{"line":63,"column":13},"end":{"line":63,"column":61}},"line":63},"18":{"name":"(anonymous_18)","decl":{"start":{"line":63,"column":26},"end":{"line":63,"column":27}},"loc":{"start":{"line":63,"column":36},"end":{"line":63,"column":60}},"line":63},"19":{"name":"(anonymous_19)","decl":{"start":{"line":68,"column":2},"end":{"line":68,"column":3}},"loc":{"start":{"line":68,"column":13},"end":{"line":68,"column":67}},"line":68},"20":{"name":"(anonymous_20)","decl":{"start":{"line":68,"column":26},"end":{"line":68,"column":27}},"loc":{"start":{"line":68,"column":36},"end":{"line":68,"column":66}},"line":68},"21":{"name":"(anonymous_21)","decl":{"start":{"line":73,"column":2},"end":{"line":73,"column":3}},"loc":{"start":{"line":73,"column":13},"end":{"line":73,"column":63}},"line":73},"22":{"name":"(anonymous_22)","decl":{"start":{"line":73,"column":26},"end":{"line":73,"column":27}},"loc":{"start":{"line":73,"column":36},"end":{"line":73,"column":62}},"line":73},"23":{"name":"(anonymous_23)","decl":{"start":{"line":78,"column":2},"end":{"line":78,"column":3}},"loc":{"start":{"line":78,"column":13},"end":{"line":78,"column":67}},"line":78},"24":{"name":"(anonymous_24)","decl":{"start":{"line":78,"column":26},"end":{"line":78,"column":27}},"loc":{"start":{"line":78,"column":36},"end":{"line":78,"column":66}},"line":78},"25":{"name":"(anonymous_25)","decl":{"start":{"line":84,"column":2},"end":{"line":84,"column":3}},"loc":{"start":{"line":84,"column":22},"end":{"line":84,"column":52}},"line":84},"26":{"name":"(anonymous_26)","decl":{"start":{"line":89,"column":2},"end":{"line":89,"column":3}},"loc":{"start":{"line":89,"column":26},"end":{"line":89,"column":79}},"line":89},"27":{"name":"(anonymous_27)","decl":{"start":{"line":89,"column":39},"end":{"line":89,"column":40}},"loc":{"start":{"line":89,"column":49},"end":{"line":89,"column":78}},"line":89},"28":{"name":"(anonymous_28)","decl":{"start":{"line":94,"column":2},"end":{"line":94,"column":3}},"loc":{"start":{"line":94,"column":19},"end":{"line":94,"column":37}},"line":94},"29":{"name":"(anonymous_29)","decl":{"start":{"line":100,"column":2},"end":{"line":100,"column":3}},"loc":{"start":{"line":100,"column":22},"end":{"line":100,"column":47}},"line":100},"30":{"name":"(anonymous_30)","decl":{"start":{"line":105,"column":2},"end":{"line":105,"column":3}},"loc":{"start":{"line":105,"column":22},"end":{"line":105,"column":44}},"line":105},"31":{"name":"(anonymous_31)","decl":{"start":{"line":108,"column":34},"end":{"line":108,"column":35}},"loc":{"start":{"line":109,"column":2},"end":{"line":112,"column":3}},"line":109},"32":{"name":"(anonymous_32)","decl":{"start":{"line":111,"column":4},"end":{"line":111,"column":5}},"loc":{"start":{"line":111,"column":20},"end":{"line":111,"column":75}},"line":111},"33":{"name":"(anonymous_33)","decl":{"start":{"line":111,"column":36},"end":{"line":111,"column":37}},"loc":{"start":{"line":111,"column":45},"end":{"line":111,"column":66}},"line":111},"34":{"name":"(anonymous_34)","decl":{"start":{"line":115,"column":41},"end":{"line":115,"column":42}},"loc":{"start":{"line":116,"column":2},"end":{"line":119,"column":3}},"line":116},"35":{"name":"(anonymous_35)","decl":{"start":{"line":118,"column":4},"end":{"line":118,"column":5}},"loc":{"start":{"line":118,"column":24},"end":{"line":118,"column":89}},"line":118},"36":{"name":"(anonymous_36)","decl":{"start":{"line":122,"column":36},"end":{"line":122,"column":37}},"loc":{"start":{"line":122,"column":59},"end":{"line":122,"column":74}},"line":122},"37":{"name":"(anonymous_37)","decl":{"start":{"line":126,"column":2},"end":{"line":126,"column":3}},"loc":{"start":{"line":126,"column":22},"end":{"line":126,"column":56}},"line":126},"38":{"name":"(anonymous_38)","decl":{"start":{"line":132,"column":2},"end":{"line":132,"column":3}},"loc":{"start":{"line":132,"column":22},"end":{"line":163,"column":3}},"line":132},"39":{"name":"(anonymous_39)","decl":{"start":{"line":141,"column":33},"end":{"line":141,"column":34}},"loc":{"start":{"line":141,"column":43},"end":{"line":141,"column":81}},"line":141},"40":{"name":"(anonymous_40)","decl":{"start":{"line":146,"column":33},"end":{"line":146,"column":34}},"loc":{"start":{"line":146,"column":43},"end":{"line":146,"column":69}},"line":146},"41":{"name":"(anonymous_41)","decl":{"start":{"line":151,"column":33},"end":{"line":151,"column":34}},"loc":{"start":{"line":151,"column":43},"end":{"line":151,"column":73}},"line":151},"42":{"name":"(anonymous_42)","decl":{"start":{"line":157,"column":8},"end":{"line":157,"column":9}},"loc":{"start":{"line":158,"column":10},"end":{"line":158,"column":64}},"line":158},"43":{"name":"(anonymous_43)","decl":{"start":{"line":168,"column":2},"end":{"line":168,"column":3}},"loc":{"start":{"line":169,"column":4},"end":{"line":169,"column":65}},"line":169},"44":{"name":"(anonymous_44)","decl":{"start":{"line":169,"column":25},"end":{"line":169,"column":26}},"loc":{"start":{"line":169,"column":35},"end":{"line":169,"column":64}},"line":169},"45":{"name":"(anonymous_45)","decl":{"start":{"line":173,"column":26},"end":{"line":173,"column":27}},"loc":{"start":{"line":173,"column":69},"end":{"line":173,"column":80}},"line":173},"46":{"name":"(anonymous_46)","decl":{"start":{"line":178,"column":2},"end":{"line":178,"column":3}},"loc":{"start":{"line":178,"column":26},"end":{"line":193,"column":3}},"line":178},"47":{"name":"(anonymous_47)","decl":{"start":{"line":187,"column":6},"end":{"line":187,"column":7}},"loc":{"start":{"line":188,"column":8},"end":{"line":191,"column":68}},"line":188},"48":{"name":"(anonymous_48)","decl":{"start":{"line":197,"column":47},"end":{"line":197,"column":48}},"loc":{"start":{"line":198,"column":2},"end":{"line":216,"column":3}},"line":198},"49":{"name":"(anonymous_49)","decl":{"start":{"line":200,"column":4},"end":{"line":200,"column":5}},"loc":{"start":{"line":200,"column":15},"end":{"line":215,"column":5}},"line":200},"50":{"name":"(anonymous_50)","decl":{"start":{"line":209,"column":8},"end":{"line":209,"column":9}},"loc":{"start":{"line":210,"column":10},"end":{"line":213,"column":70}},"line":210},"51":{"name":"(anonymous_51)","decl":{"start":{"line":221,"column":2},"end":{"line":221,"column":3}},"loc":{"start":{"line":221,"column":36},"end":{"line":230,"column":3}},"line":221},"52":{"name":"(anonymous_52)","decl":{"start":{"line":228,"column":50},"end":{"line":228,"column":51}},"loc":{"start":{"line":228,"column":60},"end":{"line":228,"column":67}},"line":228},"53":{"name":"(anonymous_53)","decl":{"start":{"line":229,"column":32},"end":{"line":229,"column":33}},"loc":{"start":{"line":229,"column":42},"end":{"line":229,"column":66}},"line":229},"54":{"name":"(anonymous_54)","decl":{"start":{"line":236,"column":2},"end":{"line":236,"column":3}},"loc":{"start":{"line":236,"column":13},"end":{"line":236,"column":25}},"line":236},"55":{"name":"(anonymous_55)","decl":{"start":{"line":241,"column":2},"end":{"line":241,"column":3}},"loc":{"start":{"line":241,"column":19},"end":{"line":241,"column":37}},"line":241},"56":{"name":"(anonymous_56)","decl":{"start":{"line":246,"column":2},"end":{"line":246,"column":3}},"loc":{"start":{"line":246,"column":23},"end":{"line":246,"column":45}},"line":246},"57":{"name":"(anonymous_57)","decl":{"start":{"line":251,"column":2},"end":{"line":251,"column":3}},"loc":{"start":{"line":251,"column":26},"end":{"line":251,"column":51}},"line":251},"58":{"name":"(anonymous_58)","decl":{"start":{"line":256,"column":2},"end":{"line":256,"column":3}},"loc":{"start":{"line":256,"column":18},"end":{"line":256,"column":35}},"line":256},"59":{"name":"(anonymous_59)","decl":{"start":{"line":260,"column":47},"end":{"line":260,"column":48}},"loc":{"start":{"line":261,"column":2},"end":{"line":280,"column":3}},"line":261},"60":{"name":"(anonymous_60)","decl":{"start":{"line":263,"column":4},"end":{"line":263,"column":5}},"loc":{"start":{"line":263,"column":19},"end":{"line":279,"column":5}},"line":263},"61":{"name":"(anonymous_61)","decl":{"start":{"line":265,"column":45},"end":{"line":265,"column":46}},"loc":{"start":{"line":265,"column":61},"end":{"line":265,"column":81}},"line":265},"62":{"name":"(anonymous_62)","decl":{"start":{"line":267,"column":8},"end":{"line":267,"column":9}},"loc":{"start":{"line":267,"column":19},"end":{"line":271,"column":9}},"line":267}},"branchMap":{"0":{"loc":{"start":{"line":39,"column":15},"end":{"line":39,"column":63}},"type":"binary-expr","locations":[{"start":{"line":39,"column":15},"end":{"line":39,"column":55}},{"start":{"line":39,"column":59},"end":{"line":39,"column":63}}],"line":39},"1":{"loc":{"start":{"line":111,"column":20},"end":{"line":111,"column":75}},"type":"binary-expr","locations":[{"start":{"line":111,"column":20},"end":{"line":111,"column":67}},{"start":{"line":111,"column":71},"end":{"line":111,"column":75}}],"line":111},"2":{"loc":{"start":{"line":118,"column":24},"end":{"line":118,"column":89}},"type":"binary-expr","locations":[{"start":{"line":118,"column":24},"end":{"line":118,"column":70}},{"start":{"line":118,"column":74},"end":{"line":118,"column":89}}],"line":118},"3":{"loc":{"start":{"line":133,"column":4},"end":{"line":135,"column":5}},"type":"if","locations":[{"start":{"line":133,"column":4},"end":{"line":135,"column":5}},{"start":{},"end":{}}],"line":133},"4":{"loc":{"start":{"line":140,"column":4},"end":{"line":142,"column":5}},"type":"if","locations":[{"start":{"line":140,"column":4},"end":{"line":142,"column":5}},{"start":{},"end":{}}],"line":140},"5":{"loc":{"start":{"line":145,"column":4},"end":{"line":147,"column":5}},"type":"if","locations":[{"start":{"line":145,"column":4},"end":{"line":147,"column":5}},{"start":{},"end":{}}],"line":145},"6":{"loc":{"start":{"line":150,"column":4},"end":{"line":152,"column":5}},"type":"if","locations":[{"start":{"line":150,"column":4},"end":{"line":152,"column":5}},{"start":{},"end":{}}],"line":150},"7":{"loc":{"start":{"line":155,"column":4},"end":{"line":160,"column":5}},"type":"if","locations":[{"start":{"line":155,"column":4},"end":{"line":160,"column":5}},{"start":{},"end":{}}],"line":155},"8":{"loc":{"start":{"line":158,"column":11},"end":{"line":158,"column":34}},"type":"binary-expr","locations":[{"start":{"line":158,"column":11},"end":{"line":158,"column":29}},{"start":{"line":158,"column":33},"end":{"line":158,"column":34}}],"line":158},"9":{"loc":{"start":{"line":158,"column":40},"end":{"line":158,"column":63}},"type":"binary-expr","locations":[{"start":{"line":158,"column":40},"end":{"line":158,"column":58}},{"start":{"line":158,"column":62},"end":{"line":158,"column":63}}],"line":158},"10":{"loc":{"start":{"line":179,"column":25},"end":{"line":179,"column":50}},"type":"binary-expr","locations":[{"start":{"line":179,"column":25},"end":{"line":179,"column":44}},{"start":{"line":179,"column":48},"end":{"line":179,"column":50}}],"line":179},"11":{"loc":{"start":{"line":181,"column":4},"end":{"line":183,"column":5}},"type":"if","locations":[{"start":{"line":181,"column":4},"end":{"line":183,"column":5}},{"start":{},"end":{}}],"line":181},"12":{"loc":{"start":{"line":188,"column":8},"end":{"line":191,"column":68}},"type":"binary-expr","locations":[{"start":{"line":188,"column":8},"end":{"line":188,"column":60}},{"start":{"line":189,"column":8},"end":{"line":189,"column":59}},{"start":{"line":190,"column":9},"end":{"line":190,"column":25}},{"start":{"line":190,"column":29},"end":{"line":190,"column":80}},{"start":{"line":191,"column":8},"end":{"line":191,"column":68}}],"line":188},"13":{"loc":{"start":{"line":188,"column":9},"end":{"line":188,"column":24}},"type":"binary-expr","locations":[{"start":{"line":188,"column":9},"end":{"line":188,"column":18}},{"start":{"line":188,"column":22},"end":{"line":188,"column":24}}],"line":188},"14":{"loc":{"start":{"line":189,"column":9},"end":{"line":189,"column":23}},"type":"binary-expr","locations":[{"start":{"line":189,"column":9},"end":{"line":189,"column":17}},{"start":{"line":189,"column":21},"end":{"line":189,"column":23}}],"line":189},"15":{"loc":{"start":{"line":191,"column":9},"end":{"line":191,"column":32}},"type":"binary-expr","locations":[{"start":{"line":191,"column":9},"end":{"line":191,"column":26}},{"start":{"line":191,"column":30},"end":{"line":191,"column":32}}],"line":191},"16":{"loc":{"start":{"line":201,"column":27},"end":{"line":201,"column":52}},"type":"binary-expr","locations":[{"start":{"line":201,"column":27},"end":{"line":201,"column":46}},{"start":{"line":201,"column":50},"end":{"line":201,"column":52}}],"line":201},"17":{"loc":{"start":{"line":203,"column":6},"end":{"line":205,"column":7}},"type":"if","locations":[{"start":{"line":203,"column":6},"end":{"line":205,"column":7}},{"start":{},"end":{}}],"line":203},"18":{"loc":{"start":{"line":210,"column":10},"end":{"line":213,"column":70}},"type":"binary-expr","locations":[{"start":{"line":210,"column":10},"end":{"line":210,"column":62}},{"start":{"line":211,"column":10},"end":{"line":211,"column":61}},{"start":{"line":212,"column":11},"end":{"line":212,"column":27}},{"start":{"line":212,"column":31},"end":{"line":212,"column":82}},{"start":{"line":213,"column":10},"end":{"line":213,"column":70}}],"line":210},"19":{"loc":{"start":{"line":210,"column":11},"end":{"line":210,"column":26}},"type":"binary-expr","locations":[{"start":{"line":210,"column":11},"end":{"line":210,"column":20}},{"start":{"line":210,"column":24},"end":{"line":210,"column":26}}],"line":210},"20":{"loc":{"start":{"line":211,"column":11},"end":{"line":211,"column":25}},"type":"binary-expr","locations":[{"start":{"line":211,"column":11},"end":{"line":211,"column":19}},{"start":{"line":211,"column":23},"end":{"line":211,"column":25}}],"line":211},"21":{"loc":{"start":{"line":213,"column":11},"end":{"line":213,"column":34}},"type":"binary-expr","locations":[{"start":{"line":213,"column":11},"end":{"line":213,"column":28}},{"start":{"line":213,"column":32},"end":{"line":213,"column":34}}],"line":213},"22":{"loc":{"start":{"line":223,"column":4},"end":{"line":225,"column":5}},"type":"if","locations":[{"start":{"line":223,"column":4},"end":{"line":225,"column":5}},{"start":{},"end":{}}],"line":223}},"s":{"0":1,"1":1,"2":42,"3":1,"4":19,"5":1,"6":1,"7":1,"8":1,"9":1,"10":1,"11":5,"12":1,"13":2,"14":2,"15":2,"16":1,"17":1,"18":1,"19":3,"20":1,"21":0,"22":0,"23":0,"24":1,"25":0,"26":0,"27":0,"28":1,"29":2,"30":5,"31":1,"32":1,"33":2,"34":1,"35":1,"36":2,"37":1,"38":1,"39":2,"40":1,"41":2,"42":1,"43":1,"44":2,"45":1,"46":1,"47":1,"48":3,"49":1,"50":0,"51":1,"52":2,"53":2,"54":3,"55":1,"56":2,"57":2,"58":1,"59":1,"60":1,"61":0,"62":1,"63":5,"64":1,"65":4,"66":4,"67":2,"68":5,"69":4,"70":1,"71":2,"72":4,"73":1,"74":2,"75":4,"76":0,"77":0,"78":4,"79":1,"80":0,"81":0,"82":1,"83":6,"84":1,"85":5,"86":5,"87":2,"88":3,"89":3,"90":7,"91":1,"92":0,"93":0,"94":0,"95":0,"96":0,"97":0,"98":0,"99":1,"100":1,"101":0,"102":1,"103":2,"104":1,"105":2,"106":1,"107":1,"108":1,"109":1,"110":1,"111":0,"112":1,"113":0,"114":1,"115":0,"116":1,"117":0,"118":0,"119":0,"120":0,"121":0,"122":0,"123":0},"f":{"0":42,"1":19,"2":1,"3":1,"4":5,"5":2,"6":2,"7":2,"8":1,"9":1,"10":3,"11":0,"12":0,"13":0,"14":0,"15":0,"16":0,"17":2,"18":5,"19":1,"20":2,"21":1,"22":2,"23":1,"24":2,"25":2,"26":1,"27":2,"28":1,"29":3,"30":0,"31":2,"32":2,"33":3,"34":2,"35":2,"36":1,"37":0,"38":5,"39":5,"40":2,"41":2,"42":0,"43":0,"44":0,"45":6,"46":5,"47":7,"48":0,"49":0,"50":0,"51":1,"52":2,"53":2,"54":1,"55":1,"56":0,"57":0,"58":0,"59":0,"60":0,"61":0,"62":0},"b":{"0":[2,1],"1":[2,1],"2":[2,1],"3":[1,4],"4":[2,2],"5":[1,3],"6":[1,3],"7":[0,4],"8":[0,0],"9":[0,0],"10":[5,2],"11":[2,3],"12":[7,4,3,0,3],"13":[7,0],"14":[4,0],"15":[3,0],"16":[0,0],"17":[0,0],"18":[0,0,0,0,0],"19":[0,0],"20":[0,0],"21":[0,0],"22":[0,1]},"_coverageSchema":"1a1c01bbd47fc00a2c39e90264f33305004495a9","hash":"6c896f7dead57bafa7e45a25b8d4ee92536e5916"}
,"/Applications/React/Nexhala/asset-manager/asset-manager/src/store/selectors/maintenanceSelectors.ts": {"path":"/Applications/React/Nexhala/asset-manager/asset-manager/src/store/selectors/maintenanceSelectors.ts","statementMap":{"0":{"start":{"line":6,"column":38},"end":{"line":6,"column":77}},"1":{"start":{"line":6,"column":60},"end":{"line":6,"column":77}},"2":{"start":{"line":9,"column":40},"end":{"line":10,"column":38}},"3":{"start":{"line":10,"column":2},"end":{"line":10,"column":38}},"4":{"start":{"line":13,"column":41},"end":{"line":14,"column":39}},"5":{"start":{"line":14,"column":2},"end":{"line":14,"column":39}},"6":{"start":{"line":17,"column":40},"end":{"line":18,"column":27}},"7":{"start":{"line":18,"column":2},"end":{"line":18,"column":27}},"8":{"start":{"line":21,"column":38},"end":{"line":22,"column":25}},"9":{"start":{"line":22,"column":2},"end":{"line":22,"column":25}},"10":{"start":{"line":25,"column":40},"end":{"line":26,"column":27}},"11":{"start":{"line":26,"column":2},"end":{"line":26,"column":27}},"12":{"start":{"line":29,"column":46},"end":{"line":35,"column":1}},"13":{"start":{"line":32,"column":4},"end":{"line":34,"column":5}},"14":{"start":{"line":33,"column":6},"end":{"line":33,"column":59}},"15":{"start":{"line":38,"column":39},"end":{"line":41,"column":1}},"16":{"start":{"line":40,"column":15},"end":{"line":40,"column":74}},"17":{"start":{"line":40,"column":42},"end":{"line":40,"column":73}},"18":{"start":{"line":44,"column":37},"end":{"line":47,"column":1}},"19":{"start":{"line":46,"column":15},"end":{"line":46,"column":71}},"20":{"start":{"line":46,"column":42},"end":{"line":46,"column":70}},"21":{"start":{"line":50,"column":40},"end":{"line":56,"column":1}},"22":{"start":{"line":53,"column":4},"end":{"line":55,"column":5}},"23":{"start":{"line":54,"column":6},"end":{"line":54,"column":57}},"24":{"start":{"line":59,"column":41},"end":{"line":62,"column":3}},"25":{"start":{"line":60,"column":2},"end":{"line":62,"column":3}},"26":{"start":{"line":61,"column":4},"end":{"line":61,"column":56}},"27":{"start":{"line":61,"column":31},"end":{"line":61,"column":55}},"28":{"start":{"line":65,"column":48},"end":{"line":73,"column":1}},"29":{"start":{"line":68,"column":4},"end":{"line":70,"column":5}},"30":{"start":{"line":69,"column":6},"end":{"line":69,"column":21}},"31":{"start":{"line":71,"column":4},"end":{"line":71,"column":72}},"32":{"start":{"line":71,"column":38},"end":{"line":71,"column":70}},"33":{"start":{"line":76,"column":38},"end":{"line":94,"column":1}},"34":{"start":{"line":79,"column":19},"end":{"line":81,"column":5}},"35":{"start":{"line":80,"column":6},"end":{"line":80,"column":54}},"36":{"start":{"line":82,"column":20},"end":{"line":82,"column":65}},"37":{"start":{"line":82,"column":42},"end":{"line":82,"column":64}},"38":{"start":{"line":83,"column":26},"end":{"line":83,"column":78}},"39":{"start":{"line":83,"column":48},"end":{"line":83,"column":77}},"40":{"start":{"line":84,"column":23},"end":{"line":84,"column":72}},"41":{"start":{"line":84,"column":45},"end":{"line":84,"column":71}},"42":{"start":{"line":86,"column":4},"end":{"line":92,"column":6}},"43":{"start":{"line":97,"column":41},"end":{"line":100,"column":3}},"44":{"start":{"line":98,"column":2},"end":{"line":100,"column":3}},"45":{"start":{"line":99,"column":4},"end":{"line":99,"column":56}},"46":{"start":{"line":99,"column":31},"end":{"line":99,"column":55}},"47":{"start":{"line":103,"column":37},"end":{"line":106,"column":3}},"48":{"start":{"line":104,"column":2},"end":{"line":106,"column":3}},"49":{"start":{"line":105,"column":4},"end":{"line":105,"column":65}},"50":{"start":{"line":105,"column":29},"end":{"line":105,"column":56}}},"fnMap":{"0":{"name":"(anonymous_0)","decl":{"start":{"line":6,"column":38},"end":{"line":6,"column":39}},"loc":{"start":{"line":6,"column":60},"end":{"line":6,"column":77}},"line":6},"1":{"name":"(anonymous_1)","decl":{"start":{"line":9,"column":40},"end":{"line":9,"column":41}},"loc":{"start":{"line":10,"column":2},"end":{"line":10,"column":38}},"line":10},"2":{"name":"(anonymous_2)","decl":{"start":{"line":13,"column":41},"end":{"line":13,"column":42}},"loc":{"start":{"line":14,"column":2},"end":{"line":14,"column":39}},"line":14},"3":{"name":"(anonymous_3)","decl":{"start":{"line":17,"column":40},"end":{"line":17,"column":41}},"loc":{"start":{"line":18,"column":2},"end":{"line":18,"column":27}},"line":18},"4":{"name":"(anonymous_4)","decl":{"start":{"line":21,"column":38},"end":{"line":21,"column":39}},"loc":{"start":{"line":22,"column":2},"end":{"line":22,"column":25}},"line":22},"5":{"name":"(anonymous_5)","decl":{"start":{"line":25,"column":40},"end":{"line":25,"column":41}},"loc":{"start":{"line":26,"column":2},"end":{"line":26,"column":27}},"line":26},"6":{"name":"(anonymous_6)","decl":{"start":{"line":31,"column":2},"end":{"line":31,"column":3}},"loc":{"start":{"line":32,"column":4},"end":{"line":34,"column":5}},"line":32},"7":{"name":"(anonymous_7)","decl":{"start":{"line":32,"column":19},"end":{"line":32,"column":20}},"loc":{"start":{"line":33,"column":6},"end":{"line":33,"column":59}},"line":33},"8":{"name":"(anonymous_8)","decl":{"start":{"line":40,"column":2},"end":{"line":40,"column":3}},"loc":{"start":{"line":40,"column":15},"end":{"line":40,"column":74}},"line":40},"9":{"name":"(anonymous_9)","decl":{"start":{"line":40,"column":30},"end":{"line":40,"column":31}},"loc":{"start":{"line":40,"column":42},"end":{"line":40,"column":73}},"line":40},"10":{"name":"(anonymous_10)","decl":{"start":{"line":46,"column":2},"end":{"line":46,"column":3}},"loc":{"start":{"line":46,"column":15},"end":{"line":46,"column":71}},"line":46},"11":{"name":"(anonymous_11)","decl":{"start":{"line":46,"column":30},"end":{"line":46,"column":31}},"loc":{"start":{"line":46,"column":42},"end":{"line":46,"column":70}},"line":46},"12":{"name":"(anonymous_12)","decl":{"start":{"line":52,"column":2},"end":{"line":52,"column":3}},"loc":{"start":{"line":53,"column":4},"end":{"line":55,"column":5}},"line":53},"13":{"name":"(anonymous_13)","decl":{"start":{"line":53,"column":19},"end":{"line":53,"column":20}},"loc":{"start":{"line":54,"column":6},"end":{"line":54,"column":57}},"line":54},"14":{"name":"(anonymous_14)","decl":{"start":{"line":59,"column":41},"end":{"line":59,"column":42}},"loc":{"start":{"line":60,"column":2},"end":{"line":62,"column":3}},"line":60},"15":{"name":"(anonymous_15)","decl":{"start":{"line":60,"column":45},"end":{"line":60,"column":46}},"loc":{"start":{"line":61,"column":4},"end":{"line":61,"column":56}},"line":61},"16":{"name":"(anonymous_16)","decl":{"start":{"line":61,"column":19},"end":{"line":61,"column":20}},"loc":{"start":{"line":61,"column":31},"end":{"line":61,"column":55}},"line":61},"17":{"name":"(anonymous_17)","decl":{"start":{"line":67,"column":2},"end":{"line":67,"column":3}},"loc":{"start":{"line":67,"column":24},"end":{"line":72,"column":3}},"line":67},"18":{"name":"(anonymous_18)","decl":{"start":{"line":71,"column":26},"end":{"line":71,"column":27}},"loc":{"start":{"line":71,"column":38},"end":{"line":71,"column":70}},"line":71},"19":{"name":"(anonymous_19)","decl":{"start":{"line":78,"column":2},"end":{"line":78,"column":3}},"loc":{"start":{"line":78,"column":15},"end":{"line":93,"column":3}},"line":78},"20":{"name":"(anonymous_20)","decl":{"start":{"line":79,"column":34},"end":{"line":79,"column":35}},"loc":{"start":{"line":80,"column":6},"end":{"line":80,"column":54}},"line":80},"21":{"name":"(anonymous_21)","decl":{"start":{"line":82,"column":35},"end":{"line":82,"column":36}},"loc":{"start":{"line":82,"column":42},"end":{"line":82,"column":64}},"line":82},"22":{"name":"(anonymous_22)","decl":{"start":{"line":83,"column":41},"end":{"line":83,"column":42}},"loc":{"start":{"line":83,"column":48},"end":{"line":83,"column":77}},"line":83},"23":{"name":"(anonymous_23)","decl":{"start":{"line":84,"column":38},"end":{"line":84,"column":39}},"loc":{"start":{"line":84,"column":45},"end":{"line":84,"column":71}},"line":84},"24":{"name":"(anonymous_24)","decl":{"start":{"line":97,"column":41},"end":{"line":97,"column":42}},"loc":{"start":{"line":98,"column":2},"end":{"line":100,"column":3}},"line":98},"25":{"name":"(anonymous_25)","decl":{"start":{"line":98,"column":45},"end":{"line":98,"column":46}},"loc":{"start":{"line":99,"column":4},"end":{"line":99,"column":56}},"line":99},"26":{"name":"(anonymous_26)","decl":{"start":{"line":99,"column":19},"end":{"line":99,"column":20}},"loc":{"start":{"line":99,"column":31},"end":{"line":99,"column":55}},"line":99},"27":{"name":"(anonymous_27)","decl":{"start":{"line":103,"column":37},"end":{"line":103,"column":38}},"loc":{"start":{"line":104,"column":2},"end":{"line":106,"column":3}},"line":104},"28":{"name":"(anonymous_28)","decl":{"start":{"line":104,"column":45},"end":{"line":104,"column":46}},"loc":{"start":{"line":105,"column":4},"end":{"line":105,"column":65}},"line":105},"29":{"name":"(anonymous_29)","decl":{"start":{"line":105,"column":17},"end":{"line":105,"column":18}},"loc":{"start":{"line":105,"column":29},"end":{"line":105,"column":56}},"line":105}},"branchMap":{"0":{"loc":{"start":{"line":68,"column":4},"end":{"line":70,"column":5}},"type":"if","locations":[{"start":{"line":68,"column":4},"end":{"line":70,"column":5}},{"start":{},"end":{}}],"line":68},"1":{"loc":{"start":{"line":105,"column":4},"end":{"line":105,"column":65}},"type":"binary-expr","locations":[{"start":{"line":105,"column":4},"end":{"line":105,"column":57}},{"start":{"line":105,"column":61},"end":{"line":105,"column":65}}],"line":105}},"s":{"0":1,"1":0,"2":1,"3":22,"4":1,"5":1,"6":1,"7":1,"8":1,"9":1,"10":1,"11":4,"12":1,"13":1,"14":3,"15":1,"16":1,"17":2,"18":1,"19":1,"20":2,"21":1,"22":1,"23":3,"24":1,"25":1,"26":1,"27":3,"28":1,"29":2,"30":1,"31":1,"32":3,"33":1,"34":1,"35":3,"36":1,"37":3,"38":1,"39":3,"40":1,"41":3,"42":1,"43":1,"44":1,"45":1,"46":3,"47":1,"48":2,"49":2,"50":2},"f":{"0":0,"1":22,"2":1,"3":1,"4":1,"5":4,"6":1,"7":3,"8":1,"9":2,"10":1,"11":2,"12":1,"13":3,"14":1,"15":1,"16":3,"17":2,"18":3,"19":1,"20":3,"21":3,"22":3,"23":3,"24":1,"25":1,"26":3,"27":2,"28":2,"29":2},"b":{"0":[1,1],"1":[2,1]},"_coverageSchema":"1a1c01bbd47fc00a2c39e90264f33305004495a9","hash":"5fd38e1b461ea25dc05a477b52d699508ae43579"}
,"/Applications/React/Nexhala/asset-manager/asset-manager/src/store/selectors/purchaseOrderSelectors.ts": {"path":"/Applications/React/Nexhala/asset-manager/asset-manager/src/store/selectors/purchaseOrderSelectors.ts","statementMap":{"0":{"start":{"line":4,"column":40},"end":{"line":5,"column":22}},"1":{"start":{"line":5,"column":2},"end":{"line":5,"column":22}},"2":{"start":{"line":7,"column":36},"end":{"line":8,"column":37}},"3":{"start":{"line":8,"column":2},"end":{"line":8,"column":37}},"4":{"start":{"line":10,"column":32},"end":{"line":11,"column":33}},"5":{"start":{"line":11,"column":2},"end":{"line":11,"column":33}},"6":{"start":{"line":13,"column":29},"end":{"line":14,"column":30}},"7":{"start":{"line":14,"column":2},"end":{"line":14,"column":30}},"8":{"start":{"line":16,"column":42},"end":{"line":17,"column":30}},"9":{"start":{"line":17,"column":2},"end":{"line":17,"column":30}},"10":{"start":{"line":19,"column":40},"end":{"line":20,"column":28}},"11":{"start":{"line":20,"column":2},"end":{"line":20,"column":28}},"12":{"start":{"line":22,"column":42},"end":{"line":23,"column":30}},"13":{"start":{"line":23,"column":2},"end":{"line":23,"column":30}},"14":{"start":{"line":28,"column":44},"end":{"line":37,"column":1}},"15":{"start":{"line":31,"column":19},"end":{"line":31,"column":25}},"16":{"start":{"line":32,"column":4},"end":{"line":34,"column":5}},"17":{"start":{"line":33,"column":6},"end":{"line":33,"column":69}},"18":{"start":{"line":33,"column":40},"end":{"line":33,"column":67}},"19":{"start":{"line":35,"column":4},"end":{"line":35,"column":20}},"20":{"start":{"line":42,"column":42},"end":{"line":46,"column":1}},"21":{"start":{"line":45,"column":4},"end":{"line":45,"column":64}},"22":{"start":{"line":45,"column":25},"end":{"line":45,"column":56}},"23":{"start":{"line":51,"column":28},"end":{"line":55,"column":4}},"24":{"start":{"line":52,"column":2},"end":{"line":55,"column":4}},"25":{"start":{"line":53,"column":4},"end":{"line":53,"column":47}},"26":{"start":{"line":53,"column":31},"end":{"line":53,"column":47}},"27":{"start":{"line":54,"column":4},"end":{"line":54,"column":53}},"28":{"start":{"line":54,"column":30},"end":{"line":54,"column":43}}},"fnMap":{"0":{"name":"(anonymous_0)","decl":{"start":{"line":4,"column":40},"end":{"line":4,"column":41}},"loc":{"start":{"line":5,"column":2},"end":{"line":5,"column":22}},"line":5},"1":{"name":"(anonymous_1)","decl":{"start":{"line":7,"column":36},"end":{"line":7,"column":37}},"loc":{"start":{"line":8,"column":2},"end":{"line":8,"column":37}},"line":8},"2":{"name":"(anonymous_2)","decl":{"start":{"line":10,"column":32},"end":{"line":10,"column":33}},"loc":{"start":{"line":11,"column":2},"end":{"line":11,"column":33}},"line":11},"3":{"name":"(anonymous_3)","decl":{"start":{"line":13,"column":29},"end":{"line":13,"column":30}},"loc":{"start":{"line":14,"column":2},"end":{"line":14,"column":30}},"line":14},"4":{"name":"(anonymous_4)","decl":{"start":{"line":16,"column":42},"end":{"line":16,"column":43}},"loc":{"start":{"line":17,"column":2},"end":{"line":17,"column":30}},"line":17},"5":{"name":"(anonymous_5)","decl":{"start":{"line":19,"column":40},"end":{"line":19,"column":41}},"loc":{"start":{"line":20,"column":2},"end":{"line":20,"column":28}},"line":20},"6":{"name":"(anonymous_6)","decl":{"start":{"line":22,"column":42},"end":{"line":22,"column":43}},"loc":{"start":{"line":23,"column":2},"end":{"line":23,"column":30}},"line":23},"7":{"name":"(anonymous_7)","decl":{"start":{"line":30,"column":2},"end":{"line":30,"column":3}},"loc":{"start":{"line":30,"column":23},"end":{"line":36,"column":3}},"line":30},"8":{"name":"(anonymous_8)","decl":{"start":{"line":33,"column":33},"end":{"line":33,"column":34}},"loc":{"start":{"line":33,"column":40},"end":{"line":33,"column":67}},"line":33},"9":{"name":"(anonymous_9)","decl":{"start":{"line":44,"column":2},"end":{"line":44,"column":3}},"loc":{"start":{"line":45,"column":4},"end":{"line":45,"column":64}},"line":45},"10":{"name":"(anonymous_10)","decl":{"start":{"line":45,"column":18},"end":{"line":45,"column":19}},"loc":{"start":{"line":45,"column":25},"end":{"line":45,"column":56}},"line":45},"11":{"name":"(anonymous_11)","decl":{"start":{"line":51,"column":28},"end":{"line":51,"column":29}},"loc":{"start":{"line":52,"column":2},"end":{"line":55,"column":4}},"line":52},"12":{"name":"(anonymous_12)","decl":{"start":{"line":52,"column":59},"end":{"line":52,"column":60}},"loc":{"start":{"line":52,"column":81},"end":{"line":55,"column":3}},"line":52},"13":{"name":"(anonymous_13)","decl":{"start":{"line":54,"column":23},"end":{"line":54,"column":24}},"loc":{"start":{"line":54,"column":30},"end":{"line":54,"column":43}},"line":54}},"branchMap":{"0":{"loc":{"start":{"line":32,"column":4},"end":{"line":34,"column":5}},"type":"if","locations":[{"start":{"line":32,"column":4},"end":{"line":34,"column":5}},{"start":{},"end":{}}],"line":32},"1":{"loc":{"start":{"line":53,"column":4},"end":{"line":53,"column":47}},"type":"if","locations":[{"start":{"line":53,"column":4},"end":{"line":53,"column":47}},{"start":{},"end":{}}],"line":53},"2":{"loc":{"start":{"line":54,"column":11},"end":{"line":54,"column":52}},"type":"binary-expr","locations":[{"start":{"line":54,"column":11},"end":{"line":54,"column":44}},{"start":{"line":54,"column":48},"end":{"line":54,"column":52}}],"line":54}},"s":{"0":1,"1":0,"2":1,"3":12,"4":1,"5":7,"6":1,"7":1,"8":1,"9":1,"10":1,"11":1,"12":1,"13":4,"14":1,"15":2,"16":2,"17":1,"18":3,"19":2,"20":1,"21":1,"22":3,"23":1,"24":3,"25":3,"26":1,"27":2,"28":2},"f":{"0":0,"1":12,"2":7,"3":1,"4":1,"5":1,"6":4,"7":2,"8":3,"9":1,"10":3,"11":3,"12":3,"13":2},"b":{"0":[1,1],"1":[1,2],"2":[2,1]},"_coverageSchema":"1a1c01bbd47fc00a2c39e90264f33305004495a9","hash":"0446fcbefbf1fe8c2ed848b86b21f2550d66c8de"}
,"/Applications/React/Nexhala/asset-manager/asset-manager/src/store/selectors/requestSelectors.ts": {"path":"/Applications/React/Nexhala/asset-manager/asset-manager/src/store/selectors/requestSelectors.ts","statementMap":{"0":{"start":{"line":5,"column":35},"end":{"line":5,"column":71}},"1":{"start":{"line":5,"column":57},"end":{"line":5,"column":71}},"2":{"start":{"line":7,"column":33},"end":{"line":7,"column":78}},"3":{"start":{"line":7,"column":55},"end":{"line":7,"column":78}},"4":{"start":{"line":9,"column":32},"end":{"line":9,"column":79}},"5":{"start":{"line":9,"column":54},"end":{"line":9,"column":79}},"6":{"start":{"line":11,"column":37},"end":{"line":12,"column":32}},"7":{"start":{"line":12,"column":2},"end":{"line":12,"column":32}},"8":{"start":{"line":14,"column":37},"end":{"line":14,"column":81}},"9":{"start":{"line":14,"column":59},"end":{"line":14,"column":81}},"10":{"start":{"line":16,"column":35},"end":{"line":16,"column":77}},"11":{"start":{"line":16,"column":57},"end":{"line":16,"column":77}},"12":{"start":{"line":18,"column":37},"end":{"line":18,"column":81}},"13":{"start":{"line":18,"column":59},"end":{"line":18,"column":81}},"14":{"start":{"line":21,"column":23},"end":{"line":25,"column":1}},"15":{"start":{"line":22,"column":12},"end":{"line":22,"column":29}},"16":{"start":{"line":23,"column":2},"end":{"line":23,"column":55}},"17":{"start":{"line":23,"column":46},"end":{"line":23,"column":55}},"18":{"start":{"line":24,"column":2},"end":{"line":24,"column":22}},"19":{"start":{"line":28,"column":33},"end":{"line":48,"column":3}},"20":{"start":{"line":29,"column":2},"end":{"line":48,"column":3}},"21":{"start":{"line":32,"column":34},"end":{"line":32,"column":74}},"22":{"start":{"line":32,"column":55},"end":{"line":32,"column":73}},"23":{"start":{"line":33,"column":36},"end":{"line":33,"column":78}},"24":{"start":{"line":33,"column":59},"end":{"line":33,"column":77}},"25":{"start":{"line":36,"column":6},"end":{"line":43,"column":7}},"26":{"start":{"line":37,"column":34},"end":{"line":37,"column":69}},"27":{"start":{"line":38,"column":36},"end":{"line":38,"column":73}},"28":{"start":{"line":40,"column":8},"end":{"line":42,"column":32}},"29":{"start":{"line":46,"column":6},"end":{"line":46,"column":66}},"30":{"start":{"line":53,"column":40},"end":{"line":84,"column":1}},"31":{"start":{"line":57,"column":19},"end":{"line":57,"column":27}},"32":{"start":{"line":59,"column":4},"end":{"line":61,"column":5}},"33":{"start":{"line":60,"column":6},"end":{"line":60,"column":69}},"34":{"start":{"line":60,"column":40},"end":{"line":60,"column":67}},"35":{"start":{"line":63,"column":4},"end":{"line":65,"column":5}},"36":{"start":{"line":64,"column":6},"end":{"line":64,"column":69}},"37":{"start":{"line":64,"column":40},"end":{"line":64,"column":67}},"38":{"start":{"line":68,"column":17},"end":{"line":68,"column":34}},"39":{"start":{"line":69,"column":20},"end":{"line":73,"column":6}},"40":{"start":{"line":70,"column":6},"end":{"line":70,"column":39}},"41":{"start":{"line":70,"column":26},"end":{"line":70,"column":39}},"42":{"start":{"line":71,"column":6},"end":{"line":71,"column":21}},"43":{"start":{"line":72,"column":6},"end":{"line":72,"column":18}},"44":{"start":{"line":76,"column":20},"end":{"line":80,"column":5}},"45":{"start":{"line":77,"column":34},"end":{"line":77,"column":55}},"46":{"start":{"line":78,"column":36},"end":{"line":78,"column":59}},"47":{"start":{"line":79,"column":33},"end":{"line":79,"column":53}},"48":{"start":{"line":82,"column":4},"end":{"line":82,"column":19}},"49":{"start":{"line":89,"column":38},"end":{"line":108,"column":1}},"50":{"start":{"line":92,"column":19},"end":{"line":92,"column":27}},"51":{"start":{"line":94,"column":4},"end":{"line":96,"column":5}},"52":{"start":{"line":95,"column":6},"end":{"line":95,"column":69}},"53":{"start":{"line":95,"column":40},"end":{"line":95,"column":67}},"54":{"start":{"line":98,"column":4},"end":{"line":100,"column":5}},"55":{"start":{"line":99,"column":6},"end":{"line":99,"column":73}},"56":{"start":{"line":99,"column":40},"end":{"line":99,"column":71}},"57":{"start":{"line":102,"column":4},"end":{"line":104,"column":5}},"58":{"start":{"line":103,"column":6},"end":{"line":103,"column":69}},"59":{"start":{"line":103,"column":40},"end":{"line":103,"column":67}},"60":{"start":{"line":106,"column":4},"end":{"line":106,"column":20}},"61":{"start":{"line":113,"column":42},"end":{"line":116,"column":1}},"62":{"start":{"line":115,"column":16},"end":{"line":115,"column":69}},"63":{"start":{"line":115,"column":39},"end":{"line":115,"column":61}},"64":{"start":{"line":121,"column":46},"end":{"line":127,"column":1}},"65":{"start":{"line":124,"column":4},"end":{"line":126,"column":12}},"66":{"start":{"line":125,"column":13},"end":{"line":125,"column":60}},"67":{"start":{"line":132,"column":23},"end":{"line":138,"column":1}},"68":{"start":{"line":133,"column":12},"end":{"line":133,"column":23}},"69":{"start":{"line":134,"column":2},"end":{"line":134,"column":19}},"70":{"start":{"line":134,"column":10},"end":{"line":134,"column":19}},"71":{"start":{"line":135,"column":2},"end":{"line":137,"column":8}},"72":{"start":{"line":143,"column":40},"end":{"line":149,"column":4}},"73":{"start":{"line":144,"column":2},"end":{"line":149,"column":4}},"74":{"start":{"line":145,"column":21},"end":{"line":145,"column":84}},"75":{"start":{"line":145,"column":44},"end":{"line":145,"column":83}},"76":{"start":{"line":146,"column":4},"end":{"line":148,"column":6}},"77":{"start":{"line":147,"column":16},"end":{"line":147,"column":53}}},"fnMap":{"0":{"name":"(anonymous_0)","decl":{"start":{"line":5,"column":35},"end":{"line":5,"column":36}},"loc":{"start":{"line":5,"column":57},"end":{"line":5,"column":71}},"line":5},"1":{"name":"(anonymous_1)","decl":{"start":{"line":7,"column":33},"end":{"line":7,"column":34}},"loc":{"start":{"line":7,"column":55},"end":{"line":7,"column":78}},"line":7},"2":{"name":"(anonymous_2)","decl":{"start":{"line":9,"column":32},"end":{"line":9,"column":33}},"loc":{"start":{"line":9,"column":54},"end":{"line":9,"column":79}},"line":9},"3":{"name":"(anonymous_3)","decl":{"start":{"line":11,"column":37},"end":{"line":11,"column":38}},"loc":{"start":{"line":12,"column":2},"end":{"line":12,"column":32}},"line":12},"4":{"name":"(anonymous_4)","decl":{"start":{"line":14,"column":37},"end":{"line":14,"column":38}},"loc":{"start":{"line":14,"column":59},"end":{"line":14,"column":81}},"line":14},"5":{"name":"(anonymous_5)","decl":{"start":{"line":16,"column":35},"end":{"line":16,"column":36}},"loc":{"start":{"line":16,"column":57},"end":{"line":16,"column":77}},"line":16},"6":{"name":"(anonymous_6)","decl":{"start":{"line":18,"column":37},"end":{"line":18,"column":38}},"loc":{"start":{"line":18,"column":59},"end":{"line":18,"column":81}},"line":18},"7":{"name":"(anonymous_7)","decl":{"start":{"line":21,"column":23},"end":{"line":21,"column":24}},"loc":{"start":{"line":21,"column":96},"end":{"line":25,"column":1}},"line":21},"8":{"name":"(anonymous_8)","decl":{"start":{"line":28,"column":33},"end":{"line":28,"column":34}},"loc":{"start":{"line":29,"column":2},"end":{"line":48,"column":3}},"line":29},"9":{"name":"(anonymous_9)","decl":{"start":{"line":31,"column":4},"end":{"line":31,"column":5}},"loc":{"start":{"line":31,"column":30},"end":{"line":47,"column":5}},"line":31},"10":{"name":"(anonymous_10)","decl":{"start":{"line":32,"column":48},"end":{"line":32,"column":49}},"loc":{"start":{"line":32,"column":55},"end":{"line":32,"column":73}},"line":32},"11":{"name":"(anonymous_11)","decl":{"start":{"line":33,"column":52},"end":{"line":33,"column":53}},"loc":{"start":{"line":33,"column":59},"end":{"line":33,"column":77}},"line":33},"12":{"name":"(anonymous_12)","decl":{"start":{"line":55,"column":2},"end":{"line":55,"column":3}},"loc":{"start":{"line":55,"column":25},"end":{"line":83,"column":3}},"line":55},"13":{"name":"(anonymous_13)","decl":{"start":{"line":60,"column":33},"end":{"line":60,"column":34}},"loc":{"start":{"line":60,"column":40},"end":{"line":60,"column":67}},"line":60},"14":{"name":"(anonymous_14)","decl":{"start":{"line":64,"column"
[...]
type":"cond-expr","locations":[{"start":{"line":205,"column":34},"end":{"line":205,"column":62}},{"start":{"line":205,"column":65},"end":{"line":205,"column":66}}],"line":205},"24":{"loc":{"start":{"line":209,"column":26},"end":{"line":211,"column":12}},"type":"cond-expr","locations":[{"start":{"line":210,"column":8},"end":{"line":210,"column":51}},{"start":{"line":211,"column":8},"end":{"line":211,"column":12}}],"line":209},"25":{"loc":{"start":{"line":243,"column":4},"end":{"line":251,"column":5}},"type":"if","locations":[{"start":{"line":243,"column":4},"end":{"line":251,"column":5}},{"start":{"line":249,"column":11},"end":{"line":251,"column":5}}],"line":243},"26":{"loc":{"start":{"line":256,"column":4},"end":{"line":264,"column":5}},"type":"if","locations":[{"start":{"line":256,"column":4},"end":{"line":264,"column":5}},{"start":{},"end":{}}],"line":256},"27":{"loc":{"start":{"line":257,"column":6},"end":{"line":259,"column":49}},"type":"binary-expr","locations":[{"start":{"line":257,"column":6},"end":{"line":257,"column":41}},{"start":{"line":258,"column":6},"end":{"line":258,"column":43}},{"start":{"line":259,"column":6},"end":{"line":259,"column":49}}],"line":257},"28":{"loc":{"start":{"line":266,"column":20},"end":{"line":266,"column":67}},"type":"binary-expr","locations":[{"start":{"line":266,"column":20},"end":{"line":266,"column":31}},{"start":{"line":266,"column":35},"end":{"line":266,"column":67}}],"line":266}},"s":{"0":1,"1":1,"2":4,"3":2,"4":2,"5":1,"6":10,"7":1,"8":1,"9":2,"10":2,"11":2,"12":2,"13":2,"14":2,"15":2,"16":2,"17":2,"18":2,"19":0,"20":2,"21":0,"22":2,"23":2,"24":16,"25":16,"26":4,"27":2,"28":1,"29":1,"30":1,"31":1,"32":2,"33":1,"34":2,"35":1,"36":2,"37":2,"38":2,"39":0,"40":0,"41":0,"42":0,"43":0,"44":0,"45":0,"46":0,"47":0,"48":0,"49":0},"f":{"0":4,"1":10,"2":2,"3":2,"4":2,"5":16,"6":4,"7":2,"8":1,"9":1,"10":1,"11":0},"b":{"0":[2,2],"1":[2,0],"2":[2,0],"3":[2,0],"4":[2,1],"5":[2,1],"6":[2,0],"7":[0,2],"8":[0,2],"9":[2,0],"10":[2,0],"11":[0,2],"12":[0,2],"13":[2,0],"14":[2,0],"15":[2,0],"16":[2,2],"17":[4,0],"18":[1],"19":[1,0],"20":[1,1],"21":[1,1],"22":[1,0],"23":[1,1],"24":[1,1],"25":[0,0],"26":[0,0],"27":[0,0,0],"28":[0,0]},"_coverageSchema":"1a1c01bbd47fc00a2c39e90264f33305004495a9","hash":"ed03f2750eb57b01cb623ee1a2c18606e305d84e"}
,"/Applications/React/Nexhala/asset-manager/asset-manager/src/utils/requestUtils.ts": {"path":"/Applications/React/Nexhala/asset-manager/asset-manager/src/utils/requestUtils.ts","statementMap":{"0":{"start":{"line":25,"column":2},"end":{"line":27,"column":3}},"1":{"start":{"line":26,"column":4},"end":{"line":26,"column":56}},"2":{"start":{"line":29,"column":2},"end":{"line":53,"column":3}},"3":{"start":{"line":34,"column":18},"end":{"line":43,"column":6}},"4":{"start":{"line":35,"column":19},"end":{"line":35,"column":68}},"5":{"start":{"line":35,"column":45},"end":{"line":35,"column":67}},"6":{"start":{"line":36,"column":6},"end":{"line":42,"column":8}},"7":{"start":{"line":44,"column":4},"end":{"line":52,"column":6}},"8":{"start":{"line":54,"column":2},"end":{"line":54,"column":14}}},"fnMap":{"0":{"name":"getReturnHistoryForDisplay","decl":{"start":{"line":24,"column":16},"end":{"line":24,"column":42}},"loc":{"start":{"line":24,"column":89},"end":{"line":55,"column":1}},"line":24},"1":{"name":"(anonymous_1)","decl":{"start":{"line":34,"column":42},"end":{"line":34,"column":43}},"loc":{"start":{"line":34,"column":50},"end":{"line":43,"column":5}},"line":34},"2":{"name":"(anonymous_2)","decl":{"start":{"line":35,"column":38},"end":{"line":35,"column":39}},"loc":{"start":{"line":35,"column":45},"end":{"line":35,"column":67}},"line":35}},"branchMap":{"0":{"loc":{"start":{"line":25,"column":2},"end":{"line":27,"column":3}},"type":"if","locations":[{"start":{"line":25,"column":2},"end":{"line":27,"column":3}},{"start":{},"end":{}}],"line":25},"1":{"loc":{"start":{"line":25,"column":6},"end":{"line":25,"column":63}},"type":"binary-expr","locations":[{"start":{"line":25,"column":6},"end":{"line":25,"column":27}},{"start":{"line":25,"column":31},"end":{"line":25,"column":63}}],"line":25},"2":{"loc":{"start":{"line":29,"column":2},"end":{"line":53,"column":3}},"type":"if","locations":[{"start":{"line":29,"column":2},"end":{"line":53,"column":3}},{"start":{},"end":{}}],"line":29},"3":{"loc":{"start":{"line":30,"column":4},"end":{"line":32,"column":34}},"type":"binary-expr","locations":[{"start":{"line":30,"column":4},"end":{"line":30,"column":33}},{"start":{"line":31,"column":4},"end":{"line":31,"column":23}},{"start":{"line":32,"column":4},"end":{"line":32,"column":34}}],"line":30},"4":{"loc":{"start":{"line":38,"column":18},"end":{"line":38,"column":45}},"type":"binary-expr","locations":[{"start":{"line":38,"column":18},"end":{"line":38,"column":32}},{"start":{"line":38,"column":36},"end":{"line":38,"column":45}}],"line":38},"5":{"loc":{"start":{"line":48,"column":24},"end":{"line":48,"column":60}},"type":"binary-expr","locations":[{"start":{"line":48,"column":24},"end":{"line":48,"column":47}},{"start":{"line":48,"column":51},"end":{"line":48,"column":60}}],"line":48},"6":{"loc":{"start":{"line":50,"column":21},"end":{"line":50,"column":48}},"type":"binary-expr","locations":[{"start":{"line":50,"column":21},"end":{"line":50,"column":40}},{"start":{"line":50,"column":44},"end":{"line":50,"column":48}}],"line":50}},"s":{"0":3,"1":1,"2":2,"3":1,"4":1,"5":1,"6":1,"7":1,"8":1},"f":{"0":3,"1":1,"2":1},"b":{"0":[1,2],"1":[3,1],"2":[1,1],"3":[2,1,1],"4":[1,0],"5":[1,0],"6":[1,1]},"_coverageSchema":"1a1c01bbd47fc00a2c39e90264f33305004495a9","hash":"63e704dcb6d9ecc62992d7ca9c73abbb96cd3bb2"}
,"/Applications/React/Nexhala/asset-manager/asset-manager/src/utils/skuGenerationUtils.ts": {"path":"/Applications/React/Nexhala/asset-manager/asset-manager/src/utils/skuGenerationUtils.ts","statementMap":{"0":{"start":{"line":9,"column":26},"end":{"line":9,"column":27}},"1":{"start":{"line":16,"column":2},"end":{"line":16,"column":57}},"2":{"start":{"line":16,"column":47},"end":{"line":16,"column":57}},"3":{"start":{"line":17,"column":2},"end":{"line":17,"column":54}},"4":{"start":{"line":28,"column":20},"end":{"line":28,"column":51}},"5":{"start":{"line":29,"column":2},"end":{"line":29,"column":27}},"6":{"start":{"line":29,"column":18},"end":{"line":29,"column":27}},"7":{"start":{"line":31,"column":17},"end":{"line":31,"column":32}},"8":{"start":{"line":32,"column":23},"end":{"line":32,"column":54}},"9":{"start":{"line":34,"column":2},"end":{"line":34,"column":42}},"10":{"start":{"line":34,"column":33},"end":{"line":34,"column":42}},"11":{"start":{"line":36,"column":19},"end":{"line":43,"column":25}},"12":{"start":{"line":38,"column":20},"end":{"line":38,"column":34}},"13":{"start":{"line":39,"column":23},"end":{"line":39,"column":46}},"14":{"start":{"line":40,"column":18},"end":{"line":40,"column":40}},"15":{"start":{"line":41,"column":6},"end":{"line":41,"column":34}},"16":{"start":{"line":43,"column":19},"end":{"line":43,"column":24}},"17":{"start":{"line":45,"column":2},"end":{"line":45,"column":38}},"18":{"start":{"line":45,"column":29},"end":{"line":45,"column":38}},"19":{"start":{"line":46,"column":2},"end":{"line":46,"column":35}},"20":{"start":{"line":57,"column":20},"end":{"line":57,"column":49}},"21":{"start":{"line":58,"column":2},"end":{"line":60,"column":3}},"22":{"start":{"line":59,"column":4},"end":{"line":59,"column":63}},"23":{"start":{"line":62,"column":17},"end":{"line":62,"column":50}},"24":{"start":{"line":63,"column":20},"end":{"line":63,"column":70}},"25":{"start":{"line":64,"column":2},"end":{"line":64,"column":37}},"26":{"start":{"line":74,"column":2},"end":{"line":76,"column":3}},"27":{"start":{"line":75,"column":4},"end":{"line":75,"column":54}},"28":{"start":{"line":77,"column":18},"end":{"line":77,"column":28}},"29":{"start":{"line":78,"column":2},"end":{"line":80,"column":3}},"30":{"start":{"line":79,"column":4},"end":{"line":79,"column":58}},"31":{"start":{"line":81,"column":2},"end":{"line":83,"column":3}},"32":{"start":{"line":82,"column":4},"end":{"line":82,"column":54}},"33":{"start":{"line":84,"column":2},"end":{"line":86,"column":3}},"34":{"start":{"line":85,"column":4},"end":{"line":85,"column":102}},"35":{"start":{"line":87,"column":2},"end":{"line":87,"column":25}}},"fnMap":{"0":{"name":"sanitizeHsnForPrefix","decl":{"start":{"line":15,"column":9},"end":{"line":15,"column":29}},"loc":{"start":{"line":15,"column":55},"end":{"line":18,"column":1}},"line":15},"1":{"name":"getNextSkuSuffix","decl":{"start":{"line":27,"column":22},"end":{"line":27,"column":38}},"loc":{"start":{"line":27,"column":75},"end":{"line":47,"column":1}},"line":27},"2":{"name":"(anonymous_2)","decl":{"start":{"line":37,"column":9},"end":{"line":37,"column":10}},"loc":{"start":{"line":37,"column":18},"end":{"line":42,"column":5}},"line":37},"3":{"name":"(anonymous_3)","decl":{"start":{"line":43,"column":12},"end":{"line":43,"column":13}},"loc":{"start":{"line":43,"column":19},"end":{"line":43,"column":24}},"line":43},"4":{"name":"generateSkuFromHsn","decl":{"start":{"line":56,"column":22},"end":{"line":56,"column":40}},"loc":{"start":{"line":56,"column":75},"end":{"line":65,"column":1}},"line":56},"5":{"name":"validateSku","decl":{"start":{"line":73,"column":16},"end":{"line":73,"column":27}},"loc":{"start":{"line":73,"column":77},"end":{"line":88,"column":1}},"line":73}},"branchMap":{"0":{"loc":{"start":{"line":16,"column":2},"end":{"line":16,"column":57}},"type":"if","locations":[{"start":{"line":16,"column":2},"end":{"line":16,"column":57}},{"start":{},"end":{}}],"line":16},"1":{"loc":{"start":{"line":16,"column":6},"end":{"line":16,"column":45}},"type":"binary-expr","locations":[{"start":{"line":16,"column":6},"end":{"line":16,"column":14}},{"start":{"line":16,"column":18},"end":{"line":16,"column":45}}],"line":16},"2":{"loc":{"start":{"line":29,"column":2},"end":{"line":29,"column":27}},"type":"if","locations":[{"start":{"line":29,"column":2},"end":{"line":29,"column":27}},{"start":{},"end":{}}],"line":29},"3":{"loc":{"start":{"line":34,"column":2},"end":{"line":34,"column":42}},"type":"if","locations":[{"start":{"line":34,"column":2},"end":{"line":34,"column":42}},{"start":{},"end":{}}],"line":34},"4":{"loc":{"start":{"line":41,"column":13},"end":{"line":41,"column":33}},"type":"cond-expr","locations":[{"start":{"line":41,"column":26},"end":{"line":41,"column":27}},{"start":{"line":41,"column":30},"end":{"line":41,"column":33}}],"line":41},"5":{"loc":{"start":{"line":45,"column":2},"end":{"line":45,"column":38}},"type":"if","locations":[{"start":{"line":45,"column":2},"end":{"line":45,"column":38}},{"start":{},"end":{}}],"line":45},"6":{"loc":{"start":{"line":58,"column":2},"end":{"line":60,"column":3}},"type":"if","locations":[{"start":{"line":58,"column":2},"end":{"line":60,"column":3}},{"start":{},"end":{}}],"line":58},"7":{"loc":{"start":{"line":74,"column":2},"end":{"line":76,"column":3}},"type":"if","locations":[{"start":{"line":74,"column":2},"end":{"line":76,"column":3}},{"start":{},"end":{}}],"line":74},"8":{"loc":{"start":{"line":74,"column":6},"end":{"line":74,"column":37}},"type":"binary-expr","locations":[{"start":{"line":74,"column":6},"end":{"line":74,"column":10}},{"start":{"line":74,"column":14},"end":{"line":74,"column":37}}],"line":74},"9":{"loc":{"start":{"line":78,"column":2},"end":{"line":80,"column":3}},"type":"if","locations":[{"start":{"line":78,"column":2},"end":{"line":80,"column":3}},{"start":{},"end":{}}],"line":78},"10":{"loc":{"start":{"line":81,"column":2},"end":{"line":83,"column":3}},"type":"if","locations":[{"start":{"line":81,"column":2},"end":{"line":83,"column":3}},{"start":{},"end":{}}],"line":81},"11":{"loc":{"start":{"line":84,"column":2},"end":{"line":86,"column":3}},"type":"if","locations":[{"start":{"line":84,"column":2},"end":{"line":86,"column":3}},{"start":{},"end":{}}],"line":84}},"s":{"0":1,"1":15,"2":2,"3":13,"4":9,"5":9,"6":1,"7":8,"8":8,"9":8,"10":3,"11":5,"12":9,"13":9,"14":9,"15":9,"16":9,"17":5,"18":0,"19":5,"20":6,"21":6,"22":2,"23":4,"24":4,"25":4,"26":8,"27":1,"28":7,"29":7,"30":1,"31":6,"32":1,"33":5,"34":2,"35":3},"f":{"0":15,"1":9,"2":9,"3":9,"4":6,"5":8},"b":{"0":[2,13],"1":[15,13],"2":[1,8],"3":[3,5],"4":[0,9],"5":[0,5],"6":[2,4],"7":[1,7],"8":[8,7],"9":[1,6],"10":[1,5],"11":[2,3]},"_coverageSchema":"1a1c01bbd47fc00a2c39e90264f33305004495a9","hash":"4eac75f85a81b9b39a92c47e8d1f3d89d76e2fab"}
,"/Applications/React/Nexhala/asset-manager/asset-manager/src/utils/weightConversionUtils.ts": {"path":"/Applications/React/Nexhala/asset-manager/asset-manager/src/utils/weightConversionUtils.ts","statementMap":{"0":{"start":{"line":11,"column":25},"end":{"line":11,"column":29}},"1":{"start":{"line":18,"column":2},"end":{"line":18,"column":25}},"2":{"start":{"line":25,"column":2},"end":{"line":25,"column":77}},"3":{"start":{"line":37,"column":2},"end":{"line":41,"column":4}},"4":{"start":{"line":53,"column":2},"end":{"line":53,"column":59}},"5":{"start":{"line":53,"column":50},"end":{"line":53,"column":59}},"6":{"start":{"line":54,"column":2},"end":{"line":54,"column":50}},"7":{"start":{"line":74,"column":25},"end":{"line":74,"column":56}},"8":{"start":{"line":75,"column":2},"end":{"line":82,"column":3}},"9":{"start":{"line":76,"column":4},"end":{"line":81,"column":6}},"10":{"start":{"line":84,"column":27},"end":{"line":84,"column":46}},"11":{"start":{"line":85,"column":18},"end":{"line":85,"column":52}},"12":{"start":{"line":87,"column":2},"end":{"line":103,"column":3}},"13":{"start":{"line":88,"column":24},"end":{"line":88,"column":52}},"14":{"start":{"line":89,"column":23},"end":{"line":89,"column":50}},"15":{"start":{"line":90,"column":20},"end":{"line":90,"column":48}},"16":{"start":{"line":91,"column":19},"end":{"line":91,"column":46}},"17":{"start":{"line":93,"column":4},"end":{"line":102,"column":6}},"18":{"start":{"line":105,"column":2},"end":{"line":110,"column":4}},"19":{"start":{"line":121,"column":17},"end":{"line":121,"column":70}},"20":{"start":{"line":122,"column":25},"end":{"line":122,"column":46}},"21":{"start":{"line":124,"column":2},"end":{"line":126,"column":3}},"22":{"start":{"line":125,"column":4},"end":{"line":125,"column":14}},"23":{"start":{"line":128,"column":22},"end":{"line":131,"column":4}},"24":{"start":{"line":133,"column":16},"end":{"line":133,"column":71}},"25":{"start":{"line":134,"column":2},"end":{"line":134,"column":111}},"26":{"start":{"line":136,"column":2},"end":{"line":145,"column":3}},"27":{"start":{"line":137,"column":4},"end":{"line":137,"column":60}},"28":{"start":{"line":138,"column":4},"end":{"line":144,"column":7}},"29":{"start":{"line":139,"column":36},"end":{"line":142,"column":8}},"30":{"start":{"line":143,"column":6},"end":{"line":143,"column":72}},"31":{"start":{"line":147,"column":2},"end":{"line":148,"column":112}},"32":{"start":{"line":150,"column":2},"end":{"line":150,"column":17}},"33":{"start":{"line":161,"column":2},"end":{"line":161,"column":62}},"34":{"start":{"line":168,"column":2},"end":{"line":173,"column":3}},"35":{"start":{"line":169,"column":17},"end":{"line":169,"column":26}},"36":{"start":{"line":170,"column":4},"end":{"line":172,"column":99}},"37":{"start":{"line":174,"column":2},"end":{"line":174,"column":100}}},"fnMap":{"0":{"name":"tonToKg","decl":{"start":{"line":17,"column":16},"end":{"line":17,"column":23}},"loc":{"start":{"line":17,"column":45},"end":{"line":19,"column":1}},"line":17},"1":{"name":"isWeightBasedItem","decl":{"start":{"line":24,"column":16},"end":{"line":24,"column":33}},"loc":{"start":{"line":24,"column":78},"end":{"line":26,"column":1}},"line":24},"2":{"name":"isWeightViewSupported","decl":{"start":{"line":33,"column":16},"end":{"line":33,"column":37}},"loc":{"start":{"line":36,"column":12},"end":{"line":42,"column":1}},"line":36},"3":{"name":"piecesToKg","decl":{"start":{"line":48,"column":16},"end":{"line":48,"column":26}},"loc":{"start":{"line":52,"column":10},"end":{"line":55,"column":1}},"line":52},"4":{"name":"kgToPieces","decl":{"start":{"line":69,"column":16},"end":{"line":69,"column":26}},"loc":{"start":{"line":73,"column":20},"end":{"line":111,"column":1}},"line":73},"5":{"name":"getConversionErrorMessage","decl":{"start":{"line":116,"column":16},"end":{"line":116,"column":41}},"loc":{"start":{"line":120,"column":10},"end":{"line":151,"column":1}},"line":120},"6":{"name":"(anonymous_6)","decl":{"start":{"line":138,"column":31},"end":{"line":138,"column":32}},"loc":{"start":{"line":138,"column":38},"end":{"line":144,"column":5}},"line":138},"7":{"name":"calculateTotalWeight","decl":{"start":{"line":156,"column":16},"end":{"line":156,"column":36}},"loc":{"start":{"line":160,"column":10},"end":{"line":162,"column":1}},"line":160},"8":{"name":"formatWeight","decl":{"start":{"line":167,"column":16},"end":{"line":167,"column":28}},"loc":{"start":{"line":167,"column":74},"end":{"line":175,"column":1}},"line":167}},"branchMap":{"0":{"loc":{"start":{"line":25,"column":9},"end":{"line":25,"column":76}},"type":"binary-expr","locations":[{"start":{"line":25,"column":9},"end":{"line":25,"column":49}},{"start":{"line":25,"column":53},"end":{"line":25,"column":76}}],"line":25},"1":{"loc":{"start":{"line":38,"column":4},"end":{"line":40,"column":27}},"type":"binary-expr","locations":[{"start":{"line":38,"column":4},"end":{"line":38,"column":27}},{"start":{"line":39,"column":4},"end":{"line":39,"column":44}},{"start":{"line":40,"column":4},"end":{"line":40,"column":27}}],"line":38},"2":{"loc":{"start":{"line":53,"column":2},"end":{"line":53,"column":59}},"type":"if","locations":[{"start":{"line":53,"column":2},"end":{"line":53,"column":59}},{"start":{},"end":{}}],"line":53},"3":{"loc":{"start":{"line":53,"column":6},"end":{"line":53,"column":48}},"type":"binary-expr","locations":[{"start":{"line":53,"column":6},"end":{"line":53,"column":25}},{"start":{"line":53,"column":29},"end":{"line":53,"column":48}}],"line":53},"4":{"loc":{"start":{"line":75,"column":2},"end":{"line":82,"column":3}},"type":"if","locations":[{"start":{"line":75,"column":2},"end":{"line":82,"column":3}},{"start":{},"end":{}}],"line":75},"5":{"loc":{"start":{"line":87,"column":2},"end":{"line":103,"column":3}},"type":"if","locations":[{"start":{"line":87,"column":2},"end":{"line":103,"column":3}},{"start":{},"end":{}}],"line":87},"6":{"loc":{"start":{"line":124,"column":2},"end":{"line":126,"column":3}},"type":"if","locations":[{"start":{"line":124,"column":2},"end":{"line":126,"column":3}},{"start":{},"end":{}}],"line":124},"7":{"loc":{"start":{"line":136,"column":2},"end":{"line":145,"column":3}},"type":"if","locations":[{"start":{"line":136,"column":2},"end":{"line":145,"column":3}},{"start":{},"end":{}}],"line":136},"8":{"loc":{"start":{"line":136,"column":6},"end":{"line":136,"column":57}},"type":"binary-expr","locations":[{"start":{"line":136,"column":6},"end":{"line":136,"column":24}},{"start":{"line":136,"column":28},"end":{"line":136,"column":57}}],"line":136},"9":{"loc":{"start":{"line":168,"column":2},"end":{"line":173,"column":3}},"type":"if","locations":[{"start":{"line":168,"column":2},"end":{"line":173,"column":3}},{"start":{},"end":{}}],"line":168},"10":{"loc":{"start":{"line":170,"column":11},"end":{"line":172,"column":98}},"type":"cond-expr","locations":[{"start":{"line":171,"column":8},"end":{"line":171,"column":101}},{"start":{"line":172,"column":8},"end":{"line":172,"column":98}}],"line":170}},"s":{"0":1,"1":2,"2":6,"3":3,"4":4,"5":2,"6":2,"7":5,"8":5,"9":1,"10":4,"11":4,"12":4,"13":2,"14":2,"15":2,"16":2,"17":2,"18":2,"19":2,"20":2,"21":2,"22":1,"23":1,"24":1,"25":1,"26":1,"27":1,"28":1,"29":2,"30":2,"31":1,"32":1,"33":1,"34":4,"35":2,"36":2,"37":2},"f":{"0":2,"1":6,"2":3,"3":4,"4":5,"5":2,"6":2,"7":1,"8":4},"b":{"0":[6,5],"1":[3,3,2],"2":[2,2],"3":[4,3],"4":[1,4],"5":[2,2],"6":[1,1],"7":[1,0],"8":[1,1],"9":[2,2],"10":[1,1]},"_coverageSchema":"1a1c01bbd47fc00a2c39e90264f33305004495a9","hash":"fc54d44d3d33ca6cc846fc9184631be40bd710a5"}
}
