{"/Applications/React/Nexhala/asset-manager/asset-manager/src/components/Dashboard/DashboardGreeting.tsx": {"path":"/Applications/React/Nexhala/asset-manager/asset-manager/src/components/Dashboard/DashboardGreeting.tsx","statementMap":{"0":{"start":{"line":21,"column":23},"end":{"line":21,"column":45}},"1":{"start":{"line":23,"column":4},"end":{"line":29,"column":10}},"2":{"start":{"line":31,"column":2},"end":{"line":41,"column":4}}},"fnMap":{"0":{"name":"DashboardGreeting","decl":{"start":{"line":16,"column":16},"end":{"line":16,"column":33}},"loc":{"start":{"line":20,"column":27},"end":{"line":42,"column":1}},"line":20}},"branchMap":{"0":{"loc":{"start":{"line":21,"column":23},"end":{"line":21,"column":45}},"type":"binary-expr","locations":[{"start":{"line":21,"column":23},"end":{"line":21,"column":34}},{"start":{"line":21,"column":38},"end":{"line":21,"column":45}}],"line":21},"1":{"loc":{"start":{"line":23,"column":4},"end":{"line":29,"column":10}},"type":"cond-expr","locations":[{"start":{"line":24,"column":8},"end":{"line":24,"column":16}},{"start":{"line":25,"column":8},"end":{"line":29,"column":10}}],"line":23},"2":{"loc":{"start":{"line":23,"column":4},"end":{"line":23,"column":39}},"type":"binary-expr","locations":[{"start":{"line":23,"column":4},"end":{"line":23,"column":27}},{"start":{"line":23,"column":31},"end":{"line":23,"column":39}}],"line":23}},"s":{"0":5,"1":5,"2":5},"f":{"0":5},"b":{"0":[5,0],"1":[1,4],"2":[5,2]},"_coverageSchema":"1a1c01bbd47fc00a2c39e90264f33305004495a9","hash":"0b84b2b6dd7392f93de425d007104d677dc7cefa"}
,"/Applications/React/Nexhala/asset-manager/asset-manager/src/store/slices/authSlice.ts": {"path":"/Applications/React/Nexhala/asset-manager/asset-manager/src/store/slices/authSlice.ts","statementMap":{"0":{"start":{"line":7,"column":32},"end":{"line":14,"column":1}},"1":{"start":{"line":16,"column":18},"end":{"line":98,"column":2}},"2":{"start":{"line":21,"column":6},"end":{"line":21,"column":34}},"3":{"start":{"line":22,"column":6},"end":{"line":22,"column":54}},"4":{"start":{"line":23,"column":6},"end":{"line":23,"column":25}},"5":{"start":{"line":25,"column":6},"end":{"line":31,"column":7}},"6":{"start":{"line":26,"column":8},"end":{"line":26,"column":30}},"7":{"start":{"line":27,"column":8},"end":{"line":27,"column":36}},"8":{"start":{"line":30,"column":8},"end":{"line":30,"column":35}},"9":{"start":{"line":34,"column":6},"end":{"line":34,"column":38}},"10":{"start":{"line":35,"column":6},"end":{"line":35,"column":34}},"11":{"start":{"line":38,"column":6},"end":{"line":38,"column":43}},"12":{"start":{"line":41,"column":6},"end":{"line":41,"column":25}},"13":{"start":{"line":44,"column":6},"end":{"line":44,"column":39}},"14":{"start":{"line":48,"column":4},"end":{"line":96,"column":9}},"15":{"start":{"line":50,"column":8},"end":{"line":50,"column":31}},"16":{"start":{"line":51,"column":8},"end":{"line":51,"column":27}},"17":{"start":{"line":54,"column":8},"end":{"line":54,"column":32}},"18":{"start":{"line":55,"column":8},"end":{"line":55,"column":36}},"19":{"start":{"line":56,"column":8},"end":{"line":56,"column":37}},"20":{"start":{"line":57,"column":8},"end":{"line":57,"column":27}},"21":{"start":{"line":60,"column":8},"end":{"line":60,"column":32}},"22":{"start":{"line":61,"column":8},"end":{"line":61,"column":47}},"23":{"start":{"line":62,"column":8},"end":{"line":62,"column":26}},"24":{"start":{"line":63,"column":8},"end":{"line":63,"column":38}},"25":{"start":{"line":66,"column":8},"end":{"line":66,"column":31}},"26":{"start":{"line":67,"column":8},"end":{"line":67,"column":27}},"27":{"start":{"line":70,"column":8},"end":{"line":70,"column":32}},"28":{"start":{"line":71,"column":8},"end":{"line":71,"column":36}},"29":{"start":{"line":72,"column":8},"end":{"line":72,"column":37}},"30":{"start":{"line":73,"column":8},"end":{"line":73,"column":27}},"31":{"start":{"line":76,"column":8},"end":{"line":76,"column":32}},"32":{"start":{"line":77,"column":8},"end":{"line":77,"column":47}},"33":{"start":{"line":78,"column":8},"end":{"line":78,"column":26}},"34":{"start":{"line":79,"column":8},"end":{"line":79,"column":38}},"35":{"start":{"line":82,"column":8},"end":{"line":82,"column":31}},"36":{"start":{"line":83,"column":8},"end":{"line":83,"column":27}},"37":{"start":{"line":86,"column":8},"end":{"line":86,"column":32}},"38":{"start":{"line":87,"column":8},"end":{"line":87,"column":26}},"39":{"start":{"line":88,"column":8},"end":{"line":88,"column":30}},"40":{"start":{"line":89,"column":8},"end":{"line":89,"column":36}},"41":{"start":{"line":90,"column":8},"end":{"line":90,"column":38}},"42":{"start":{"line":91,"column":8},"end":{"line":91,"column":27}},"43":{"start":{"line":94,"column":8},"end":{"line":94,"column":32}},"44":{"start":{"line":95,"column":8},"end":{"line":95,"column":47}},"45":{"start":{"line":100,"column":80},"end":{"line":100,"column":97}}},"fnMap":{"0":{"name":"(anonymous_0)","decl":{"start":{"line":20,"column":13},"end":{"line":20,"column":14}},"loc":{"start":{"line":20,"column":60},"end":{"line":32,"column":5}},"line":20},"1":{"name":"(anonymous_1)","decl":{"start":{"line":33,"column":17},"end":{"line":33,"column":18}},"loc":{"start":{"line":33,"column":72},"end":{"line":36,"column":5}},"line":33},"2":{"name":"(anonymous_2)","decl":{"start":{"line":37,"column":20},"end":{"line":37,"column":21}},"loc":{"start":{"line":37,"column":63},"end":{"line":39,"column":5}},"line":37},"3":{"name":"(anonymous_3)","decl":{"start":{"line":40,"column":16},"end":{"line":40,"column":17}},"loc":{"start":{"line":40,"column":27},"end":{"line":42,"column":5}},"line":40},"4":{"name":"(anonymous_4)","decl":{"start":{"line":43,"column":16},"end":{"line":43,"column":17}},"loc":{"start":{"line":43,"column":59},"end":{"line":45,"column":5}},"line":43},"5":{"name":"(anonymous_5)","decl":{"start":{"line":47,"column":17},"end":{"line":47,"column":18}},"loc":{"start":{"line":47,"column":30},"end":{"line":97,"column":3}},"line":47},"6":{"name":"(anonymous_6)","decl":{"start":{"line":49,"column":35},"end":{"line":49,"column":36}},"loc":{"start":{"line":49,"column":46},"end":{"line":52,"column":7}},"line":49},"7":{"name":"(anonymous_7)","decl":{"start":{"line":53,"column":37},"end":{"line":53,"column":38}},"loc":{"start":{"line":53,"column":56},"end":{"line":58,"column":7}},"line":53},"8":{"name":"(anonymous_8)","decl":{"start":{"line":59,"column":36},"end":{"line":59,"column":37}},"loc":{"start":{"line":59,"column":55},"end":{"line":64,"column":7}},"line":59},"9":{"name":"(anonymous_9)","decl":{"start":{"line":65,"column":35},"end":{"line":65,"column":36}},"loc":{"start":{"line":65,"column":46},"end":{"line":68,"column":7}},"line":65},"10":{"name":"(anonymous_10)","decl":{"start":{"line":69,"column":37},"end":{"line":69,"column":38}},"loc":{"start":{"line":69,"column":56},"end":{"line":74,"column":7}},"line":69},"11":{"name":"(anonymous_11)","decl":{"start":{"line":75,"column":36},"end":{"line":75,"column":37}},"loc":{"start":{"line":75,"column":55},"end":{"line":80,"column":7}},"line":75},"12":{"name":"(anonymous_12)","decl":{"start":{"line":81,"column":36},"end":{"line":81,"column":37}},"loc":{"start":{"line":81,"column":47},"end":{"line":84,"column":7}},"line":81},"13":{"name":"(anonymous_13)","decl":{"start":{"line":85,"column":38},"end":{"line":85,"column":39}},"loc":{"start":{"line":85,"column":49},"end":{"line":92,"column":7}},"line":85},"14":{"name":"(anonymous_14)","decl":{"start":{"line":93,"column":37},"end":{"line":93,"column":38}},"loc":{"start":{"line":93,"column":56},"end":{"line":96,"column":7}},"line":93}},"branchMap":{"0":{"loc":{"start":{"line":25,"column":6},"end":{"line":31,"column":7}},"type":"if","locations":[{"start":{"line":25,"column":6},"end":{"line":31,"column":7}},{"start":{"line":28,"column":13},"end":{"line":31,"column":7}}],"line":25}},"s":{"0":1,"1":1,"2":4,"3":4,"4":4,"5":4,"6":1,"7":1,"8":3,"9":1,"10":1,"11":0,"12":1,"13":1,"14":1,"15":0,"16":0,"17":0,"18":0,"19":0,"20":0,"21":0,"22":0,"23":0,"24":0,"25":1,"26":1,"27":2,"28":2,"29":2,"30":2,"31":1,"32":1,"33":1,"34":1,"35":0,"36":0,"37":1,"38":1,"39":1,"40":1,"41":1,"42":1,"43":0,"44":0,"45":1},"f":{"0":4,"1":1,"2":0,"3":1,"4":1,"5":1,"6":0,"7":0,"8":0,"9":1,"10":2,"11":1,"12":0,"13":1,"14":0},"b":{"0":[1,3]},"_coverageSchema":"1a1c01bbd47fc00a2c39e90264f33305004495a9","hash":"7b176da439d3046bb6956b1eda86f6dbbb8b3758"}
,"/Applications/React/Nexhala/asset-manager/asset-manager/src/store/slices/requestsSlice.ts": {"path":"/Applications/React/Nexhala/asset-manager/asset-manager/src/store/slices/requestsSlice.ts","statementMap":{"0":{"start":{"line":18,"column":36},"end":{"line":30,"column":1}},"1":{"start":{"line":32,"column":22},"end":{"line":143,"column":2}},"2":{"start":{"line":39,"column":19},"end":{"line":39,"column":45}},"3":{"start":{"line":40,"column":6},"end":{"line":42,"column":9}},"4":{"start":{"line":41,"column":8},"end":{"line":41,"column":71}},"5":{"start":{"line":41,"column":53},"end":{"line":41,"column":71}},"6":{"start":{"line":43,"column":6},"end":{"line":43,"column":49}},"7":{"start":{"line":44,"column":6},"end":{"line":44,"column":28}},"8":{"start":{"line":49,"column":19},"end":{"line":49,"column":45}},"9":{"start":{"line":50,"column":6},"end":{"line":52,"column":9}},"10":{"start":{"line":51,"column":8},"end":{"line":51,"column":47}},"11":{"start":{"line":51,"column":29},"end":{"line":51,"column":47}},"12":{"start":{"line":53,"column":6},"end":{"line":53,"column":51}},"13":{"start":{"line":54,"column":6},"end":{"line":54,"column":28}},"14":{"start":{"line":58,"column":6},"end":{"line":58,"column":45}},"15":{"start":{"line":64,"column":22},"end":{"line":64,"column":55}},"16":{"start":{"line":65,"column":33},"end":{"line":65,"column":89}},"17":{"start":{"line":65,"column":62},"end":{"line":65,"column":88}},"18":{"start":{"line":67,"column":6},"end":{"line":69,"column":7}},"19":{"start":{"line":68,"column":8},"end":{"line":68,"column":49}},"20":{"start":{"line":70,"column":6},"end":{"line":75,"column":7}},"21":{"start":{"line":71,"column":33},"end":{"line":71,"column":87}},"22":{"start":{"line":71,"column":60},"end":{"line":71,"column":86}},"23":{"start":{"line":72,"column":8},"end":{"line":74,"column":9}},"24":{"start":{"line":73,"column":10},"end":{"line":73,"column":49}},"25":{"start":{"line":79,"column":29},"end":{"line":79,"column":43}},"26":{"start":{"line":80,"column":6},"end":{"line":80,"column":38}},"27":{"start":{"line":80,"column":31},"end":{"line":80,"column":38}},"28":{"start":{"line":83,"column":27},"end":{"line":83,"column":86}},"29":{"start":{"line":83,"column":59},"end":{"line":83,"column":85}},"30":{"start":{"line":84,"column":6},"end":{"line":92,"column":7}},"31":{"start":{"line":85,"column":8},"end":{"line":85,"column":54}},"32":{"start":{"line":86,"column":13},"end":{"line":92,"column":7}},"33":{"start":{"line":88,"column":33},"end":{"line":88,"column":87}},"34":{"start":{"line":88,"column":60},"end":{"line":88,"column":86}},"35":{"start":{"line":89,"column":8},"end":{"line":91,"column":9}},"36":{"start":{"line":90,"column":10},"end":{"line":90,"column":49}},"37":{"start":{"line":95,"column":29},"end":{"line":95,"column":90}},"38":{"start":{"line":95,"column":63},"end":{"line":95,"column":89}},"39":{"start":{"line":96,"column":6},"end":{"line":100,"column":7}},"40":{"start":{"line":97,"column":8},"end":{"line":97,"column":58}},"41":{"start":{"line":103,"column":6},"end":{"line":105,"column":7}},"42":{"start":{"line":104,"column":8},"end":{"line":104,"column":47}},"43":{"start":{"line":110,"column":6},"end":{"line":110,"column":62}},"44":{"start":{"line":114,"column":6},"end":{"line":114,"column":43}},"45":{"start":{"line":119,"column":6},"end":{"line":119,"column":37}},"46":{"start":{"line":123,"column":6},"end":{"line":123,"column":35}},"47":{"start":{"line":124,"column":6},"end":{"line":124,"column":40}},"48":{"start":{"line":125,"column":6},"end":{"line":125,"column":28}},"49":{"start":{"line":129,"column":6},"end":{"line":129,"column":25}},"50":{"start":{"line":130,"column":6},"end":{"line":130,"column":34}},"51":{"start":{"line":135,"column":6},"end":{"line":135,"column":26}},"52":{"start":{"line":136,"column":6},"end":{"line":136,"column":28}},"53":{"start":{"line":137,"column":6},"end":{"line":137,"column":35}},"54":{"start":{"line":138,"column":6},"end":{"line":138,"column":28}},"55":{"start":{"line":139,"column":6},"end":{"line":139,"column":25}},"56":{"start":{"line":140,"column":6},"end":{"line":140,"column":34}},"57":{"start":{"line":157,"column":4},"end":{"line":157,"column":25}}},"fnMap":{"0":{"name":"(anonymous_0)","decl":{"start":{"line":37,"column":17},"end":{"line":37,"column":18}},"loc":{"start":{"line":37,"column":62},"end":{"line":45,"column":5}},"line":37},"1":{"name":"(anonymous_1)","decl":{"start":{"line":40,"column":29},"end":{"line":40,"column":30}},"loc":{"start":{"line":40,"column":36},"end":{"line":42,"column":7}},"line":40},"2":{"name":"(anonymous_2)","decl":{"start":{"line":47,"column":19},"end":{"line":47,"column":20}},"loc":{"start":{"line":47,"column":64},"end":{"line":55,"column":5}},"line":47},"3":{"name":"(anonymous_3)","decl":{"start":{"line":50,"column":29},"end":{"line":50,"column":30}},"loc":{"start":{"line":50,"column":36},"end":{"line":52,"column":7}},"line":50},"4":{"name":"(anonymous_4)","decl":{"start":{"line":57,"column":24},"end":{"line":57,"column":25}},"loc":{"start":{"line":57,"column":74},"end":{"line":59,"column":5}},"line":57},"5":{"name":"(anonymous_5)","decl":{"start":{"line":61,"column":16},"end":{"line":61,"column":17}},"loc":{"start":{"line":61,"column":59},"end":{"line":76,"column":5}},"line":61},"6":{"name":"(anonymous_6)","decl":{"start":{"line":65,"column":55},"end":{"line":65,"column":56}},"loc":{"start":{"line":65,"column":62},"end":{"line":65,"column":88}},"line":65},"7":{"name":"(anonymous_7)","decl":{"start":{"line":71,"column":53},"end":{"line":71,"column":54}},"loc":{"start":{"line":71,"column":60},"end":{"line":71,"column":86}},"line":71},"8":{"name":"(anonymous_8)","decl":{"start":{"line":78,"column":26},"end":{"line":78,"column":27}},"loc":{"start":{"line":78,"column":69},"end":{"line":106,"column":5}},"line":78},"9":{"name":"(anonymous_9)","decl":{"start":{"line":83,"column":52},"end":{"line":83,"column":53}},"loc":{"start":{"line":83,"column":59},"end":{"line":83,"column":85}},"line":83},"10":{"name":"(anonymous_10)","decl":{"start":{"line":88,"column":53},"end":{"line":88,"column":54}},"loc":{"start":{"line":88,"column":60},"end":{"line":88,"column":86}},"line":88},"11":{"name":"(anonymous_11)","decl":{"start":{"line":95,"column":56},"end":{"line":95,"column":57}},"loc":{"start":{"line":95,"column":63},"end":{"line":95,"column":89}},"line":95},"12":{"name":"(anonymous_12)","decl":{"start":{"line":109,"column":16},"end":{"line":109,"column":17}},"loc":{"start":{"line":109,"column":85},"end":{"line":111,"column":5}},"line":109},"13":{"name":"(anonymous_13)","decl":{"start":{"line":113,"column":18},"end":{"line":113,"column":19}},"loc":{"start":{"line":113,"column":29},"end":{"line":115,"column":5}},"line":113},"14":{"name":"(anonymous_14)","decl":{"start":{"line":118,"column":16},"end":{"line":118,"column":17}},"loc":{"start":{"line":118,"column":59},"end":{"line":120,"column":5}},"line":118},"15":{"name":"(anonymous_15)","decl":{"start":{"line":122,"column":14},"end":{"line":122,"column":15}},"loc":{"start":{"line":122,"column":56},"end":{"line":126,"column":5}},"line":122},"16":{"name":"(anonymous_16)","decl":{"start":{"line":128,"column":16},"end":{"line":128,"column":17}},"loc":{"start":{"line":128,"column":27},"end":{"line":131,"column":5}},"line":128},"17":{"name":"(anonymous_17)","decl":{"start":{"line":134,"column":19},"end":{"line":134,"column":20}},"loc":{"start":{"line":134,"column":30},"end":{"line":141,"column":5}},"line":134}},"branchMap":{"0":{"loc":{"start":{"line":41,"column":8},"end":{"line":41,"column":71}},"type":"if","locations":[{"start":{"line":41,"column":8},"end":{"line":41,"column":71}},{"start":{},"end":{}}],"line":41},"1":{"loc":{"start":{"line":41,"column":12},"end":{"line":41,"column":51}},"type":"binary-expr","locations":[{"start":{"line":41,"column":12},"end":{"line":41,"column":32}},{"start":{"line":41,"column":36},"end":{"line":41,"column":51}}],"line":41},"2":{"loc":{"start":{"line":51,"column":8},"end":{"line":51,"column":47}},"type":"if","locations":[{"start":{"line":51,"column":8},"end":{"line":51,"column":47}},{"start":{},"end":{}}],"line":51},"3":{"loc":{"start":{"line":67,"column":6},"end":{"line":69,"column":7}},"type":"if","locations":[{"start":{"line":67,"column":6},"end":{"line":69,"column":7}},{"start":{},"end":{}}],"line":67},"4":{"loc":{"start":{"line":70,"column":6},"end":{"line":75,"column":7}},"type":"if","locations":[{"start":{"line":70,"column":6},"end":{"line":75,"column":7}},{"start":{},"end":{}}],"line":70},"5":{"loc":{"start":{"line":72,"column":8},"end":{"line":74,"column":9}},"type":"if","locations":[{"start":{"line":72,"column":8},"end":{"line":74,"column":9}},{"start":{},"end":{}}],"line":72},"6":{"loc":{"start":{"line":80,"column":6},"end":{"line":80,"column":38}},"type":"if","locations":[{"start":{"line":80,"column":6},"end":{"line":80,"column":38}},{"start":{},"end":{}}],"line":80},"7":{"loc":{"start":{"line":84,"column":6},"end":{"line":92,"column":7}},"type":"if","locations":[{"start":{"line":84,"column":6},"end":{"line":92,"column":7}},{"start":{"line":86,"column":13},"end":{"line":92,"column":7}}],"line":84},"8":{"loc":{"start":{"line":86,"column":13},"end":{"line":92,"column":7}},"type":"if","locations":[{"start":{"line":86,"column":13},"end":{"line":92,"column":7}},{"start":{},"end":{}}],"line":86},"9":{"loc":{"start":{"line":89,"column":8},"end":{"line":91,"column":9}},"type":"if","locations":[{"start":{"line":89,"column":8},"end":{"line":91,"column":9}},{"start":{},"end":{}}],"line":89},"10":{"loc":{"start":{"line":96,"column":6},"end":{"line":100,"column":7}},"type":"if","locations":[{"start":{"line":96,"column":6},"end":{"line":100,"column":7}},{"start":{"line":98,"column":13},"end":{"line":100,"column":7}}],"line":96},"11":{"loc":{"start":{"line":103,"column":6},"end":{"line":105,"column":7}},"type":"if","locations":[{"start":{"line":103,"column":6},"end":{"line":105,"column":7}},{"start":{},"end":{}}],"line":103}},"s":{"0":1,"1":1,"2":1,"3":1,"4":2,"5":1,"6":1,"7":1,"8":2,"9":2,"10":3,"11":2,"12":2,"13":2,"14":1,"15":0,"16":0,"17":0,"18":0,"19":0,"20":0,"21":0,"22":0,"23":0,"24":0,"25":0,"26":0,"27":0,"28":0,"29":0,"30":0,"31":0,"32":0,"33":0,"34":0,"35":0,"36":0,"37":0,"38":0,"39":0,"40":0,"41":0,"42":0,"43":2,"44":1,"45":1,"46":2,"47":2,"48":2,"49":1,"50":1,"51":1,"52":1,"53":1,"54":1,"55":1,"56":1,"57":1},"f":{"0":1,"1":2,"2":2,"3":3,"4":1,"5":0,"6":0,"7":0,"8":0,"9":0,"10":0,"11":0,"12":2,"13":1,"14":1,"15":2,"16":1,"17":1},"b":{"0":[1,1],"1":[2,1],"2":[2,1],"3":[0,0],"4":[0,0],"5":[0,0],"6":[0,0],"7":[0,0],"8":[0,0],"9":[0,0],"10":[0,0],"11":[0,0]},"_coverageSchema":"1a1c01bbd47fc00a2c39e90264f33305004495a9","hash":"dc427f343e43fd0918c23b1e2526ed107cfd870c"}
,"/Applications/React/Nexhala/asset-manager/asset-manager/src/utils/authValidation.ts": {"path":"/Applications/React/Nexhala/asset-manager/asset-manager/src/utils/authValidation.ts","statementMap":{"0":{"start":{"line":4,"column":2},"end":{"line":4,"column":57}},"1":{"start":{"line":8,"column":33},"end":{"line":8,"column":35}},"2":{"start":{"line":9,"column":2},"end":{"line":13,"column":3}},"3":{"start":{"line":10,"column":4},"end":{"line":10,"column":39}},"4":{"start":{"line":11,"column":9},"end":{"line":13,"column":3}},"5":{"start":{"line":12,"column":4},"end":{"line":12,"column":48}},"6":{"start":{"line":14,"column":2},"end":{"line":18,"column":3}},"7":{"start":{"line":15,"column":4},"end":{"line":15,"column":45}},"8":{"start":{"line":16,"column":9},"end":{"line":18,"column":3}},"9":{"start":{"line":17,"column":4},"end":{"line":17,"column":63}},"10":{"start":{"line":19,"column":2},"end":{"line":19,"column":16}},"11":{"start":{"line":26,"column":17},"end":{"line":26,"column":42}},"12":{"start":{"line":27,"column":2},"end":{"line":29,"column":3}},"13":{"start":{"line":28,"column":4},"end":{"line":28,"column":37}},"14":{"start":{"line":30,"column":2},"end":{"line":34,"column":3}},"15":{"start":{"line":31,"column":4},"end":{"line":31,"column":60}},"16":{"start":{"line":32,"column":9},"end":{"line":34,"column":3}},"17":{"start":{"line":33,"column":4},"end":{"line":33,"column":54}},"18":{"start":{"line":35,"column":2},"end":{"line":35,"column":16}}},"fnMap":{"0":{"name":"validateEmail","decl":{"start":{"line":3,"column":16},"end":{"line":3,"column":29}},"loc":{"start":{"line":3,"column":54},"end":{"line":5,"column":1}},"line":3},"1":{"name":"validateLoginForm","decl":{"start":{"line":7,"column":16},"end":{"line":7,"column":33}},"loc":{"start":{"line":7,"column":74},"end":{"line":20,"column":1}},"line":7},"2":{"name":"validateSignupForm","decl":{"start":{"line":22,"column":16},"end":{"line":22,"column":34}},"loc":{"start":{"line":25,"column":18},"end":{"line":36,"column":1}},"line":25}},"branchMap":{"0":{"loc":{"start":{"line":9,"column":2},"end":{"line":13,"column":3}},"type":"if","locations":[{"start":{"line":9,"column":2},"end":{"line":13,"column":3}},{"start":{"line":11,"column":9},"end":{"line":13,"column":3}}],"line":9},"1":{"loc":{"start":{"line":11,"column":9},"end":{"line":13,"column":3}},"type":"if","locations":[{"start":{"line":11,"column":9},"end":{"line":13,"column":3}},{"start":{},"end":{}}],"line":11},"2":{"loc":{"start":{"line":14,"column":2},"end":{"line":18,"column":3}},"type":"if","locations":[{"start":{"line":14,"column":2},"end":{"line":18,"column":3}},{"start":{"line":16,"column":9},"end":{"line":18,"column":3}}],"line":14},"3":{"loc":{"start":{"line":16,"column":9},"end":{"line":18,"column":3}},"type":"if","locations":[{"start":{"line":16,"column":9},"end":{"line":18,"column":3}},{"start":{},"end":{}}],"line":16},"4":{"loc":{"start":{"line":27,"column":2},"end":{"line":29,"column":3}},"type":"if","locations":[{"start":{"line":27,"column":2},"end":{"line":29,"column":3}},{"start":{},"end":{}}],"line":27},"5":{"loc":{"start":{"line":30,"column":2},"end":{"line":34,"column":3}},"type":"if","locations":[{"start":{"line":30,"column":2},"end":{"line":34,"column":3}},{"start":{"line":32,"column":9},"end":{"line":34,"column":3}}],"line":30},"6":{"loc":{"start":{"line":32,"column":9},"end":{"line":34,"column":3}},"type":"if","locations":[{"start":{"line":32,"column":9},"end":{"line":34,"column":3}},{"start":{},"end":{}}],"line":32}},"s":{"0":17,"1":10,"2":10,"3":2,"4":8,"5":1,"6":10,"7":1,"8":9,"9":2,"10":10,"11":5,"12":5,"13":1,"14":5,"15":1,"16":4,"17":1,"18":5},"f":{"0":17,"1":10,"2":5},"b":{"0":[2,8],"1":[1,7],"2":[1,9],"3":[2,7],"4":[1,4],"5":[1,4],"6":[1,3]},"_coverageSchema":"1a1c01bbd47fc00a2c39e90264f33305004495a9","hash":"f548db4a84d009a4715740cc896909ac5068b35e"}
,"/Applications/React/Nexhala/asset-manager/asset-manager/src/utils/csvExport.ts": {"path":"/Applications/React/Nexhala/asset-manager/asset-manager/src/utils/csvExport.ts","statementMap":{"0":{"start":{"line":14,"column":2},"end":{"line":51,"column":3}},"1":{"start":{"line":15,"column":22},"end":{"line":15,"column":60}},"2":{"start":{"line":16,"column":25},"end":{"line":16,"column":55}},"3":{"start":{"line":17,"column":24},"end":{"line":17,"column":52}},"4":{"start":{"line":18,"column":4},"end":{"line":20,"column":5}},"5":{"start":{"line":19,"column":6},"end":{"line":19,"column":61}},"6":{"start":{"line":21,"column":20},"end":{"line":21,"column":51}},"7":{"start":{"line":23,"column":4},"end":{"line":25,"column":7}},"8":{"start":{"line":27,"column":4},"end":{"line":35,"column":5}},"9":{"start":{"line":28,"column":6},"end":{"line":32,"column":9}},"10":{"start":{"line":34,"column":6},"end":{"line":34,"column":65}},"11":{"start":{"line":37,"column":16},"end":{"line":37,"column":30}},"12":{"start":{"line":38,"column":4},"end":{"line":38,"column":52}},"13":{"start":{"line":40,"column":4},"end":{"line":48,"column":5}},"14":{"start":{"line":45,"column":6},"end":{"line":47,"column":8}},"15":{"start":{"line":50,"column":4},"end":{"line":50,"column":59}}},"fnMap":{"0":{"name":"saveCsvAndShare","decl":{"start":{"line":10,"column":22},"end":{"line":10,"column":37}},"loc":{"start":{"line":13,"column":17},"end":{"line":52,"column":1}},"line":13}},"branchMap":{"0":{"loc":{"start":{"line":12,"column":2},"end":{"line":12,"column":29}},"type":"default-arg","locations":[{"start":{"line":12,"column":21},"end":{"line":12,"column":29}}],"line":12},"1":{"loc":{"start":{"line":18,"column":4},"end":{"line":20,"column":5}},"type":"if","locations":[{"start":{"line":18,"column":4},"end":{"line":20,"column":5}},{"start":{},"end":{}}],"line":18},"2":{"loc":{"start":{"line":27,"column":4},"end":{"line":35,"column":5}},"type":"if","locations":[{"start":{"line":27,"column":4},"end":{"line":35,"column":5}},{"start":{"line":33,"column":11},"end":{"line":35,"column":5}}],"line":27},"3":{"loc":{"start":{"line":40,"column":4},"end":{"line":48,"column":5}},"type":"if","locations":[{"start":{"line":40,"column":4},"end":{"line":48,"column":5}},{"start":{},"end":{}}],"line":40},"4":{"loc":{"start":{"line":41,"column":6},"end":{"line":43,"column":49}},"type":"binary-expr","locations":[{"start":{"line":41,"column":6},"end":{"line":41,"column":47}},{"start":{"line":42,"column":6},"end":{"line":42,"column":43}},{"start":{"line":43,"column":6},"end":{"line":43,"column":49}}],"line":41},"5":{"loc":{"start":{"line":50,"column":20},"end":{"line":50,"column":57}},"type":"binary-expr","locations":[{"start":{"line":50,"column":20},"end":{"line":50,"column":31}},{"start":{"line":50,"column":35},"end":{"line":50,"column":57}}],"line":50}},"s":{"0":2,"1":2,"2":2,"3":2,"4":2,"5":0,"6":2,"7":2,"8":2,"9":2,"10":0,"11":0,"12":0,"13":0,"14":0,"15":0},"f":{"0":2},"b":{"0":[1],"1":[0,2],"2":[2,0],"3":[0,0],"4":[0,0,0],"5":[0,0]},"_coverageSchema":"1a1c01bbd47fc00a2c39e90264f33305004495a9","hash":"225b0764fc4c1bd7dc36ce3ef777eee774e4298e"}
,"/Applications/React/Nexhala/asset-manager/asset-manager/src/utils/dateSerialization.ts": {"path":"/Applications/React/Nexhala/asset-manager/asset-manager/src/utils/dateSerialization.ts","statementMap":{"0":{"start":{"line":18,"column":2},"end":{"line":18,"column":32}},"1":{"start":{"line":18,"column":20},"end":{"line":18,"column":32}},"2":{"start":{"line":19,"column":2},"end":{"line":19,"column":44}},"3":{"start":{"line":19,"column":32},"end":{"line":19,"column":44}},"4":{"start":{"line":20,"column":2},"end":{"line":20,"column":58}},"5":{"start":{"line":27,"column":2},"end":{"line":27,"column":31}},"6":{"start":{"line":27,"column":19},"end":{"line":27,"column":31}},"7":{"start":{"line":28,"column":2},"end":{"line":28,"column":38}},"8":{"start":{"line":28,"column":27},"end":{"line":28,"column":38}},"9":{"start":{"line":29,"column":2},"end":{"line":29,"column":43}},"10":{"start":{"line":29,"column":31},"end":{"line":29,"column":43}},"11":{"start":{"line":30,"column":12},"end":{"line":30,"column":25}},"12":{"start":{"line":31,"column":2},"end":{"line":31,"column":46}},"13":{"start":{"line":40,"column":42},"end":{"line":40,"column":49}},"14":{"start":{"line":41,"column":2},"end":{"line":45,"column":104}},"15":{"start":{"line":54,"column":42},"end":{"line":54,"column":49}},"16":{"start":{"line":55,"column":2},"end":{"line":59,"column":100}}},"fnMap":{"0":{"name":"dateToIso","decl":{"start":{"line":17,"column":16},"end":{"line":17,"column":25}},"loc":{"start":{"line":17,"column":81},"end":{"line":21,"column":1}},"line":17},"1":{"name":"isoToDate","decl":{"start":{"line":26,"column":16},"end":{"line":26,"column":25}},"loc":{"start":{"line":26,"column":78},"end":{"line":32,"column":1}},"line":26},"2":{"name":"filtersToStore","decl":{"start":{"line":37,"column":16},"end":{"line":37,"column":30}},"loc":{"start":{"line":39,"column":100},"end":{"line":46,"column":1}},"line":39},"3":{"name":"filtersToUI","decl":{"start":{"line":51,"column":16},"end":{"line":51,"column":27}},"loc":{"start":{"line":53,"column":96},"end":{"line":60,"column":1}},"line":53}},"branchMap":{"0":{"loc":{"start":{"line":18,"column":2},"end":{"line":18,"column":32}},"type":"if","locations":[{"start":{"line":18,"column":2},"end":{"line":18,"column":32}},{"start":{},"end":{}}],"line":18},"1":{"loc":{"start":{"line":19,"column":2},"end":{"line":19,"column":44}},"type":"if","locations":[{"start":{"line":19,"column":2},"end":{"line":19,"column":44}},{"start":{},"end":{}}],"line":19},"2":{"loc":{"start":{"line":20,"column":9},"end":{"line":20,"column":57}},"type":"cond-expr","locations":[{"start":{"line":20,"column":32},"end":{"line":20,"column":50}},{"start":{"line":20,"column":53},"end":{"line":20,"column":57}}],"line":20},"3":{"loc":{"start":{"line":27,"column":2},"end":{"line":27,"column":31}},"type":"if","locations":[{"start":{"line":27,"column":2},"end":{"line":27,"column":31}},{"start":{},"end":{}}],"line":27},"4":{"loc":{"start":{"line":28,"column":2},"end":{"line":28,"column":38}},"type":"if","locations":[{"start":{"line":28,"column":2},"end":{"line":28,"column":38}},{"start":{},"end":{}}],"line":28},"5":{"loc":{"start":{"line":29,"column":2},"end":{"line":29,"column":43}},"type":"if","locations":[{"start":{"line":29,"column":2},"end":{"line":29,"column":43}},{"start":{},"end":{}}],"line":29},"6":{"loc":{"start":{"line":31,"column":9},"end":{"line":31,"column":45}},"type":"cond-expr","locations":[{"start":{"line":31,"column":37},"end":{"line":31,"column":41}},{"start":{"line":31,"column":44},"end":{"line":31,"column":45}}],"line":31}},"s":{"0":8,"1":2,"2":6,"3":1,"4":5,"5":9,"6":2,"7":7,"8":1,"9":6,"10":0,"11":6,"12":6,"13":2,"14":2,"15":2,"16":2},"f":{"0":8,"1":9,"2":2,"3":2},"b":{"0":[2,6],"1":[1,5],"2":[5,0],"3":[2,7],"4":[1,6],"5":[0,6],"6":[1,5]},"_coverageSchema":"1a1c01bbd47fc00a2c39e90264f33305004495a9","hash":"483bf2eb0db137e9f7948e880b198ec65d6a453f"}
,"/Applications/React/Nexhala/asset-manager/asset-manager/src/utils/firebaseUtils.ts": {"path":"/Applications/React/Nexhala/asset-manager/asset-manager/src/utils/firebaseUtils.ts","statementMap":{"0":{"start":{"line":15,"column":36},"end":{"line":27,"column":1}},"1":{"start":{"line":16,"column":2},"end":{"line":18,"column":3}},"2":{"start":{"line":17,"column":4},"end":{"line":17,"column":36}},"3":{"start":{"line":19,"column":2},"end":{"line":21,"column":3}},"4":{"start":{"line":20,"column":4},"end":{"line":20,"column":35}},"5":{"start":{"line":23,"column":2},"end":{"line":25,"column":3}},"6":{"start":{"line":24,"column":4},"end":{"line":24,"column":59}},"7":{"start":{"line":26,"column":2},"end":{"line":26,"column":34}},"8":{"start":{"line":32,"column":31},"end":{"line":35,"column":1}},"9":{"start":{"line":33,"column":2},"end":{"line":33,"column":30}},"10":{"start":{"line":33,"column":18},"end":{"line":33,"column":30}},"11":{"start":{"line":34,"column":2},"end":{"line":34,"column":29}},"12":{"start":{"line":40,"column":41},"end":{"line":48,"column":1}},"13":{"start":{"line":41,"column":2},"end":{"line":41,"column":41}},"14":{"start":{"line":41,"column":29},"end":{"line":41,"column":41}},"15":{"start":{"line":43,"column":2},"end":{"line":47,"column":4}},"16":{"start":{"line":63,"column":43},"end":{"line":69,"column":1}},"17":{"start":{"line":68,"column":2},"end":{"line":68,"column":14}}},"fnMap":{"0":{"name":"(anonymous_0)","decl":{"start":{"line":15,"column":36},"end":{"line":15,"column":37}},"loc":{"start":{"line":15,"column":96},"end":{"line":27,"column":1}},"line":15},"1":{"name":"(anonymous_1)","decl":{"start":{"line":32,"column":31},"end":{"line":32,"column":32}},"loc":{"start":{"line":32,"column":74},"end":{"line":35,"column":1}},"line":32},"2":{"name":"(anonymous_2)","decl":{"start":{"line":40,"column":41},"end":{"line":40,"column":42}},"loc":{"start":{"line":40,"column":110},"end":{"line":48,"column":1}},"line":40},"3":{"name":"(anonymous_3)","decl":{"start":{"line":63,"column":43},"end":{"line":63,"column":44}},"loc":{"start":{"line":65,"column":39},"end":{"line":69,"column":1}},"line":65}},"branchMap":{"0":{"loc":{"start":{"line":16,"column":2},"end":{"line":18,"column":3}},"type":"if","locations":[{"start":{"line":16,"column":2},"end":{"line":18,"column":3}},{"start":{},"end":{}}],"line":16},"1":{"loc":{"start":{"line":16,"column":6},"end":{"line":16,"column":38}},"type":"binary-expr","locations":[{"start":{"line":16,"column":6},"end":{"line":16,"column":16}},{"start":{"line":16,"column":20},"end":{"line":16,"column":38}}],"line":16},"2":{"loc":{"start":{"line":19,"column":2},"end":{"line":21,"column":3}},"type":"if","locations":[{"start":{"line":19,"column":2},"end":{"line":21,"column":3}},{"start":{},"end":{}}],"line":19},"3":{"loc":{"start":{"line":23,"column":2},"end":{"line":25,"column":3}},"type":"if","locations":[{"start":{"line":23,"column":2},"end":{"line":25,"column":3}},{"start":{},"end":{}}],"line":23},"4":{"loc":{"start":{"line":33,"column":2},"end":{"line":33,"column":30}},"type":"if","locations":[{"start":{"line":33,"column":2},"end":{"line":33,"column":30}},{"start":{},"end":{}}],"line":33},"5":{"loc":{"start":{"line":41,"column":2},"end":{"line":41,"column":41}},"type":"if","locations":[{"start":{"line":41,"column":2},"end":{"line":41,"column":41}},{"start":{},"end":{}}],"line":41},"6":{"loc":{"start":{"line":41,"column":6},"end":{"line":41,"column":27}},"type":"binary-expr","locations":[{"start":{"line":41,"column":6},"end":{"line":41,"column":10}},{"start":{"line":41,"column":14},"end":{"line":41,"column":27}}],"line":41}},"s":{"0":1,"1":4,"2":2,"3":2,"4":1,"5":1,"6":1,"7":0,"8":1,"9":2,"10":1,"11":1,"12":1,"13":3,"14":2,"15":1,"16":1,"17":0},"f":{"0":4,"1":2,"2":3,"3":0},"b":{"0":[2,2],"1":[4,2],"2":[1,1],"3":[1,0],"4":[1,1],"5":[2,1],"6":[3,2]},"_coverageSchema":"1a1c01bbd47fc00a2c39e90264f33305004495a9","hash":"9097573bfe1420dbc568f80c0d2f4f6f5ad6b3df"}
,"/Applications/React/Nexhala/asset-manager/asset-manager/src/utils/locationUtils.ts": {"path":"/Applications/React/Nexhala/asset-manager/asset-manager/src/utils/locationUtils.ts","statementMap":{"0":{"start":{"line":3,"column":29},"end":{"line":12,"column":1}},"1":{"start":{"line":4,"column":2},"end":{"line":11,"column":3}},"2":{"start":{"line":6,"column":6},"end":{"line":6,"column":21}},"3":{"start":{"line":8,"column":6},"end":{"line":8,"column":36}},"4":{"start":{"line":10,"column":6},"end":{"line":10,"column":27}},"5":{"start":{"line":19,"column":37},"end":{"line":24,"column":1}},"6":{"start":{"line":20,"column":2},"end":{"line":20,"column":45}},"7":{"start":{"line":20,"column":30},"end":{"line":20,"column":45}},"8":{"start":{"line":21,"column":2},"end":{"line":21,"column":52}},"9":{"start":{"line":21,"column":38},"end":{"line":21,"column":52}},"10":{"start":{"line":22,"column":2},"end":{"line":22,"column":57}},"11":{"start":{"line":22,"column":36},"end":{"line":22,"column":57}},"12":{"start":{"line":23,"column":2},"end":{"line":23,"column":14}}},"fnMap":{"0":{"name":"(anonymous_0)","decl":{"start":{"line":3,"column":29},"end":{"line":3,"column":30}},"loc":{"start":{"line":3,"column":82},"end":{"line":12,"column":1}},"line":3},"1":{"name":"(anonymous_1)","decl":{"start":{"line":19,"column":37},"end":{"line":19,"column":38}},"loc":{"start":{"line":19,"column":82},"end":{"line":24,"column":1}},"line":19}},"branchMap":{"0":{"loc":{"start":{"line":4,"column":2},"end":{"line":11,"column":3}},"type":"switch","locations":[{"start":{"line":5,"column":4},"end":{"line":6,"column":21}},{"start":{"line":7,"column":4},"end":{"line":8,"column":36}},{"start":{"line":9,"column":4},"end":{"line":10,"column":27}}],"line":4},"1":{"loc":{"start":{"line":8,"column":13},"end":{"line":8,"column":35}},"type":"cond-expr","locations":[{"start":{"line":8,"column":18},"end":{"line":8,"column":30}},{"start":{"line":8,"column":33},"end":{"line":8,"column":35}}],"line":8},"2":{"loc":{"start":{"line":20,"column":2},"end":{"line":20,"column":45}},"type":"if","locations":[{"start":{"line":20,"column":2},"end":{"line":20,"column":45}},{"start":{},"end":{}}],"line":20},"3":{"loc":{"start":{"line":21,"column":2},"end":{"line":21,"column":52}},"type":"if","locations":[{"start":{"line":21,"column":2},"end":{"line":21,"column":52}},{"start":{},"end":{}}],"line":21},"4":{"loc":{"start":{"line":22,"column":2},"end":{"line":22,"column":57}},"type":"if","locations":[{"start":{"line":22,"column":2},"end":{"line":22,"column":57}},{"start":{},"end":{}}],"line":22}},"s":{"0":1,"1":4,"2":1,"3":2,"4":1,"5":1,"6":4,"7":1,"8":3,"9":1,"10":2,"11":1,"12":1},"f":{"0":4,"1":4},"b":{"0":[1,2,1],"1":[1,1],"2":[1,3],"3":[1,2],"4":[1,1]},"_coverageSchema":"1a1c01bbd47fc00a2c39e90264f33305004495a9","hash":"c2c9b847a514368ab8472a55dca2050f73aad2b5"}
,"/Applications/React/Nexhala/asset-manager/asset-manager/src/utils/poPdfUtils.ts": {"path":"/Applications/React/Nexhala/asset-manager/asset-manager/src/utils/poPdfUtils.ts","statementMap":{"0":{"start":{"line":5,"column":31},"end":{"line":5,"column":33}},"1":{"start":{"line":7,"column":19},"end":{"line":14,"column":1}},"2":{"start":{"line":8,"column":2},"end":{"line":8,"column":23}},"3":{"start":{"line":8,"column":12},"end":{"line":8,"column":23}},"4":{"start":{"line":9,"column":2},"end":{"line":13,"column":5}},"5":{"start":{"line":16,"column":23},"end":{"line":17,"column":38}},"6":{"start":{"line":17,"column":2},"end":{"line":17,"column":38}},"7":{"start":{"line":19,"column":45},"end":{"line":26,"column":1}},"8":{"start":{"line":28,"column":49},"end":{"line":35,"column":1}},"9":{"start":{"line":42,"column":22},"end":{"line":42,"column":58}},"10":{"start":{"line":43,"column":22},"end":{"line":43,"column":75}},"11":{"start":{"line":45,"column":19},"end":{"line":59,"column":13}},"12":{"start":{"line":46,"column":19},"end":{"line":46,"column":63}},"13":{"start":{"line":48,"column":6},"end":{"line":48,"column":64}},"14":{"start":{"line":49,"column":25},"end":{"line":49,"column":45}},"15":{"start":{"line":50,"column":4},"end":{"line":58,"column":13}},"16":{"start":{"line":61,"column":32},"end":{"line":61,"column":34}},"17":{"start":{"line":62,"column":2},"end":{"line":62,"column":103}},"18":{"start":{"line":63,"column":2},"end":{"line":65,"column":3}},"19":{"start":{"line":64,"column":4},"end":{"line":64,"column":101}},"20":{"start":{"line":66,"column":2},"end":{"line":68,"column":3}},"21":{"start":{"line":67,"column":4},"end":{"line":67,"column":101}},"22":{"start":{"line":70,"column":2},"end":{"line":154,"column":9}},"23":{"start":{"line":151,"column":29},"end":{"line":151,"column":67}},"24":{"start":{"line":158,"column":38},"end":{"line":164,"column":3}},"25":{"start":{"line":165,"column":2},"end":{"line":165,"column":54}},"26":{"start":{"line":165,"column":41},"end":{"line":165,"column":52}},"27":{"start":{"line":184,"column":16},"end":{"line":189,"column":4}},"28":{"start":{"line":185,"column":19},"end":{"line":185,"column":55}},"29":{"start":{"line":186,"column":19},"end":{"line":186,"column":60}},"30":{"start":{"line":187,"column":19},"end":{"line":187,"column":69}},"31":{"start":{"line":188,"column":4},"end":{"line":188,"column":47}},"32":{"start":{"line":190,"column":19},"end":{"line":190,"column":58}},"33":{"start":{"line":190,"column":42},"end":{"line":190,"column":54}},"34":{"start":{"line":191,"column":20},"end":{"line":191,"column":69}},"35":{"start":{"line":191,"column":43},"end":{"line":191,"column":65}},"36":{"start":{"line":192,"column":22},"end":{"line":192,"column":42}},"37":{"start":{"line":193,"column":14},"end":{"line":193,"column":38}},"38":{"start":{"line":195,"column":2},"end":{"line":227,"column":4}},"39":{"start":{"line":235,"column":2},"end":{"line":267,"column":3}},"40":{"start":{"line":236,"column":17},"end":{"line":236,"column":35}},"41":{"start":{"line":237,"column":20},"end":{"line":241,"column":6}},"42":{"start":{"line":243,"column":4},"end":{"line":251,"column":5}},"43":{"start":{"line":244,"column":6},"end":{"line":248,"column":9}},"44":{"start":{"line":250,"column":6},"end":{"line":250,"column":65}},"45":{"start":{"line":253,"column":16},"end":{"line":253,"column":30}},"46":{"start":{"line":254,"column":4},"end":{"line":254,"column":57}},"47":{"start":{"line":256,"column":4},"end":{"line":264,"column":5}},"48":{"start":{"line":261,"column":6},"end":{"line":263,"column":8}},"49":{"start":{"line":266,"column":4},"end":{"line":266,"column":69}}},"fnMap":{"0":{"name":"(anonymous_0)","decl":{"start":{"line":7,"column":19},"end":{"line":7,"column":20}},"loc":{"start":{"line":7,"column":63},"end":{"line":14,"column":1}},"line":7},"1":{"name":"(anonymous_1)","decl":{"start":{"line":16,"column":23},"end":{"line":16,"column":24}},"loc":{"start":{"line":17,"column":2},"end":{"line":17,"column":38}},"line":17},"2":{"name":"generatePOHtml","decl":{"start":{"line":41,"column":16},"end":{"line":41,"column":30}},"loc":{"start":{"line":41,"column":58},"end":{"line":155,"column":1}},"line":41},"3":{"name":"(anonymous_3)","decl":{"start":{"line":45,"column":40},"end":{"line":45,"column":41}},"loc":{"start":{"line":45,"column":50},"end":{"line":59,"column":3}},"line":45},"4":{"name":"(anonymous_4)","decl":{"start":{"line":151,"column":22},"end":{"line":151,"column":23}},"loc":{"start":{"line":151,"column":29},"end":{"line":151,"column":67}},"line":151},"5":{"name":"escapeHtml","decl":{"start":{"line":157,"column":9},"end":{"line":157,"column":19}},"loc":{"start":{"line":157,"column":42},"end":{"line":166,"column":1}},"line":157},"6":{"name":"(anonymous_6)","decl":{"start":{"line":165,"column":34},"end":{"line":165,"column":35}},"loc":{"start":{"line":165,"column":41},"end":{"line":165,"column":52}},"line":165},"7":{"name":"buildDraftPOForPrint","decl":{"start":{"line":171,"column":16},"end":{"line":171,"column":36}},"loc":{"start":{"line":183,"column":17},"end":{"line":228,"column":1}},"line":183},"8":{"name":"(anonymous_8)","decl":{"start":{"line":184,"column":35},"end":{"line":184,"column":36}},"loc":{"start":{"line":184,"column":42},"end":{"line":189,"column":3}},"line":184},"9":{"name":"(anonymous_9)","decl":{"start":{"line":190,"column":32},"end":{"line":190,"column":33}},"loc":{"start":{"line":190,"column":42},"end":{"line":190,"column":54}},"line":190},"10":{"name":"(anonymous_10)","decl":{"start":{"line":191,"column":33},"end":{"line":191,"column":34}},"loc":{"start":{"line":191,"column":43},"end":{"line":191,"column":65}},"line":191},"11":{"name":"printPurchaseOrder","decl":{"start":{"line":234,"column":22},"end":{"line":234,"column":40}},"loc":{"start":{"line":234,"column":75},"end":{"line":268,"column":1}},"line":234}},"branchMap":{"0":{"loc":{"start":{"line":8,"column":2},"end":{"line":8,"column":23}},"type":"if","locations":[{"start":{"line":8,"column":2},"end":{"line":8,"column":23}},{"start":{},"end":{}}],"line":8},"1":{"loc":{"start":{"line":42,"column":22},"end":{"line":42,"column":58}},"type":"binary-expr","locations":[{"start":{"line":42,"column":22},"end":{"line":42,"column":45}},{"start":{"line":42,"column":49},"end":{"line":42,"column":58}}],"line":42},"2":{"loc":{"start":{"line":43,"column":22},"end":{"line":43,"column":75}},"type":"binary-expr","locations":[{"start":{"line":43,"column":22},"end":{"line":43,"column":49}},{"start":{"line":43,"column":53},"end":{"line":43,"column":75}}],"line":43},"3":{"loc":{"start":{"line":45,"column":20},"end":{"line":45,"column":34}},"type":"binary-expr","locations":[{"start":{"line":45,"column":20},"end":{"line":45,"column":28}},{"start":{"line":45,"column":32},"end":{"line":45,"column":34}}],"line":45},"4":{"loc":{"start":{"line":46,"column":19},"end":{"line":46,"column":63}},"type":"binary-expr","locations":[{"start":{"line":46,"column":19},"end":{"line":46,"column":37}},{"start":{"line":46,"column":41},"end":{"line":46,"column":63}}],"line":46},"5":{"loc":{"start":{"line":48,"column":6},"end":{"line":48,"column":64}},"type":"binary-expr","locations":[{"start":{"line":48,"column":6},"end":{"line":48,"column":20}},{"start":{"line":48,"column":24},"end":{"line":48,"column":64}}],"line":48},"6":{"loc":{"start":{"line":62,"column":44},"end":{"line":62,"column":67}},"type":"binary-expr","locations":[{"start":{"line":62,"column":44},"end":{"line":62,"column":60}},{"start":{"line":62,"column":64},"end":{"line":62,"column":67}}],"line":62},"7":{"loc":{"start":{"line":63,"column":2},"end":{"line":65,"column":3}},"type":"if","locations":[{"start":{"line":63,"column":2},"end":{"line":65,"column":3}},{"start":{},"end":{}}],"line":63},"8":{"loc":{"start":{"line":66,"column":2},"end":{"line":68,"column":3}},"type":"if","locations":[{"start":{"line":66,"column":2},"end":{"line":68,"column":3}},{"start":{},"end":{}}],"line":66},"9":{"loc":{"start":{"line":99,"column":78},"end":{"line":99,"column":98}},"type":"binary-expr","locations":[{"start":{"line":99,"column":78},"end":{"line":99,"column":91}},{"start":{"line":99,"column":95},"end":{"line":99,"column":98}}],"line":99},"10":{"loc":{"start":{"line":100,"column":81},"end":{"line":100,"column":104}},"type":"binary-expr","locations":[{"start":{"line":100,"column":81},"end":{"line":100,"column":97}},{"start":{"line":100,"column":101},"end":{"line":100,"column":104}}],"line":100},"11":{"loc":{"start":{"line":101,"column":6},"end":{"line":101,"column":124}},"type":"cond-expr","locations":[{"start":{"line":101,"column":23},"end":{"line":101,"column":119}},{"start":{"line":101,"column":122},"end":{"line":101,"column":124}}],"line":101},"12":{"loc":{"start":{"line":102,"column":6},"end":{"line":102,"column":122}},"type":"cond-expr","locations":[{"start":{"line":102,"column":25},"end":{"line":102,"column":117}},{"start":{"line":102,"column":120},"end":{"line":102,"column":122}}],"line":102},"13":{"loc":{"start":{"line":128,"column":43},"end":{"line":128,"column":59}},"type":"binary-expr","locations":[{"start":{"line":128,"column":43},"end":{"line":128,"column":54}},{"start":{"line":128,"column":58},"end":{"line":128,"column":59}}],"line":128},"14":{"loc":{"start":{"line":132,"column":43},"end":{"line":132,"column":60}},"type":"binary-expr","locations":[{"start":{"line":132,"column":43},"end":{"line":132,"column":55}},{"start":{"line":132,"column":59},"end":{"line":132,"column":60}}],"line":132},"15":{"loc":{"start":{"line":136,"column":88},"end":{"line":136,"column":107}},"type":"binary-expr","locations":[{"start":{"line":136,"column":88},"end":{"line":136,"column":102}},{"start":{"line":136,"column":106},"end":{"line":136,"column":107}}],"line":136},"16":{"loc":{"start":{"line":142,"column":72},"end":{"line":142,"column":95}},"type":"binary-expr","locations":[{"start":{"line":142,"column":72},"end":{"line":142,"column":88}},{"start":{"line":142,"column":92},"end":{"line":142,"column":95}}],"line":142},"17":{"loc":{"start":{"line":165,"column":41},"end":{"line":165,"column":52}},"type":"binary-expr","locations":[{"start":{"line":165,"column":41},"end":{"line":165,"column":47}},{"start":{"line":165,"column":51},"end":{"line":165,"column":52}}],"line":165},"18":{"loc":{"start":{"line":182,"column":2},"end":{"line":182,"column":28}},"type":"default-arg","locations":[{"start":{"line":182,"column":21},"end":{"line":182,"column":28}}],"line":182},"19":{"loc":{"start":{"line":185,"column":19},"end":{"line":185,"column":55}},"type":"binary-expr","locations":[{"start":{"line":185,"column":19},"end":{"line":185,"column":27}},{"start":{"line":185,"column":31},"end":{"line":185,"column":55}}],"line":185},"20":{"loc":{"start":{"line":186,"column":19},"end":{"line":186,"column":60}},"type":"binary-expr","locations":[{"start":{"line":186,"column":19},"end":{"line":186,"column":34}},{"start":{"line":186,"column":38},"end":{"line":186,"column":60}}],"line":186},"21":{"loc":{"start":{"line":187,"column":19},"end":{"line":187,"column":69}},"type":"binary-expr","locations":[{"start":{"line":187,"column":19},"end":{"line":187,"column":30}},{"start":{"line":187,"column":34},"end":{"line":187,"column":69}}],"line":187},"22":{"loc":{"start":{"line":191,"column":48},"end":{"line":191,"column":64}},"type":"binary-expr","locations":[{"start":{"line":191,"column":48},"end":{"line":191,"column":59}},{"start":{"line":191,"column":63},"end":{"line":191,"column":64}}],"line":191},"23":{"loc":{"start":{"line":205,"column":19},"end":{"line":205,"column":66}},"type":"cond-expr","locations":[{"start":{"line":205,"column":34},"end":{"line":205,"column":62}},{"start":{"line":205,"column":65},"end":{"line":205,"column":66}}],"line":205},"24":{"loc":{"start":{"line":209,"column":26},"end":{"line":211,"column":12}},"type":"cond-expr","locations":[{"start":{"line":210,"column":8},"end":{"line":210,"column":51}},{"start":{"line":211,"column":8},"end":{"line":211,"column":12}}],"line":209},"25":{"loc":{"start":{"line":243,"column":4},"end":{"line":251,"column":5}},"type":"if","locations":[{"start":{"line":243,"column":4},"end":{"line":251,"column":5}},{"start":{"line":249,"column":11},"end":{"line":251,"column":5}}],"line":243},"26":{"loc":{"start":{"line":256,"column":4},"end":{"line":264,"column":5}},"type":"if","locations":[{"start":{"line":256,"column":4},"end":{"line":264,"column":5}},{"start":{},"end":{}}],"line":256},"27":{"loc":{"start":{"line":257,"column":6},"end":{"line":259,"column":49}},"type":"binary-expr","locations":[{"start":{"line":257,"column":6},"end":{"line":257,"column":41}},{"start":{"line":258,"column":6},"end":{"line":258,"column":43}},{"start":{"line":259,"column":6},"end":{"line":259,"column":49}}],"line":257},"28":{"loc":{"start":{"line":266,"column":20},"end":{"line":266,"column":67}},"type":"binary-expr","locations":[{"start":{"line":266,"column":20},"end":{"line":266,"column":31}},{"start":{"line":266,"column":35},"end":{"line":266,"column":67}}],"line":266}},"s":{"0":1,"1":1,"2":4,"3":2,"4":2,"5":1,"6":10,"7":1,"8":1,"9":2,"10":2,"11":2,"12":2,"13":2,"14":2,"15":2,"16":2,"17":2,"18":2,"19":0,"20":2,"21":0,"22":2,"23":2,"24":16,"25":16,"26":4,"27":2,"28":1,"29":1,"30":1,"31":1,"32":2,"33":1,"34":2,"35":1,"36":2,"37":2,"38":2,"39":0,"40":0,"41":0,"42":0,"43":0,"44":0,"45":0,"46":0,"47":0,"48":0,"49":0},"f":{"0":4,"1":10,"2":2,"3":2,"4":2,"5":16,"6":4,"7":2,"8":1,"9":1,"10":1,"11":0},"b":{"0":[2,2],"1":[2,0],"2":[2,0],"3":[2,0],"4":[2,1],"5":[2,1],"6":[2,0],"7":[0,2],"8":[0,2],"9":[2,0],"10":[2,0],"11":[0,2],"12":[0,2],"13":[2,0],"14":[2,0],"15":[2,0],"16":[2,2],"17":[4,0],"18":[1],"19":[1,0],"20":[1,1],"21":[1,1],"22":[1,0],"23":[1,1],"24":[1,1],"25":[0,0],"26":[0,0],"27":[0,0,0],"28":[0,0]},"_coverageSchema":"1a1c01bbd47fc00a2c39e90264f33305004495a9","hash":"ed03f2750eb57b01cb623ee1a2c18606e305d84e"}
,"/Applications/React/Nexhala/asset-manager/asset-manager/src/utils/requestUtils.ts": {"path":"/Applications/React/Nexhala/asset-manager/asset-manager/src/utils/requestUtils.ts","statementMap":{"0":{"start":{"line":25,"column":2},"end":{"line":27,"column":3}},"1":{"start":{"line":26,"column":4},"end":{"line":26,"column":56}},"2":{"start":{"line":29,"column":2},"end":{"line":53,"column":3}},"3":{"start":{"line":34,"column":18},"end":{"line":43,"column":6}},"4":{"start":{"line":35,"column":19},"end":{"line":35,"column":68}},"5":{"start":{"line":35,"column":45},"end":{"line":35,"column":67}},"6":{"start":{"line":36,"column":6},"end":{"line":42,"column":8}},"7":{"start":{"line":44,"column":4},"end":{"line":52,"column":6}},"8":{"start":{"line":54,"column":2},"end":{"line":54,"column":14}}},"fnMap":{"0":{"name":"getReturnHistoryForDisplay","decl":{"start":{"line":24,"column":16},"end":{"line":24,"column":42}},"loc":{"start":{"line":24,"column":89},"end":{"line":55,"column":1}},"line":24},"1":{"name":"(anonymous_1)","decl":{"start":{"line":34,"column":42},"end":{"line":34,"column":43}},"loc":{"start":{"line":34,"column":50},"end":{"line":43,"column":5}},"line":34},"2":{"name":"(anonymous_2)","decl":{"start":{"line":35,"column":38},"end":{"line":35,"column":39}},"loc":{"start":{"line":35,"column":45},"end":{"line":35,"column":67}},"line":35}},"branchMap":{"0":{"loc":{"start":{"line":25,"column":2},"end":{"line":27,"column":3}},"type":"if","locations":[{"start":{"line":25,"column":2},"end":{"line":27,"column":3}},{"start":{},"end":{}}],"line":25},"1":{"loc":{"start":{"line":25,"column":6},"end":{"line":25,"column":63}},"type":"binary-expr","locations":[{"start":{"line":25,"column":6},"end":{"line":25,"column":27}},{"start":{"line":25,"column":31},"end":{"line":25,"column":63}}],"line":25},"2":{"loc":{"start":{"line":29,"column":2},"end":{"line":53,"column":3}},"type":"if","locations":[{"start":{"line":29,"column":2},"end":{"line":53,"column":3}},{"start":{},"end":{}}],"line":29},"3":{"loc":{"start":{"line":30,"column":4},"end":{"line":32,"column":34}},"type":"binary-expr","locations":[{"start":{"line":30,"column":4},"end":{"line":30,"column":33}},{"start":{"line":31,"column":4},"end":{"line":31,"column":23}},{"start":{"line":32,"column":4},"end":{"line":32,"column":34}}],"line":30},"4":{"loc":{"start":{"line":38,"column":18},"end":{"line":38,"column":45}},"type":"binary-expr","locations":[{"start":{"line":38,"column":18},"end":{"line":38,"column":32}},{"start":{"line":38,"column":36},"end":{"line":38,"column":45}}],"line":38},"5":{"loc":{"start":{"line":48,"column":24},"end":{"line":48,"column":60}},"type":"binary-expr","locations":[{"start":{"line":48,"column":24},"end":{"line":48,"column":47}},{"start":{"line":48,"column":51},"end":{"line":48,"column":60}}],"line":48},"6":{"loc":{"start":{"line":50,"column":21},"end":{"line":50,"column":48}},"type":"binary-expr","locations":[{"start":{"line":50,"column":21},"end":{"line":50,"column":40}},{"start":{"line":50,"column":44},"end":{"line":50,"column":48}}],"line":50}},"s":{"0":3,"1":1,"2":2,"3":1,"4":1,"5":1,"6":1,"7":1,"8":1},"f":{"0":3,"1":1,"2":1},"b":{"0":[1,2],"1":[3,1],"2":[1,1],"3":[2,1,1],"4":[1,0],"5":[1,0],"6":[1,1]},"_coverageSchema":"1a1c01bbd47fc00a2c39e90264f33305004495a9","hash":"63e704dcb6d9ecc62992d7ca9c73abbb96cd3bb2"}
,"/Applications/React/Nexhala/asset-manager/asset-manager/src/utils/skuGenerationUtils.ts": {"path":"/Applications/React/Nexhala/asset-manager/asset-manager/src/utils/skuGenerationUtils.ts","statementMap":{"0":{"start":{"line":9,"column":26},"end":{"line":9,"column":27}},"1":{"start":{"line":16,"column":2},"end":{"line":16,"column":57}},"2":{"start":{"line":16,"column":47},"end":{"line":16,"column":57}},"3":{"start":{"line":17,"column":2},"end":{"line":17,"column":54}},"4":{"start":{"line":28,"column":20},"end":{"line":28,"column":51}},"5":{"start":{"line":29,"column":2},"end":{"line":29,"column":27}},"6":{"start":{"line":29,"column":18},"end":{"line":29,"column":27}},"7":{"start":{"line":31,"column":17},"end":{"line":31,"column":32}},"8":{"start":{"line":32,"column":23},"end":{"line":32,"column":54}},"9":{"start":{"line":34,"column":2},"end":{"line":34,"column":42}},"10":{"start":{"line":34,"column":33},"end":{"line":34,"column":42}},"11":{"start":{"line":36,"column":19},"end":{"line":43,"column":25}},"12":{"start":{"line":38,"column":20},"end":{"line":38,"column":34}},"13":{"start":{"line":39,"column":23},"end":{"line":39,"column":46}},"14":{"start":{"line":40,"column":18},"end":{"line":40,"column":40}},"15":{"start":{"line":41,"column":6},"end":{"line":41,"column":34}},"16":{"start":{"line":43,"column":19},"end":{"line":43,"column":24}},"17":{"start":{"line":45,"column":2},"end":{"line":45,"column":38}},"18":{"start":{"line":45,"column":29},"end":{"line":45,"column":38}},"19":{"start":{"line":46,"column":2},"end":{"line":46,"column":35}},"20":{"start":{"line":57,"column":20},"end":{"line":57,"column":49}},"21":{"start":{"line":58,"column":2},"end":{"line":60,"column":3}},"22":{"start":{"line":59,"column":4},"end":{"line":59,"column":63}},"23":{"start":{"line":62,"column":17},"end":{"line":62,"column":50}},"24":{"start":{"line":63,"column":20},"end":{"line":63,"column":70}},"25":{"start":{"line":64,"column":2},"end":{"line":64,"column":37}},"26":{"start":{"line":74,"column":2},"end":{"line":76,"column":3}},"27":{"start":{"line":75,"column":4},"end":{"line":75,"column":54}},"28":{"start":{"line":77,"column":18},"end":{"line":77,"column":28}},"29":{"start":{"line":78,"column":2},"end":{"line":80,"column":3}},"30":{"start":{"line":79,"column":4},"end":{"line":79,"column":58}},"31":{"start":{"line":81,"column":2},"end":{"line":83,"column":3}},"32":{"start":{"line":82,"column":4},"end":{"line":82,"column":54}},"33":{"start":{"line":84,"column":2},"end":{"line":86,"column":3}},"34":{"start":{"line":85,"column":4},"end":{"line":85,"column":102}},"35":{"start":{"line":87,"column":2},"end":{"line":87,"column":25}}},"fnMap":{"0":{"name":"sanitizeHsnForPrefix","decl":{"start":{"line":15,"column":9},"end":{"line":15,"column":29}},"loc":{"start":{"line":15,"column":55},"end":{"line":18,"column":1}},"line":15},"1":{"name":"getNextSkuSuffix","decl":{"start":{"line":27,"column":22},"end":{"line":27,"column":38}},"loc":{"start":{"line":27,"column":75},"end":{"line":47,"column":1}},"line":27},"2":{"name":"(anonymous_2)","decl":{"start":{"line":37,"column":9},"end":{"line":37,"column":10}},"loc":{"start":{"line":37,"column":18},"end":{"line":42,"column":5}},"line":37},"3":{"name":"(anonymous_3)","decl":{"start":{"line":43,"column":12},"end":{"line":43,"column":13}},"loc":{"start":{"line":43,"column":19},"end":{"line":43,"column":24}},"line":43},"4":{"name":"generateSkuFromHsn","decl":{"start":{"line":56,"column":22},"end":{"line":56,"column":40}},"loc":{"start":{"line":56,"column":75},"end":{"line":65,"column":1}},"line":56},"5":{"name":"validateSku","decl":{"start":{"line":73,"column":16},"end":{"line":73,"column":27}},"loc":{"start":{"line":73,"column":77},"end":{"line":88,"column":1}},"line":73}},"branchMap":{"0":{"loc":{"start":{"line":16,"column":2},"end":{"line":16,"column":57}},"type":"if","locations":[{"start":{"line":16,"column":2},"end":{"line":16,"column":57}},{"start":{},"end":{}}],"line":16},"1":{"loc":{"start":{"line":16,"column":6},"end":{"line":16,"column":45}},"type":"binary-expr","locations":[{"start":{"line":16,"column":6},"end":{"line":16,"column":14}},{"start":{"line":16,"column":18},"end":{"line":16,"column":45}}],"line":16},"2":{"loc":{"start":{"line":29,"column":2},"end":{"line":29,"column":27}},"type":"if","locations":[{"start":{"line":29,"column":2},"end":{"line":29,"column":27}},{"start":{},"end":{}}],"line":29},"3":{"loc":{"start":{"line":34,"column":2},"end":{"line":34,"column":42}},"type":"if","locations":[{"start":{"line":34,"column":2},"end":{"line":34,"column":42}},{"start":{},"end":{}}],"line":34},"4":{"loc":{"start":{"line":41,"column":13},"end":{"line":41,"column":33}},"type":"cond-expr","locations":[{"start":{"line":41,"column":26},"end":{"line":41,"column":27}},{"start":{"line":41,"column":30},"end":{"line":41,"column":33}}],"line":41},"5":{"loc":{"start":{"line":45,"column":2},"end":{"line":45,"column":38}},"type":"if","locations":[{"start":{"line":45,"column":2},"end":{"line":45,"column":38}},{"start":{},"end":{}}],"line":45},"6":{"loc":{"start":{"line":58,"column":2},"end":{"line":60,"column":3}},"type":"if","locations":[{"start":{"line":58,"column":2},"end":{"line":60,"column":3}},{"start":{},"end":{}}],"line":58},"7":{"loc":{"start":{"line":74,"column":2},"end":{"line":76,"column":3}},"type":"if","locations":[{"start":{"line":74,"column":2},"end":{"line":76,"column":3}},{"start":{},"end":{}}],"line":74},"8":{"loc":{"start":{"line":74,"column":6},"end":{"line":74,"column":37}},"type":"binary-expr","locations":[{"start":{"line":74,"column":6},"end":{"line":74,"column":10}},{"start":{"line":74,"column":14},"end":{"line":74,"column":37}}],"line":74},"9":{"loc":{"start":{"line":78,"column":2},"end":{"line":80,"column":3}},"type":"if","locations":[{"start":{"line":78,"column":2},"end":{"line":80,"column":3}},{"start":{},"end":{}}],"line":78},"10":{"loc":{"start":{"line":81,"column":2},"end":{"line":83,"column":3}},"type":"if","locations":[{"start":{"line":81,"column":2},"end":{"line":83,"column":3}},{"start":{},"end":{}}],"line":81},"11":{"loc":{"start":{"line":84,"column":2},"end":{"line":86,"column":3}},"type":"if","locations":[{"start":{"line":84,"column":2},"end":{"line":86,"column":3}},{"start":{},"end":{}}],"line":84}},"s":{"0":1,"1":15,"2":2,"3":13,"4":9,"5":9,"6":1,"7":8,"8":8,"9":8,"10":3,"11":5,"12":9,"13":9,"14":9,"15":9,"16":9,"17":5,"18":0,"19":5,"20":6,"21":6,"22":2,"23":4,"24":4,"25":4,"26":8,"27":1,"28":7,"29":7,"30":1,"31":6,"32":1,"33":5,"34":2,"35":3},"f":{"0":15,"1":9,"2":9,"3":9,"4":6,"5":8},"b":{"0":[2,13],"1":[15,13],"2":[1,8],"3":[3,5],"4":[0,9],"5":[0,5],"6":[2,4],"7":[1,7],"8":[8,7],"9":[1,6],"10":[1,5],"11":[2,3]},"_coverageSchema":"1a1c01bbd47fc00a2c39e90264f33305004495a9","hash":"4eac75f85a81b9b39a92c47e8d1f3d89d76e2fab"}
,"/Applications/React/Nexhala/asset-manager/asset-manager/src/utils/weightConversionUtils.ts": {"path":"/Applications/React/Nexhala/asset-manager/asset-manager/src/utils/weightConversionUtils.ts","statementMap":{"0":{"start":{"line":11,"column":25},"end":{"line":11,"column":29}},"1":{"start":{"line":18,"column":2},"end":{"line":18,"column":25}},"2":{"start":{"line":25,"column":2},"end":{"line":25,"column":77}},"3":{"start":{"line":37,"column":2},"end":{"line":41,"column":4}},"4":{"start":{"line":53,"column":2},"end":{"line":53,"column":59}},"5":{"start":{"line":53,"column":50},"end":{"line":53,"column":59}},"6":{"start":{"line":54,"column":2},"end":{"line":54,"column":50}},"7":{"start":{"line":74,"column":25},"end":{"line":74,"column":56}},"8":{"start":{"line":75,"column":2},"end":{"line":82,"column":3}},"9":{"start":{"line":76,"column":4},"end":{"line":81,"column":6}},"10":{"start":{"line":84,"column":27},"end":{"line":84,"column":46}},"11":{"start":{"line":85,"column":18},"end":{"line":85,"column":52}},"12":{"start":{"line":87,"column":2},"end":{"line":103,"column":3}},"13":{"start":{"line":88,"column":24},"end":{"line":88,"column":52}},"14":{"start":{"line":89,"column":23},"end":{"line":89,"column":50}},"15":{"start":{"line":90,"column":20},"end":{"line":90,"column":48}},"16":{"start":{"line":91,"column":19},"end":{"line":91,"column":46}},"17":{"start":{"line":93,"column":4},"end":{"line":102,"column":6}},"18":{"start":{"line":105,"column":2},"end":{"line":110,"column":4}},"19":{"start":{"line":121,"column":17},"end":{"line":121,"column":70}},"20":{"start":{"line":122,"column":25},"end":{"line":122,"column":46}},"21":{"start":{"line":124,"column":2},"end":{"line":126,"column":3}},"22":{"start":{"line":125,"column":4},"end":{"line":125,"column":14}},"23":{"start":{"line":128,"column":22},"end":{"line":131,"column":4}},"24":{"start":{"line":133,"column":16},"end":{"line":133,"column":71}},"25":{"start":{"line":134,"column":2},"end":{"line":134,"column":111}},"26":{"start":{"line":136,"column":2},"end":{"line":145,"column":3}},"27":{"start":{"line":137,"column":4},"end":{"line":137,"column":60}},"28":{"start":{"line":138,"column":4},"end":{"line":144,"column":7}},"29":{"start":{"line":139,"column":36},"end":{"line":142,"column":8}},"30":{"start":{"line":143,"column":6},"end":{"line":143,"column":72}},"31":{"start":{"line":147,"column":2},"end":{"line":148,"column":112}},"32":{"start":{"line":150,"column":2},"end":{"line":150,"column":17}},"33":{"start":{"line":161,"column":2},"end":{"line":161,"column":62}},"34":{"start":{"line":168,"column":2},"end":{"line":173,"column":3}},"35":{"start":{"line":169,"column":17},"end":{"line":169,"column":26}},"36":{"start":{"line":170,"column":4},"end":{"line":172,"column":99}},"37":{"start":{"line":174,"column":2},"end":{"line":174,"column":100}}},"fnMap":{"0":{"name":"tonToKg","decl":{"start":{"line":17,"column":16},"end":{"line":17,"column":23}},"loc":{"start":{"line":17,"column":45},"end":{"line":19,"column":1}},"line":17},"1":{"name":"isWeightBasedItem","decl":{"start":{"line":24,"column":16},"end":{"line":24,"column":33}},"loc":{"start":{"line":24,"column":78},"end":{"line":26,"column":1}},"line":24},"2":{"name":"isWeightViewSupported","decl":{"start":{"line":33,"column":16},"end":{"line":33,"column":37}},"loc":{"start":{"line":36,"column":12},"end":{"line":42,"column":1}},"line":36},"3":{"name":"piecesToKg","decl":{"start":{"line":48,"column":16},"end":{"line":48,"column":26}},"loc":{"start":{"line":52,"column":10},"end":{"line":55,"column":1}},"line":52},"4":{"name":"kgToPieces","decl":{"start":{"line":69,"column":16},"end":{"line":69,"column":26}},"loc":{"start":{"line":73,"column":20},"end":{"line":111,"column":1}},"line":73},"5":{"name":"getConversionErrorMessage","decl":{"start":{"line":116,"column":16},"end":{"line":116,"column":41}},"loc":{"start":{"line":120,"column":10},"end":{"line":151,"column":1}},"line":120},"6":{"name":"(anonymous_6)","decl":{"start":{"line":138,"column":31},"end":{"line":138,"column":32}},"loc":{"start":{"line":138,"column":38},"end":{"line":144,"column":5}},"line":138},"7":{"name":"calculateTotalWeight","decl":{"start":{"line":156,"column":16},"end":{"line":156,"column":36}},"loc":{"start":{"line":160,"column":10},"end":{"line":162,"column":1}},"line":160},"8":{"name":"formatWeight","decl":{"start":{"line":167,"column":16},"end":{"line":167,"column":28}},"loc":{"start":{"line":167,"column":74},"end":{"line":175,"column":1}},"line":167}},"branchMap":{"0":{"loc":{"start":{"line":25,"column":9},"end":{"line":25,"column":76}},"type":"binary-expr","locations":[{"start":{"line":25,"column":9},"end":{"line":25,"column":49}},{"start":{"line":25,"column":53},"end":{"line":25,"column":76}}],"line":25},"1":{"loc":{"start":{"line":38,"column":4},"end":{"line":40,"column":27}},"type":"binary-expr","locations":[{"start":{"line":38,"column":4},"end":{"line":38,"column":27}},{"start":{"line":39,"column":4},"end":{"line":39,"column":44}},{"start":{"line":40,"column":4},"end":{"line":40,"column":27}}],"line":38},"2":{"loc":{"start":{"line":53,"column":2},"end":{"line":53,"column":59}},"type":"if","locations":[{"start":{"line":53,"column":2},"end":{"line":53,"column":59}},{"start":{},"end":{}}],"line":53},"3":{"loc":{"start":{"line":53,"column":6},"end":{"line":53,"column":48}},"type":"binary-expr","locations":[{"start":{"line":53,"column":6},"end":{"line":53,"column":25}},{"start":{"line":53,"column":29},"end":{"line":53,"column":48}}],"line":53},"4":{"loc":{"start":{"line":75,"column":2},"end":{"line":82,"column":3}},"type":"if","locations":[{"start":{"line":75,"column":2},"end":{"line":82,"column":3}},{"start":{},"end":{}}],"line":75},"5":{"loc":{"start":{"line":87,"column":2},"end":{"line":103,"column":3}},"type":"if","locations":[{"start":{"line":87,"column":2},"end":{"line":103,"column":3}},{"start":{},"end":{}}],"line":87},"6":{"loc":{"start":{"line":124,"column":2},"end":{"line":126,"column":3}},"type":"if","locations":[{"start":{"line":124,"column":2},"end":{"line":126,"column":3}},{"start":{},"end":{}}],"line":124},"7":{"loc":{"start":{"line":136,"column":2},"end":{"line":145,"column":3}},"type":"if","locations":[{"start":{"line":136,"column":2},"end":{"line":145,"column":3}},{"start":{},"end":{}}],"line":136},"8":{"loc":{"start":{"line":136,"column":6},"end":{"line":136,"column":57}},"type":"binary-expr","locations":[{"start":{"line":136,"column":6},"end":{"line":136,"column":24}},{"start":{"line":136,"column":28},"end":{"line":136,"column":57}}],"line":136},"9":{"loc":{"start":{"line":168,"column":2},"end":{"line":173,"column":3}},"type":"if","locations":[{"start":{"line":168,"column":2},"end":{"line":173,"column":3}},{"start":{},"end":{}}],"line":168},"10":{"loc":{"start":{"line":170,"column":11},"end":{"line":172,"column":98}},"type":"cond-expr","locations":[{"start":{"line":171,"column":8},"end":{"line":171,"column":101}},{"start":{"line":172,"column":8},"end":{"line":172,"column":98}}],"line":170}},"s":{"0":1,"1":2,"2":6,"3":3,"4":4,"5":2,"6":2,"7":5,"8":5,"9":1,"10":4,"11":4,"12":4,"13":2,"14":2,"15":2,"16":2,"17":2,"18":2,"19":2,"20":2,"21":2,"22":1,"23":1,"24":1,"25":1,"26":1,"27":1,"28":1,"29":2,"30":2,"31":1,"32":1,"33":1,"34":4,"35":2,"36":2,"37":2},"f":{"0":2,"1":6,"2":3,"3":4,"4":5,"5":2,"6":2,"7":1,"8":4},"b":{"0":[6,5],"1":[3,3,2],"2":[2,2],"3":[4,3],"4":[1,4],"5":[2,2],"6":[1,1],"7":[1,0],"8":[1,1],"9":[2,2],"10":[1,1]},"_coverageSchema":"1a1c01bbd47fc00a2c39e90264f33305004495a9","hash":"fc54d44d3d33ca6cc846fc9184631be40bd710a5"}
}
