TN:
SF:src/components/FormField.tsx
FN:34,(anonymous_0)
FNF:1
FNH:1
FNDA:5,(anonymous_0)
DA:34,1
DA:47,5
DA:49,5
LF:3
LH:3
BRDA:36,0,0,4
BRDA:41,1,0,5
BRDA:58,2,0,1
BRDA:58,2,1,4
BRDA:67,3,0,1
BRDA:67,3,1,4
BRDA:68,4,0,0
BRDA:68,4,1,5
BRDA:74,5,0,5
BRDA:74,5,1,4
BRDA:79,6,0,5
BRDA:79,6,1,0
BRDA:79,6,2,0
BRDA:84,7,0,0
BRDA:84,7,1,0
BRDA:90,8,0,1
BRDA:90,8,1,4
BRF:17
BRH:12
end_of_record
TN:
SF:src/components/Dashboard/DashboardGreeting.tsx
FN:16,DashboardGreeting
FNF:1
FNH:1
FNDA:5,DashboardGreeting
DA:21,5
DA:23,5
DA:31,5
LF:3
LH:3
BRDA:21,0,0,5
BRDA:21,0,1,0
BRDA:23,1,0,1
BRDA:23,1,1,4
BRDA:23,2,0,5
BRDA:23,2,1,2
BRF:6
BRH:5
end_of_record
TN:
SF:src/components/Requests/RequestCard.tsx
FN:20,(anonymous_0)
FN:41,(anonymous_1)
FNF:2
FNH:2
FNDA:6,(anonymous_0)
FNDA:6,(anonymous_1)
DA:14,1
DA:20,1
DA:21,6
DA:22,6
DA:23,6
DA:30,0
DA:33,0
DA:41,1
DA:48,6
DA:50,6
DA:52,6
LF:11
LH:9
BRDA:21,0,0,0
BRDA:21,0,1,6
BRDA:22,1,0,6
BRDA:22,1,1,0
BRDA:30,2,0,0
BRDA:30,2,1,0
BRDA:44,3,0,4
BRDA:45,4,0,4
BRDA:48,5,0,6
BRDA:48,5,1,0
BRDA:50,6,0,6
BRDA:50,6,1,0
BRDA:65,7,0,6
BRDA:65,7,1,0
BRDA:75,8,0,6
BRDA:75,8,1,0
BRDA:84,9,0,6
BRDA:84,9,1,2
BRDA:85,10,0,1
BRDA:85,10,1,1
BRDA:88,11,0,1
BRDA:88,11,1,1
BRDA:90,12,0,1
BRDA:90,12,1,1
BRDA:92,13,0,1
BRDA:92,13,1,1
BRDA:93,14,0,1
BRDA:93,14,1,1
BRF:28
BRH:20
end_of_record
TN:
SF:src/components/Requests/RequestStatusBadge.tsx
FN:52,(anonymous_0)
FNF:1
FNH:1
FNDA:6,(anonymous_0)
DA:9,1
DA:52,1
DA:53,6
DA:56,6
DA:57,0
DA:58,0
DA:67,6
LF:7
LH:5
BRDA:56,0,0,0
BRDA:56,0,1,6
BRF:2
BRH:1
end_of_record
TN:
SF:src/store/selectors/activityLogSelectors.ts
FN:7,(anonymous_0)
FN:11,(anonymous_1)
FN:15,(anonymous_2)
FN:20,(anonymous_3)
FN:21,(anonymous_4)
FN:23,(anonymous_5)
FN:29,(anonymous_6)
FN:35,(anonymous_7)
FN:39,(anonymous_8)
FN:41,(anonymous_9)
FN:43,(anonymous_10)
FN:45,(anonymous_11)
FN:49,(anonymous_12)
FN:53,(anonymous_13)
FN:57,(anonymous_14)
FN:58,(anonymous_15)
FN:59,(anonymous_16)
FN:63,(anonymous_17)
FN:64,(anonymous_18)
FN:65,(anonymous_19)
FN:71,(anonymous_20)
FN:80,(anonymous_21)
FNF:22
FNH:20
FNDA:0,(anonymous_0)
FNDA:7,(anonymous_1)
FNDA:1,(anonymous_2)
FNDA:2,(anonymous_3)
FNDA:1,(anonymous_4)
FNDA:4,(anonymous_5)
FNDA:1,(anonymous_6)
FNDA:0,(anonymous_7)
FNDA:1,(anonymous_8)
FNDA:1,(anonymous_9)
FNDA:1,(anonymous_10)
FNDA:1,(anonymous_11)
FNDA:1,(anonymous_12)
FNDA:1,(anonymous_13)
FNDA:1,(anonymous_14)
FNDA:1,(anonymous_15)
FNDA:3,(anonymous_16)
FNDA:1,(anonymous_17)
FNDA:1,(anonymous_18)
FNDA:3,(anonymous_19)
FNDA:1,(anonymous_20)
FNDA:3,(anonymous_21)
DA:7,1
DA:8,0
DA:11,1
DA:12,7
DA:15,1
DA:16,1
DA:19,1
DA:20,2
DA:22,1
DA:24,4
DA:29,1
DA:30,1
DA:33,1
DA:35,0
DA:39,1
DA:40,1
DA:41,1
DA:42,1
DA:43,1
DA:44,1
DA:45,1
DA:46,1
DA:49,1
DA:50,1
DA:53,1
DA:54,1
DA:57,1
DA:58,1
DA:59,3
DA:63,1
DA:64,1
DA:65,3
DA:69,1
DA:75,1
DA:80,1
DA:81,3
DA:85,1
LF:37
LH:35
BRDA:16,0,0,1
BRDA:16,0,1,0
BRDA:20,1,0,2
BRDA:20,1,1,0
BRDA:82,2,0,3
BRDA:82,2,1,2
BRF:6
BRH:4
end_of_record
TN:
SF:src/store/selectors/authSelectors.ts
FN:5,(anonymous_0)
FN:9,(anonymous_1)
FN:14,(anonymous_2)
FN:19,(anonymous_3)
FN:24,(anonymous_4)
FN:29,(anonymous_5)
FN:34,(anonymous_6)
FN:39,(anonymous_7)
FN:44,(anonymous_8)
FN:49,(anonymous_9)
FN:54,(anonymous_10)
FN:59,(anonymous_11)
FN:64,(anonymous_12)
FN:69,(anonymous_13)
FN:74,(anonymous_14)
FN:79,(anonymous_15)
FN:84,(anonymous_16)
FN:87,(anonymous_17)
FN:90,(anonymous_18)
FNF:19
FNH:11
FNDA:16,(anonymous_0)
FNDA:2,(anonymous_1)
FNDA:1,(anonymous_2)
FNDA:0,(anonymous_3)
FNDA:0,(anonymous_4)
FNDA:0,(anonymous_5)
FNDA:1,(anonymous_6)
FNDA:0,(anonymous_7)
FNDA:2,(anonymous_8)
FNDA:2,(anonymous_9)
FNDA:5,(anonymous_10)
FNDA:4,(anonymous_11)
FNDA:0,(anonymous_12)
FNDA:0,(anonymous_13)
FNDA:2,(anonymous_14)
FNDA:1,(anonymous_15)
FNDA:1,(anonymous_16)
FNDA:0,(anonymous_17)
FNDA:0,(anonymous_18)
DA:5,16
DA:7,1
DA:9,2
DA:12,1
DA:14,1
DA:17,1
DA:19,0
DA:22,1
DA:24,0
DA:27,1
DA:29,0
DA:32,1
DA:34,1
DA:37,1
DA:39,0
DA:42,1
DA:44,2
DA:47,1
DA:49,2
DA:52,1
DA:54,5
DA:57,1
DA:59,4
DA:62,1
DA:64,0
DA:67,1
DA:69,0
DA:72,1
DA:74,2
DA:77,1
DA:79,1
DA:82,1
DA:84,1
DA:87,1
DA:88,0
DA:90,0
LF:36
LH:28
BRDA:29,0,0,0
BRDA:29,0,1,0
BRDA:39,1,0,0
BRDA:39,1,1,0
BRDA:44,2,0,2
BRDA:44,2,1,1
BRDA:44,2,2,0
BRDA:49,3,0,2
BRDA:49,3,1,1
BRDA:59,4,0,4
BRDA:59,4,1,0
BRDA:64,5,0,0
BRDA:64,5,1,0
BRDA:69,6,0,0
BRDA:69,6,1,0
BRF:15
BRH:5
end_of_record
TN:
SF:src/store/selectors/inventorySelectors.ts
FN:9,(anonymous_0)
FN:14,(anonymous_1)
FN:19,(anonymous_2)
FN:24,(anonymous_3)
FN:32,(anonymous_4)
FN:36,(anonymous_5)
FN:39,(anonymous_6)
FN:39,(anonymous_7)
FN:43,(anonymous_8)
FN:46,(anonymous_9)
FN:46,(anonymous_10)
FN:49,(anonymous_11)
FN:52,(anonymous_12)
FN:52,(anonymous_13)
FN:55,(anonymous_14)
FN:58,(anonymous_15)
FN:58,(anonymous_16)
FN:63,(anonymous_17)
FN:63,(anonymous_18)
FN:68,(anonymous_19)
FN:68,(anonymous_20)
FN:73,(anonymous_21)
FN:73,(anonymous_22)
FN:78,(anonymous_23)
FN:78,(anonymous_24)
FN:84,(anonymous_25)
FN:89,(anonymous_26)
FN:89,(anonymous_27)
FN:94,(anonymous_28)
FN:100,(anonymous_29)
FN:105,(anonymous_30)
FN:108,(anonymous_31)
FN:111,(anonymous_32)
FN:111,(anonymous_33)
FN:115,(anonymous_34)
FN:118,(anonymous_35)
FN:122,(anonymous_36)
FN:126,(anonymous_37)
FN:132,(anonymous_38)
FN:141,(anonymous_39)
FN:146,(anonymous_40)
FN:151,(anonymous_41)
FN:157,(anonymous_42)
FN:168,(anonymous_43)
FN:169,(anonymous_44)
FN:173,(anonymous_45)
FN:178,(anonymous_46)
FN:187,(anonymous_47)
FN:197,(anonymous_48)
FN:200,(anonymous_49)
FN:209,(anonymous_50)
FN:221,(anonymous_51)
FN:228,(anonymous_52)
FN:229,(anonymous_53)
FN:236,(anonymous_54)
FN:241,(anonymous_55)
FN:246,(anonymous_56)
FN:251,(anonymous_57)
FN:256,(anonymous_58)
FN:260,(anonymous_59)
FN:263,(anonymous_60)
FN:265,(anonymous_61)
FN:267,(anonymous_62)
FNF:63
FNH:42
FNDA:42,(anonymous_0)
FNDA:19,(anonymous_1)
FNDA:1,(anonymous_2)
FNDA:1,(anonymous_3)
FNDA:5,(anonymous_4)
FNDA:2,(anonymous_5)
FNDA:2,(anonymous_6)
FNDA:2,(anonymous_7)
FNDA:1,(anonymous_8)
FNDA:1,(anonymous_9)
FNDA:3,(anonymous_10)
FNDA:0,(anonymous_11)
FNDA:0,(anonymous_12)
FNDA:0,(anonymous_13)
FNDA:0,(anonymous_14)
FNDA:0,(anonymous_15)
FNDA:0,(anonymous_16)
FNDA:2,(anonymous_17)
FNDA:5,(anonymous_18)
FNDA:1,(anonymous_19)
FNDA:2,(anonymous_20)
FNDA:1,(anonymous_21)
FNDA:2,(anonymous_22)
FNDA:1,(anonymous_23)
FNDA:2,(anonymous_24)
FNDA:2,(anonymous_25)
FNDA:1,(anonymous_26)
FNDA:2,(anonymous_27)
FNDA:1,(anonymous_28)
FNDA:3,(anonymous_29)
FNDA:0,(anonymous_30)
FNDA:2,(anonymous_31)
FNDA:2,(anonymous_32)
FNDA:3,(anonymous_33)
FNDA:2,(anonymous_34)
FNDA:2,(anonymous_35)
FNDA:1,(anonymous_36)
FNDA:0,(anonymous_37)
FNDA:5,(anonymous_38)
FNDA:5,(anonymous_39)
FNDA:2,(anonymous_40)
FNDA:2,(anonymous_41)
FNDA:0,(anonymous_42)
FNDA:0,(anonymous_43)
FNDA:0,(anonymous_44)
FNDA:6,(anonymous_45)
FNDA:5,(anonymous_46)
FNDA:7,(anonymous_47)
FNDA:0,(anonymous_48)
FNDA:0,(anonymous_49)
FNDA:0,(anonymous_50)
FNDA:1,(anonymous_51)
FNDA:2,(anonymous_52)
FNDA:2,(anonymous_53)
FNDA:1,(anonymous_54)
FNDA:1,(anonymous_55)
FNDA:0,(anonymous_56)
FNDA:0,(anonymous_57)
FNDA:0,(anonymous_58)
FNDA:0,(anonymous_59)
FNDA:0,(anonymous_60)
FNDA:0,(anonymous_61)
FNDA:0,(anonymous_62)
DA:6,1
DA:9,42
DA:12,1
DA:14,19
DA:17,1
DA:19,1
DA:22,1
DA:24,1
DA:28,1
DA:30,1
DA:32,5
DA:36,1
DA:37,2
DA:39,2
DA:43,1
DA:44,1
DA:46,3
DA:49,1
DA:50,0
DA:52,0
DA:55,1
DA:56,0
DA:58,0
DA:61,1
DA:63,5
DA:66,1
DA:68,2
DA:71,1
DA:73,2
DA:76,1
DA:78,2
DA:82,1
DA:84,2
DA:87,1
DA:89,2
DA:92,1
DA:94,1
DA:98,1
DA:100,3
DA:103,1
DA:105,0
DA:108,1
DA:109,2
DA:111,3
DA:115,1
DA:116,2
DA:118,2
DA:122,1
DA:124,1
DA:126,0
DA:130,1
DA:133,5
DA:134,1
DA:137,4
DA:140,4
DA:141,5
DA:145,4
DA:146,2
DA:150,4
DA:151,2
DA:155,4
DA:156,0
DA:158,0
DA:162,4
DA:166,1
DA:169,0
DA:173,6
DA:176,1
DA:179,5
DA:181,5
DA:182,2
DA:185,3
DA:186,3
DA:188,7
DA:197,1
DA:198,0
DA:201,0
DA:203,0
DA:204,0
DA:207,0
DA:208,0
DA:210,0
DA:219,1
DA:223,1
DA:224,0
DA:228,2
DA:229,2
DA:234,1
DA:236,1
DA:239,1
DA:241,1
DA:244,1
DA:246,0
DA:249,1
DA:251,0
DA:254,1
DA:256,0
DA:260,1
DA:261,0
DA:264,0
DA:265,0
DA:266,0
DA:270,0
DA:274,0
LF:104
LH:78
BRDA:39,0,0,2
BRDA:39,0,1,1
BRDA:111,1,0,2
BRDA:111,1,1,1
BRDA:118,2,0,2
BRDA:118,2,1,1
BRDA:133,3,0,1
BRDA:133,3,1,4
BRDA:140,4,0,2
BRDA:140,4,1,2
BRDA:145,5,0,1
BRDA:145,5,1,3
BRDA:150,6,0,1
BRDA:150,6,1,3
BRDA:155,7,0,0
BRDA:155,7,1,4
BRDA:158,8,0,0
BRDA:158,8,1,0
BRDA:158,9,0,0
BRDA:158,9,1,0
BRDA:179,10,0,5
BRDA:179,10,1,2
BRDA:181,11,0,2
BRDA:181,11,1,3
BRDA:188,12,0,7
BRDA:188,12,1,4
BRDA:188,12,2,3
BRDA:188,12,3,0
BRDA:188,12,4,3
BRDA:188,13,0,7
BRDA:188,13,1,0
BRDA:189,14,0,4
BRDA:189,14,1,0
BRDA:191,15,0,3
BRDA:191,15,1,0
BRDA:201,16,0,0
BRDA:201,16,1,0
BRDA:203,17,0,0
BRDA:203,17,1,0
BRDA:210,18,0,0
BRDA:210,18,1,0
BRDA:210,18,2,0
BRDA:210,18,3,0
BRDA:210,18,4,0
BRDA:210,19,0,0
BRDA:210,19,1,0
BRDA:211,20,0,0
BRDA:211,20,1,0
BRDA:213,21,0,0
BRDA:213,21,1,0
BRDA:223,22,0,0
BRDA:223,22,1,1
BRF:52
BRH:27
end_of_record
TN:
SF:src/store/selectors/maintenanceSelectors.ts
FN:6,(anonymous_0)
FN:9,(anonymous_1)
FN:13,(anonymous_2)
FN:17,(anonymous_3)
FN:21,(anonymous_4)
FN:25,(anonymous_5)
FN:31,(anonymous_6)
FN:32,(anonymous_7)
FN:40,(anonymous_8)
FN:40,(anonymous_9)
FN:46,(anonymous_10)
FN:46,(anonymous_11)
FN:52,(anonymous_12)
FN:53,(anonymous_13)
FN:59,(anonymous_14)
FN:60,(anonymous_15)
FN:61,(anonymous_16)
FN:67,(anonymous_17)
FN:71,(anonymous_18)
FN:78,(anonymous_19)
FN:79,(anonymous_20)
FN:82,(anonymous_21)
FN:83,(anonymous_22)
FN:84,(anonymous_23)
FN:97,(anonymous_24)
FN:98,(anonymous_25)
FN:99,(anonymous_26)
FN:103,(anonymous_27)
FN:104,(anonymous_28)
FN:105,(anonymous_29)
FNF:30
FNH:29
FNDA:0,(anonymous_0)
FNDA:22,(anonymous_1)
FNDA:1,(anonymous_2)
FNDA:1,(anonymous_3)
FNDA:1,(anonymous_4)
FNDA:4,(anonymous_5)
FNDA:1,(anonymous_6)
FNDA:3,(anonymous_7)
FNDA:1,(anonymous_8)
FNDA:2,(anonymous_9)
FNDA:1,(anonymous_10)
FNDA:2,(anonymous_11)
FNDA:1,(anonymous_12)
FNDA:3,(anonymous_13)
FNDA:1,(anonymous_14)
FNDA:1,(anonymous_15)
FNDA:3,(anonymous_16)
FNDA:2,(anonymous_17)
FNDA:3,(anonymous_18)
FNDA:1,(anonymous_19)
FNDA:3,(anonymous_20)
FNDA:3,(anonymous_21)
FNDA:3,(anonymous_22)
FNDA:3,(anonymous_23)
FNDA:1,(anonymous_24)
FNDA:1,(anonymous_25)
FNDA:3,(anonymous_26)
FNDA:2,(anonymous_27)
FNDA:2,(anonymous_28)
FNDA:2,(anonymous_29)
DA:6,1
DA:9,1
DA:10,22
DA:13,1
DA:14,1
DA:17,1
DA:18,1
DA:21,1
DA:22,1
DA:25,1
DA:26,4
DA:29,1
DA:32,1
DA:33,3
DA:38,1
DA:40,2
DA:44,1
DA:46,2
DA:50,1
DA:53,1
DA:54,3
DA:59,1
DA:60,1
DA:61,3
DA:65,1
DA:68,2
DA:69,1
DA:71,3
DA:76,1
DA:79,1
DA:80,3
DA:82,3
DA:83,3
DA:84,3
DA:86,1
DA:97,1
DA:98,1
DA:99,3
DA:103,1
DA:104,2
DA:105,2
LF:41
LH:41
BRDA:68,0,0,1
BRDA:68,0,1,1
BRDA:105,1,0,2
BRDA:105,1,1,1
BRF:4
BRH:4
end_of_record
TN:
SF:src/store/selectors/purchaseOrderSelectors.ts
FN:4,(anonymous_0)
FN:7,(anonymous_1)
FN:10,(anonymous_2)
FN:13,(anonymous_3)
FN:16,(anonymous_4)
FN:19,(anonymous_5)
FN:22,(anonymous_6)
FN:30,(anonymous_7)
FN:33,(anonymous_8)
FN:44,(anonymous_9)
FN:45,(anonymous_10)
FN:51,(anonymous_11)
FN:52,(anonymous_12)
FN:54,(anonymous_13)
FNF:14
FNH:13
FNDA:0,(anonymous_0)
FNDA:12,(anonymous_1)
FNDA:7,(anonymous_2)
FNDA:1,(anonymous_3)
FNDA:1,(anonymous_4)
FNDA:1,(anonymous_5)
FNDA:4,(anonymous_6)
FNDA:2,(anonymous_7)
FNDA:3,(anonymous_8)
FNDA:1,(anonymous_9)
FNDA:3,(anonymous_10)
FNDA:3,(anonymous_11)
FNDA:3,(anonymous_12)
FNDA:2,(anonymous_13)
DA:4,1
DA:5,0
DA:7,1
DA:8,12
DA:10,1
DA:11,7
DA:13,1
DA:14,1
DA:16,1
DA:17,1
DA:19,1
DA:20,1
DA:22,1
DA:23,4
DA:28,1
DA:31,2
DA:32,2
DA:33,3
DA:35,2
DA:42,1
DA:45,3
DA:51,1
DA:52,3
DA:53,3
DA:54,2
LF:25
LH:24
BRDA:32,0,0,1
BRDA:32,0,1,1
BRDA:53,1,0,1
BRDA:53,1,1,2
BRDA:54,2,0,2
BRDA:54,2,1,1
BRF:6
BRH:6
end_of_record
TN:
SF:src/store/selectors/requestSelectors.ts
FN:5,(anonymous_0)
FN:7,(anonymous_1)
FN:9,(anonymous_2)
FN:11,(anonymous_3)
FN:14,(anonymous_4)
FN:16,(anonymous_5)
FN:18,(anonymous_6)
FN:21,(anonymous_7)
FN:28,(anonymous_8)
FN:31,(anonymous_9)
FN:32,(anonymous_10)
FN:33,(anonymous_11)
FN:55,(anonymous_12)
FN:60,(anonymous_13)
FN:64,(anonymous_14)
FN:69,(anonymous_15)
FN:77,(anonymous_16)
FN:78,(anonymous_17)
FN:79,(anonymous_18)
FN:91,(anonymous_19)
FN:95,(anonymous_20)
FN:99,(anonymous_21)
FN:103,(anonymous_22)
FN:115,(anonymous_23)
FN:115,(anonymous_24)
FN:123,(anonymous_25)
FN:125,(anonymous_26)
FN:132,(anonymous_27)
FN:143,(anonymous_28)
FN:144,(anonymous_29)
FN:145,(anonymous_30)
FN:147,(anonymous_31)
FNF:32
FNH:14
FNDA:0,(anonymous_0)
FNDA:11,(anonymous_1)
FNDA:5,(anonymous_2)
FNDA:1,(anonymous_3)
FNDA:0,(anonymous_4)
FNDA:0,(anonymous_5)
FNDA:3,(anonymous_6)
FNDA:0,(anonymous_7)
FNDA:2,(anonymous_8)
FNDA:2,(anonymous_9)
FNDA:1,(anonymous_10)
FNDA:1,(anonymous_11)
FNDA:0,(anonymous_12)
FNDA:0,(anonymous_13)
FNDA:0,(anonymous_14)
FNDA:0,(anonymous_15)
FNDA:0,(anonymous_16)
FNDA:0,(anonymous_17)
FNDA:0,(anonymous_18)
FNDA:1,(anonymous_19)
FNDA:2,(anonymous_20)
FNDA:0,(anonymous_21)
FNDA:0,(anonymous_22)
FNDA:1,(anonymous_23)
FNDA:3,(anonymous_24)
FNDA:1,(anonymous_25)
FNDA:2,(anonymous_26)
FNDA:0,(anonymous_27)
FNDA:0,(anonymous_28)
FNDA:0,(anonymous_29)
FNDA:0,(anonymous_30)
FNDA:0,(anonymous_31)
DA:5,1
DA:7,11
DA:9,5
DA:11,1
DA:12,1
DA:14,1
DA:16,1
DA:18,3
DA:21,1
DA:22,0
DA:23,0
DA:24,0
DA:28,1
DA:29,2
DA:32,2
DA:33,2
DA:36,2
DA:37,0
DA:38,0
DA:40,0
DA:46,2
DA:53,1
DA:57,0
DA:59,0
DA:60,0
DA:63,0
DA:64,0
DA:68,0
DA:69,0
DA:70,0
DA:71,0
DA:72,0
DA:76,0
DA:77,0
DA:78,0
DA:79,0
DA:82,0
DA:89,1
DA:92,1
DA:94,1
DA:95,2
DA:98,1
DA:99,0
DA:102,1
DA:103,0
DA:106,1
DA:113,1
DA:115,3
DA:121,1
DA:124,1
DA:125,2
DA:132,1
DA:133,0
DA:134,0
DA:135,0
DA:143,1
DA:144,0
DA:145,0
DA:146,0
DA:147,0
LF:60
LH:30
BRDA:23,0,0,0
BRDA:23,0,1,0
BRDA:23,1,0,0
BRDA:23,1,1,0
BRDA:36,2,0,0
BRDA:36,2,1,2
BRDA:36,3,0,2
BRDA:36,3,1,1
BRDA:40,4,0,0
BRDA:40,4,1,0
BRDA:46,5,0,2
BRDA:46,5,1,1
BRDA:46,5,2,0
BRDA:59,6,0,0
BRDA:59,6,1,0
BRDA:63,7,0,0
BRDA:63,7,1,0
BRDA:70,8,0,0
BRDA:70,8,1,0
BRDA:94,9,0,1
BRDA:94,9,1,0
BRDA:98,10,0,0
BRDA:98,10,1,1
BRDA:102,11,0,0
BRDA:102,11,1,1
BRDA:125,12,0,2
BRDA:125,12,1,2
BRDA:134,13,0,0
BRDA:134,13,1,0
BRDA:135,14,0,0
BRDA:135,14,1,0
BRDA:145,15,0,0
BRDA:145,15,1,0
BRF:33
BRH:10
end_of_record
TN:
SF:src/store/selectors/sitesSelectors.ts
FN:5,(anonymous_0)
FN:9,(anonymous_1)
FN:14,(anonymous_2)
FN:19,(anonymous_3)
FN:24,(anonymous_4)
FN:29,(anonymous_5)
FN:29,(anonymous_6)
FN:34,(anonymous_7)
FN:34,(anonymous_8)
FN:37,(anonymous_9)
FN:40,(anonymous_10)
FN:40,(anonymous_11)
FN:45,(anonymous_12)
FN:52,(anonymous_13)
FN:63,(anonymous_14)
FN:63,(anonymous_15)
FN:68,(anonymous_16)
FN:68,(anonymous_17)
FN:74,(anonymous_18)
FN:77,(anonymous_19)
FN:79,(anonymous_20)
FNF:21
FNH:19
FNDA:23,(anonymous_0)
FNDA:12,(anonymous_1)
FNDA:1,(anonymous_2)
FNDA:1,(anonymous_3)
FNDA:5,(anonymous_4)
FNDA:1,(anonymous_5)
FNDA:2,(anonymous_6)
FNDA:1,(anonymous_7)
FNDA:2,(anonymous_8)
FNDA:2,(anonymous_9)
FNDA:2,(anonymous_10)
FNDA:2,(anonymous_11)
FNDA:4,(anonymous_12)
FNDA:6,(anonymous_13)
FNDA:1,(anonymous_14)
FNDA:2,(anonymous_15)
FNDA:0,(anonymous_16)
FNDA:0,(anonymous_17)
FNDA:3,(anonymous_18)
FNDA:3,(anonymous_19)
FNDA:2,(anonymous_20)
DA:5,23
DA:7,1
DA:9,12
DA:12,1
DA:14,1
DA:17,1
DA:19,1
DA:22,1
DA:24,5
DA:27,1
DA:29,2
DA:32,1
DA:34,2
DA:37,1
DA:38,2
DA:40,2
DA:43,1
DA:46,4
DA:47,1
DA:50,3
DA:51,3
DA:53,6
DA:61,1
DA:63,2
DA:66,1
DA:68,0
DA:74,1
DA:75,3
DA:78,3
DA:79,2
DA:80,2
LF:31
LH:30
BRDA:40,0,0,2
BRDA:40,0,1,1
BRDA:46,1,0,1
BRDA:46,1,1,3
BRDA:53,2,0,6
BRDA:53,2,1,3
BRDA:53,2,2,2
BRDA:53,2,3,0
BRDA:53,2,4,2
BRDA:53,2,5,0
BRDA:78,3,0,1
BRDA:78,3,1,2
BRDA:80,4,0,2
BRDA:80,4,1,1
BRF:14
BRH:12
end_of_record
TN:
SF:src/store/selectors/steelMasterSelectors.ts
FN:5,(anonymous_0)
FN:9,(anonymous_1)
FN:14,(anonymous_2)
FN:14,(anonymous_3)
FN:17,(anonymous_4)
FN:20,(anonymous_5)
FN:20,(anonymous_6)
FN:25,(anonymous_7)
FN:30,(anonymous_8)
FN:35,(anonymous_9)
FNF:10
FNH:10
FNDA:11,(anonymous_0)
FNDA:4,(anonymous_1)
FNDA:1,(anonymous_2)
FNDA:2,(anonymous_3)
FNDA:2,(anonymous_4)
FNDA:2,(anonymous_5)
FNDA:2,(anonymous_6)
FNDA:1,(anonymous_7)
FNDA:1,(anonymous_8)
FNDA:1,(anonymous_9)
DA:5,11
DA:7,1
DA:9,4
DA:12,1
DA:14,2
DA:17,1
DA:18,2
DA:20,2
DA:23,1
DA:25,1
DA:28,1
DA:30,1
DA:33,1
DA:35,1
LF:14
LH:14
BRDA:20,0,0,2
BRDA:20,0,1,1
BRF:2
BRH:2
end_of_record
TN:
SF:src/store/slices/activityLogSlice.ts
FN:61,(anonymous_0)
FN:74,(anonymous_1)
FN:81,(anonymous_2)
FN:85,(anonymous_3)
FN:89,(anonymous_4)
FN:98,(anonymous_5)
FN:103,(anonymous_6)
FN:121,(anonymous_7)
FN:129,(anonymous_8)
FN:136,(anonymous_9)
FN:138,(anonymous_10)
FN:143,(anonymous_11)
FN:151,(anonymous_12)
FN:157,(anonymous_13)
FN:161,(anonymous_14)
FN:167,(anonymous_15)
FN:173,(anonymous_16)
FN:177,(anonymous_17)
FN:182,(anonymous_18)
FN:188,(anonymous_19)
FN:192,(anonymous_20)
FN:196,(anonymous_21)
FNF:22
FNH:12
FNDA:1,(anonymous_0)
FNDA:1,(anonymous_1)
FNDA:1,(anonymous_2)
FNDA:1,(anonymous_3)
FNDA:2,(anonymous_4)
FNDA:1,(anonymous_5)
FNDA:1,(anonymous_6)
FNDA:3,(anonymous_7)
FNDA:1,(anonymous_8)
FNDA:1,(anonymous_9)
FNDA:0,(anonymous_10)
FNDA:1,(anonymous_11)
FNDA:0,(anonymous_12)
FNDA:0,(anonymous_13)
FNDA:0,(anonymous_14)
FNDA:0,(anonymous_15)
FNDA:0,(anonymous_16)
FNDA:1,(anonymous_17)
FNDA:0,(anonymous_18)
FNDA:0,(anonymous_19)
FNDA:0,(anonymous_20)
FNDA:0,(anonymous_21)
DA:11,1
DA:36,1
DA:57,1
DA:62,1
DA:63,1
DA:68,1
DA:69,1
DA:70,1
DA:71,1
DA:75,1
DA:76,1
DA:77,1
DA:78,1
DA:82,1
DA:86,1
DA:90,2
DA:91,2
DA:92,2
DA:93,2
DA:94,2
DA:95,2
DA:99,1
DA:100,1
DA:104,1
DA:105,1
DA:106,1
DA:107,1
DA:108,1
DA:109,1
DA:110,1
DA:111,1
DA:112,1
DA:113,1
DA:114,1
DA:122,3
DA:123,3
DA:124,3
DA:125,3
DA:126,3
DA:130,1
DA:131,1
DA:132,1
DA:133,1
DA:137,1
DA:139,0
DA:140,0
DA:141,0
DA:144,1
DA:145,1
DA:146,1
DA:147,1
DA:148,1
DA:149,1
DA:152,0
DA:153,0
DA:154,0
DA:158,0
DA:159,0
DA:162,0
DA:163,0
DA:164,0
DA:165,0
DA:168,0
DA:169,0
DA:170,0
DA:174,0
DA:175,0
DA:178,1
DA:179,1
DA:180,1
DA:183,0
DA:184,0
DA:185,0
DA:189,0
DA:190,0
DA:193,0
DA:194,0
DA:197,0
DA:198,0
DA:199,0
DA:214,1
LF:81
LH:54
BRDA:65,0,0,0
BRDA:65,0,1,1
BRDA:66,1,0,0
BRDA:66,1,1,1
BRDA:153,2,0,0
BRDA:153,2,1,0
BRDA:169,3,0,0
BRDA:169,3,1,0
BRDA:184,4,0,0
BRDA:184,4,1,0
BRDA:198,5,0,0
BRDA:198,5,1,0
BRF:12
BRH:2
end_of_record
TN:
SF:src/store/slices/authSlice.ts
FN:20,(anonymous_0)
FN:33,(anonymous_1)
FN:37,(anonymous_2)
FN:40,(anonymous_3)
FN:43,(anonymous_4)
FN:47,(anonymous_5)
FN:49,(anonymous_6)
FN:53,(anonymous_7)
FN:59,(anonymous_8)
FN:65,(anonymous_9)
FN:69,(anonymous_10)
FN:75,(anonymous_11)
FN:81,(anonymous_12)
FN:85,(anonymous_13)
FN:93,(anonymous_14)
FNF:15
FNH:9
FNDA:4,(anonymous_0)
FNDA:1,(anonymous_1)
FNDA:0,(anonymous_2)
FNDA:1,(anonymous_3)
FNDA:1,(anonymous_4)
FNDA:1,(anonymous_5)
FNDA:0,(anonymous_6)
FNDA:0,(anonymous_7)
FNDA:0,(anonymous_8)
FNDA:1,(anonymous_9)
FNDA:2,(anonymous_10)
FNDA:1,(anonymous_11)
FNDA:0,(anonymous_12)
FNDA:1,(anonymous_13)
FNDA:0,(anonymous_14)
DA:7,1
DA:16,1
DA:21,4
DA:22,4
DA:23,4
DA:25,4
DA:26,1
DA:27,1
DA:30,3
DA:34,1
DA:35,1
DA:38,0
DA:41,1
DA:44,1
DA:48,1
DA:50,0
DA:51,0
DA:54,0
DA:55,0
DA:56,0
DA:57,0
DA:60,0
DA:61,0
DA:62,0
DA:63,0
DA:66,1
DA:67,1
DA:70,2
DA:71,2
DA:72,2
DA:73,2
DA:76,1
DA:77,1
DA:78,1
DA:79,1
DA:82,0
DA:83,0
DA:86,1
DA:87,1
DA:88,1
DA:89,1
DA:90,1
DA:91,1
DA:94,0
DA:95,0
DA:100,1
LF:46
LH:31
BRDA:25,0,0,1
BRDA:25,0,1,3
BRF:2
BRH:2
end_of_record
TN:
SF:src/store/slices/inventorySlice.ts
FN:5,(anonymous_0)
FN:57,(anonymous_1)
FN:62,(anonymous_2)
FN:65,(anonymous_3)
FN:67,(anonymous_4)
FN:70,(anonymous_5)
FN:76,(anonymous_6)
FN:79,(anonymous_7)
FN:82,(anonymous_8)
FN:86,(anonymous_9)
FN:89,(anonymous_10)
FN:94,(anonymous_11)
FN:95,(anonymous_12)
FN:101,(anonymous_13)
FN:104,(anonymous_14)
FN:108,(anonymous_15)
FN:119,(anonymous_16)
FN:123,(anonymous_17)
FN:133,(anonymous_18)
FN:136,(anonymous_19)
FN:141,(anonymous_20)
FN:147,(anonymous_21)
FN:150,(anonymous_22)
FN:154,(anonymous_23)
FN:160,(anonymous_24)
FN:165,(anonymous_25)
FN:168,(anonymous_26)
FN:177,(anonymous_27)
FN:180,(anonymous_28)
FN:185,(anonymous_29)
FN:191,(anonymous_30)
FN:196,(anonymous_31)
FN:203,(anonymous_32)
FN:209,(anonymous_33)
FN:214,(anonymous_34)
FN:221,(anonymous_35)
FN:227,(anonymous_36)
FN:232,(anonymous_37)
FN:234,(anonymous_38)
FN:235,(anonymous_39)
FN:237,(anonymous_40)
FN:240,(anonymous_41)
FN:245,(anonymous_42)
FN:251,(anonymous_43)
FN:256,(anonymous_44)
FN:262,(anonymous_45)
FN:268,(anonymous_46)
FN:273,(anonymous_47)
FN:279,(anonymous_48)
FN:285,(anonymous_49)
FN:290,(anonymous_50)
FN:296,(anonymous_51)
FN:302,(anonymous_52)
FN:307,(anonymous_53)
FN:313,(anonymous_54)
FN:319,(anonymous_55)
FN:324,(anonymous_56)
FN:330,(anonymous_57)
FN:336,(anonymous_58)
FN:341,(anonymous_59)
FN:347,(anonymous_60)
FNF:61
FNH:16
FNDA:0,(anonymous_0)
FNDA:2,(anonymous_1)
FNDA:3,(anonymous_2)
FNDA:1,(anonymous_3)
FNDA:1,(anonymous_4)
FNDA:2,(anonymous_5)
FNDA:1,(anonymous_6)
FNDA:1,(anonymous_7)
FNDA:2,(anonymous_8)
FNDA:1,(anonymous_9)
FNDA:1,(anonymous_10)
FNDA:1,(anonymous_11)
FNDA:1,(anonymous_12)
FNDA:1,(anonymous_13)
FNDA:0,(anonymous_14)
FNDA:1,(anonymous_15)
FNDA:1,(anonymous_16)
FNDA:0,(anonymous_17)
FNDA:1,(anonymous_18)
FNDA:0,(anonymous_19)
FNDA:0,(anonymous_20)
FNDA:0,(anonymous_21)
FNDA:0,(anonymous_22)
FNDA:0,(anonymous_23)
FNDA:0,(anonymous_24)
FNDA:0,(anonymous_25)
FNDA:0,(anonymous_26)
FNDA:0,(anonymous_27)
FNDA:0,(anonymous_28)
FNDA:0,(anonymous_29)
FNDA:0,(anonymous_30)
FNDA:0,(anonymous_31)
FNDA:0,(anonymous_32)
FNDA:0,(anonymous_33)
FNDA:0,(anonymous_34)
FNDA:0,(anonymous_35)
FNDA:0,(anonymous_36)
FNDA:0,(anonymous_37)
FNDA:0,(anonymous_38)
FNDA:0,(anonymous_39)
FNDA:0,(anonymous_40)
FNDA:0,(anonymous_41)
FNDA:0,(anonymous_42)
FNDA:0,(anonymous_43)
FNDA:0,(anonymous_44)
FNDA:0,(anonymous_45)
FNDA:0,(anonymous_46)
FNDA:0,(anonymous_47)
FNDA:0,(anonymous_48)
FNDA:0,(anonymous_49)
FNDA:0,(anonymous_50)
FNDA:0,(anonymous_51)
FNDA:0,(anonymous_52)
FNDA:0,(anonymous_53)
FNDA:0,(anonymous_54)
FNDA:0,(anonymous_55)
FNDA:0,(anonymous_56)
FNDA:0,(anonymous_57)
FNDA:0,(anonymous_58)
FNDA:0,(anonymous_59)
FNDA:0,(anonymous_60)
DA:5,1
DA:6,0
DA:7,0
DA:8,0
DA:9,0
DA:11,0
DA:42,1
DA:53,1
DA:58,2
DA:60,2
DA:63,3
DA:65,1
DA:68,1
DA:74,2
DA:77,1
DA:80,1
DA:83,2
DA:84,2
DA:87,1
DA:90,1
DA:91,1
DA:95,1
DA:96,1
DA:97,1
DA:99,1
DA:102,1
DA:104,0
DA:109,1
DA:111,1
DA:115,0
DA:120,1
DA:124,0
DA:125,0
DA:126,0
DA:127,0
DA:128,0
DA:129,0
DA:130,0
DA:134,1
DA:137,0
DA:138,0
DA:139,0
DA:142,0
DA:143,0
DA:145,0
DA:148,0
DA:150,0
DA:151,0
DA:152,0
DA:155,0
DA:156,0
DA:157,0
DA:161,0
DA:162,0
DA:163,0
DA:166,0
DA:167,0
DA:168,0
DA:169,0
DA:170,0
DA:172,0
DA:175,0
DA:178,0
DA:180,0
DA:182,0
DA:183,0
DA:186,0
DA:187,0
DA:188,0
DA:192,0
DA:193,0
DA:194,0
DA:197,0
DA:200,0
DA:201,0
DA:204,0
DA:205,0
DA:206,0
DA:210,0
DA:211,0
DA:212,0
DA:215,0
DA:218,0
DA:219,0
DA:222,0
DA:223,0
DA:224,0
DA:228,0
DA:229,0
DA:230,0
DA:233,0
DA:234,0
DA:235,0
DA:237,0
DA:238,0
DA:240,0
DA:242,0
DA:243,0
DA:246,0
DA:247,0
DA:248,0
DA:252,0
DA:253,0
DA:254,0
DA:257,0
DA:259,0
DA:260,0
DA:263,0
DA:264,0
DA:265,0
DA:269,0
DA:270,0
DA:271,0
DA:274,0
DA:275,0
DA:276,0
DA:277,0
DA:280,0
DA:281,0
DA:282,0
DA:286,0
DA:287,0
DA:288,0
DA:291,0
DA:292,0
DA:293,0
DA:294,0
DA:297,0
DA:298,0
DA:299,0
DA:303,0
DA:304,0
DA:305,0
DA:308,0
DA:310,0
DA:311,0
DA:314,0
DA:315,0
DA:316,0
DA:320,0
DA:321,0
DA:322,0
DA:325,0
DA:327,0
DA:328,0
DA:331,0
DA:332,0
DA:333,0
DA:337,0
DA:338,0
DA:339,0
DA:342,0
DA:344,0
DA:345,0
DA:348,0
DA:349,0
DA:350,0
DA:368,1
LF:158
LH:26
BRDA:6,0,0,0
BRDA:6,0,1,0
BRDA:7,1,0,0
BRDA:7,1,1,0
BRDA:8,2,0,0
BRDA:8,2,1,0
BRDA:8,3,0,0
BRDA:8,3,1,0
BRDA:8,3,2,0
BRDA:63,4,0,3
BRDA:63,4,1,0
BRDA:63,5,0,3
BRDA:63,5,1,0
BRDA:84,6,0,2
BRDA:84,6,1,0
BRDA:96,7,0,1
BRDA:96,7,1,0
BRDA:102,8,0,1
BRDA:102,8,1,0
BRDA:102,9,0,1
BRDA:102,9,1,0
BRDA:111,10,0,0
BRDA:111,10,1,1
BRDA:112,11,0,1
BRDA:112,11,1,0
BRDA:113,12,0,1
BRDA:113,12,1,0
BRDA:148,13,0,0
BRDA:148,13,1,0
BRDA:148,14,0,0
BRDA:148,14,1,0
BRDA:167,15,0,0
BRDA:167,15,1,0
BRDA:169,16,0,0
BRDA:169,16,1,0
BRDA:178,17,0,0
BRDA:178,17,1,0
BRDA:178,18,0,0
BRDA:178,18,1,0
BRF:39
BRH:9
end_of_record
TN:
SF:src/store/slices/maintenanceSlice.ts
FN:13,(anonymous_0)
FN:49,(anonymous_1)
FN:55,(anonymous_2)
FN:60,(anonymous_3)
FN:65,(anonymous_4)
FN:67,(anonymous_5)
FN:80,(anonymous_6)
FN:82,(anonymous_7)
FN:92,(anonymous_8)
FN:100,(anonymous_9)
FN:105,(anonymous_10)
FN:110,(anonymous_11)
FN:116,(anonymous_12)
FN:122,(anonymous_13)
FN:131,(anonymous_14)
FN:134,(anonymous_15)
FN:139,(anonymous_16)
FN:145,(anonymous_17)
FN:151,(anonymous_18)
FN:156,(anonymous_19)
FN:162,(anonymous_20)
FN:170,(anonymous_21)
FN:176,(anonymous_22)
FN:181,(anonymous_23)
FN:187,(anonymous_24)
FN:193,(anonymous_25)
FN:198,(anonymous_26)
FN:204,(anonymous_27)
FN:210,(anonymous_28)
FN:215,(anonymous_29)
FN:221,(anonymous_30)
FN:227,(anonymous_31)
FN:232,(anonymous_32)
FN:238,(anonymous_33)
FNF:34
FNH:13
FNDA:0,(anonymous_0)
FNDA:4,(anonymous_1)
FNDA:2,(anonymous_2)
FNDA:1,(anonymous_3)
FNDA:2,(anonymous_4)
FNDA:2,(anonymous_5)
FNDA:1,(anonymous_6)
FNDA:1,(anonymous_7)
FNDA:2,(anonymous_8)
FNDA:1,(anonymous_9)
FNDA:1,(anonymous_10)
FNDA:2,(anonymous_11)
FNDA:1,(anonymous_12)
FNDA:0,(anonymous_13)
FNDA:1,(anonymous_14)
FNDA:0,(anonymous_15)
FNDA:0,(anonymous_16)
FNDA:0,(anonymous_17)
FNDA:0,(anonymous_18)
FNDA:0,(anonymous_19)
FNDA:0,(anonymous_20)
FNDA:0,(anonymous_21)
FNDA:0,(anonymous_22)
FNDA:0,(anonymous_23)
FNDA:0,(anonymous_24)
FNDA:0,(anonymous_25)
FNDA:0,(anonymous_26)
FNDA:0,(anonymous_27)
FNDA:0,(anonymous_28)
FNDA:0,(anonymous_29)
FNDA:0,(anonymous_30)
FNDA:0,(anonymous_31)
FNDA:0,(anonymous_32)
FNDA:0,(anonymous_33)
DA:13,1
DA:14,0
DA:15,0
DA:16,0
DA:17,0
DA:19,0
DA:33,1
DA:44,1
DA:50,4
DA:51,4
DA:56,2
DA:61,1
DA:66,2
DA:67,2
DA:69,2
DA:70,2
DA:74,2
DA:75,1
DA:81,1
DA:82,1
DA:86,1
DA:87,0
DA:96,2
DA:101,1
DA:106,1
DA:111,2
DA:112,2
DA:113,2
DA:117,1
DA:118,1
DA:123,0
DA:124,0
DA:125,0
DA:126,0
DA:127,0
DA:128,0
DA:132,1
DA:135,0
DA:136,0
DA:137,0
DA:140,0
DA:141,0
DA:142,0
DA:143,0
DA:146,0
DA:147,0
DA:148,0
DA:152,0
DA:153,0
DA:154,0
DA:157,0
DA:158,0
DA:161,0
DA:162,0
DA:164,0
DA:165,0
DA:167,0
DA:168,0
DA:171,0
DA:172,0
DA:173,0
DA:177,0
DA:178,0
DA:179,0
DA:182,0
DA:184,0
DA:185,0
DA:188,0
DA:189,0
DA:190,0
DA:194,0
DA:195,0
DA:196,0
DA:199,0
DA:201,0
DA:202,0
DA:205,0
DA:206,0
DA:207,0
DA:211,0
DA:212,0
DA:213,0
DA:216,0
DA:218,0
DA:219,0
DA:222,0
DA:223,0
DA:224,0
DA:228,0
DA:229,0
DA:230,0
DA:233,0
DA:235,0
DA:236,0
DA:239,0
DA:240,0
DA:241,0
DA:258,1
LF:98
LH:26
BRDA:14,0,0,0
BRDA:14,0,1,0
BRDA:15,1,0,0
BRDA:15,1,1,0
BRDA:16,2,0,0
BRDA:16,2,1,0
BRDA:16,3,0,0
BRDA:16,3,1,0
BRDA:16,3,2,0
BRDA:69,4,0,2
BRDA:69,4,1,0
BRDA:74,5,0,1
BRDA:74,5,1,1
BRDA:86,6,0,0
BRDA:86,6,1,1
BRDA:164,7,0,0
BRDA:164,7,1,0
BRF:17
BRH:4
end_of_record
TN:
SF:src/store/slices/purchaseOrderSlice.ts
FN:31,(anonymous_0)
FN:33,(anonymous_1)
FN:40,(anonymous_2)
FN:44,(anonymous_3)
FN:46,(anonymous_4)
FN:52,(anonymous_5)
FN:54,(anonymous_6)
FN:65,(anonymous_7)
FN:69,(anonymous_8)
FN:73,(anonymous_9)
FN:78,(anonymous_10)
FN:82,(anonymous_11)
FNF:12
FNH:12
FNDA:1,(anonymous_0)
FNDA:2,(anonymous_1)
FNDA:2,(anonymous_2)
FNDA:1,(anonymous_3)
FNDA:2,(anonymous_4)
FNDA:6,(anonymous_5)
FNDA:2,(anonymous_6)
FNDA:1,(anonymous_7)
FNDA:1,(anonymous_8)
FNDA:2,(anonymous_9)
FNDA:1,(anonymous_10)
FNDA:1,(anonymous_11)
DA:16,1
DA:27,1
DA:32,1
DA:33,1
DA:34,2
DA:36,1
DA:37,1
DA:41,2
DA:45,1
DA:46,1
DA:47,2
DA:49,1
DA:53,6
DA:54,6
DA:55,6
DA:56,2
DA:58,4
DA:60,6
DA:61,1
DA:66,1
DA:70,1
DA:74,2
DA:75,2
DA:79,1
DA:83,1
DA:84,1
DA:85,1
DA:86,1
DA:101,1
LF:29
LH:29
BRDA:34,0,0,1
BRDA:34,0,1,1
BRDA:47,1,0,1
BRDA:47,1,1,1
BRDA:55,2,0,2
BRDA:55,2,1,4
BRDA:60,3,0,1
BRDA:60,3,1,5
BRF:8
BRH:8
end_of_record
TN:
SF:src/store/slices/requestsSlice.ts
FN:37,(anonymous_0)
FN:40,(anonymous_1)
FN:47,(anonymous_2)
FN:50,(anonymous_3)
FN:57,(anonymous_4)
FN:61,(anonymous_5)
FN:65,(anonymous_6)
FN:71,(anonymous_7)
FN:78,(anonymous_8)
FN:83,(anonymous_9)
FN:88,(anonymous_10)
FN:95,(anonymous_11)
FN:109,(anonymous_12)
FN:113,(anonymous_13)
FN:118,(anonymous_14)
FN:122,(anonymous_15)
FN:128,(anonymous_16)
FN:134,(anonymous_17)
FNF:18
FNH:11
FNDA:1,(anonymous_0)
FNDA:2,(anonymous_1)
FNDA:2,(anonymous_2)
FNDA:3,(anonymous_3)
FNDA:1,(anonymous_4)
FNDA:0,(anonymous_5)
FNDA:0,(anonymous_6)
FNDA:0,(anonymous_7)
FNDA:0,(anonymous_8)
FNDA:0,(anonymous_9)
FNDA:0,(anonymous_10)
FNDA:0,(anonymous_11)
FNDA:2,(anonymous_12)
FNDA:1,(anonymous_13)
FNDA:1,(anonymous_14)
FNDA:2,(anonymous_15)
FNDA:1,(anonymous_16)
FNDA:1,(anonymous_17)
DA:18,1
DA:32,1
DA:39,1
DA:40,1
DA:41,2
DA:43,1
DA:44,1
DA:49,2
DA:50,2
DA:51,3
DA:53,2
DA:54,2
DA:58,1
DA:64,0
DA:65,0
DA:67,0
DA:68,0
DA:70,0
DA:71,0
DA:72,0
DA:73,0
DA:79,0
DA:80,0
DA:83,0
DA:84,0
DA:85,0
DA:86,0
DA:88,0
DA:89,0
DA:90,0
DA:95,0
DA:96,0
DA:97,0
DA:103,0
DA:104,0
DA:110,2
DA:114,1
DA:119,1
DA:123,2
DA:124,2
DA:125,2
DA:129,1
DA:130,1
DA:135,1
DA:136,1
DA:137,1
DA:138,1
DA:139,1
DA:140,1
DA:157,1
LF:50
LH:28
BRDA:41,0,0,1
BRDA:41,0,1,1
BRDA:41,1,0,2
BRDA:41,1,1,1
BRDA:51,2,0,2
BRDA:51,2,1,1
BRDA:67,3,0,0
BRDA:67,3,1,0
BRDA:70,4,0,0
BRDA:70,4,1,0
BRDA:72,5,0,0
BRDA:72,5,1,0
BRDA:80,6,0,0
BRDA:80,6,1,0
BRDA:84,7,0,0
BRDA:84,7,1,0
BRDA:86,8,0,0
BRDA:86,8,1,0
BRDA:89,9,0,0
BRDA:89,9,1,0
BRDA:96,10,0,0
BRDA:96,10,1,0
BRDA:103,11,0,0
BRDA:103,11,1,0
BRF:24
BRH:6
end_of_record
TN:
SF:src/store/slices/sitesSlice.ts
FN:31,(anonymous_0)
FN:34,(anonymous_1)
FN:37,(anonymous_2)
FN:38,(anonymous_3)
FN:43,(anonymous_4)
FN:46,(anonymous_5)
FN:49,(anonymous_6)
FN:52,(anonymous_7)
FN:56,(anonymous_8)
FN:59,(anonymous_9)
FN:63,(anonymous_10)
FN:68,(anonymous_11)
FN:73,(anonymous_12)
FN:77,(anonymous_13)
FN:83,(anonymous_14)
FN:88,(anonymous_15)
FN:92,(anonymous_16)
FN:98,(anonymous_17)
FN:103,(anonymous_18)
FN:106,(anonymous_19)
FN:116,(anonymous_20)
FN:121,(anonymous_21)
FN:124,(anonymous_22)
FN:134,(anonymous_23)
FNF:24
FNH:10
FNDA:2,(anonymous_0)
FNDA:1,(anonymous_1)
FNDA:1,(anonymous_2)
FNDA:1,(anonymous_3)
FNDA:1,(anonymous_4)
FNDA:2,(anonymous_5)
FNDA:1,(anonymous_6)
FNDA:1,(anonymous_7)
FNDA:1,(anonymous_8)
FNDA:0,(anonymous_9)
FNDA:1,(anonymous_10)
FNDA:0,(anonymous_11)
FNDA:0,(anonymous_12)
FNDA:0,(anonymous_13)
FNDA:0,(anonymous_14)
FNDA:0,(anonymous_15)
FNDA:0,(anonymous_16)
FNDA:0,(anonymous_17)
FNDA:0,(anonymous_18)
FNDA:0,(anonymous_19)
FNDA:0,(anonymous_20)
FNDA:0,(anonymous_21)
FNDA:0,(anonymous_22)
FNDA:0,(anonymous_23)
DA:18,1
DA:27,1
DA:32,2
DA:35,1
DA:38,1
DA:39,1
DA:40,1
DA:44,1
DA:47,2
DA:50,1
DA:53,1
DA:57,1
DA:60,0
DA:61,0
DA:64,1
DA:65,1
DA:66,1
DA:69,0
DA:70,0
DA:74,0
DA:75,0
DA:78,0
DA:81,0
DA:84,0
DA:85,0
DA:89,0
DA:90,0
DA:93,0
DA:96,0
DA:99,0
DA:100,0
DA:104,0
DA:107,0
DA:108,0
DA:110,0
DA:111,0
DA:117,0
DA:118,0
DA:122,0
DA:125,0
DA:126,0
DA:128,0
DA:129,0
DA:135,0
DA:136,0
DA:149,1
LF:46
LH:16
BRDA:39,0,0,1
BRDA:39,0,1,0
BRDA:110,1,0,0
BRDA:110,1,1,0
BRDA:128,2,0,0
BRDA:128,2,1,0
BRF:6
BRH:1
end_of_record
TN:
SF:src/store/slices/steelMasterSlice.ts
FN:29,(anonymous_0)
FN:32,(anonymous_1)
FN:38,(anonymous_2)
FN:39,(anonymous_3)
FN:44,(anonymous_4)
FN:46,(anonymous_5)
FN:57,(anonymous_6)
FN:59,(anonymous_7)
FN:65,(anonymous_8)
FN:68,(anonymous_9)
FN:74,(anonymous_10)
FN:77,(anonymous_11)
FN:81,(anonymous_12)
FN:86,(anonymous_13)
FN:91,(anonymous_14)
FN:95,(anonymous_15)
FN:100,(anonymous_16)
FN:106,(anonymous_17)
FN:110,(anonymous_18)
FN:114,(anonymous_19)
FN:122,(anonymous_20)
FN:127,(anonymous_21)
FN:131,(anonymous_22)
FN:135,(anonymous_23)
FN:146,(anonymous_24)
FN:151,(anonymous_25)
FN:155,(anonymous_26)
FN:159,(anonymous_27)
FN:168,(anonymous_28)
FNF:29
FNH:11
FNDA:5,(anonymous_0)
FNDA:2,(anonymous_1)
FNDA:3,(anonymous_2)
FNDA:1,(anonymous_3)
FNDA:1,(anonymous_4)
FNDA:1,(anonymous_5)
FNDA:2,(anonymous_6)
FNDA:2,(anonymous_7)
FNDA:1,(anonymous_8)
FNDA:1,(anonymous_9)
FNDA:1,(anonymous_10)
FNDA:0,(anonymous_11)
FNDA:0,(anonymous_12)
FNDA:0,(anonymous_13)
FNDA:0,(anonymous_14)
FNDA:0,(anonymous_15)
FNDA:0,(anonymous_16)
FNDA:0,(anonymous_17)
FNDA:0,(anonymous_18)
FNDA:0,(anonymous_19)
FNDA:0,(anonymous_20)
FNDA:0,(anonymous_21)
FNDA:0,(anonymous_22)
FNDA:0,(anonymous_23)
FNDA:0,(anonymous_24)
FNDA:0,(anonymous_25)
FNDA:0,(anonymous_26)
FNDA:0,(anonymous_27)
FNDA:0,(anonymous_28)
DA:18,1
DA:25,1
DA:30,5
DA:36,2
DA:39,3
DA:40,3
DA:41,2
DA:45,1
DA:46,1
DA:48,1
DA:49,1
DA:51,1
DA:54,0
DA:58,2
DA:59,2
DA:61,2
DA:62,1
DA:66,1
DA:69,1
DA:70,1
DA:71,1
DA:75,1
DA:78,0
DA:79,0
DA:82,0
DA:83,0
DA:84,0
DA:87,0
DA:88,0
DA:92,0
DA:93,0
DA:96,0
DA:97,0
DA:98,0
DA:101,0
DA:102,0
DA:103,0
DA:107,0
DA:108,0
DA:111,0
DA:112,0
DA:113,0
DA:114,0
DA:116,0
DA:117,0
DA:120,0
DA:123,0
DA:124,0
DA:128,0
DA:129,0
DA:132,0
DA:133,0
DA:134,0
DA:135,0
DA:137,0
DA:138,0
DA:140,0
DA:141,0
DA:144,0
DA:147,0
DA:148,0
DA:152,0
DA:153,0
DA:156,0
DA:157,0
DA:158,0
DA:159,0
DA:160,0
DA:162,0
DA:163,0
DA:166,0
DA:169,0
DA:170,0
DA:183,1
LF:74
LH:22
BRDA:40,0,0,2
BRDA:40,0,1,1
BRDA:48,1,0,1
BRDA:48,1,1,0
BRDA:51,2,0,0
BRDA:51,2,1,1
BRDA:61,3,0,1
BRDA:61,3,1,1
BRDA:112,4,0,0
BRDA:112,4,1,0
BRDA:116,5,0,0
BRDA:116,5,1,0
BRDA:133,6,0,0
BRDA:133,6,1,0
BRDA:137,7,0,0
BRDA:137,7,1,0
BRDA:140,8,0,0
BRDA:140,8,1,0
BRDA:158,9,0,0
BRDA:158,9,1,0
BRDA:160,10,0,0
BRDA:160,10,1,0
BRDA:162,11,0,0
BRDA:162,11,1,0
BRF:24
BRH:6
end_of_record
TN:
SF:src/utils/authValidation.ts
FN:3,validateEmail
FN:7,validateLoginForm
FN:22,validateSignupForm
FNF:3
FNH:3
FNDA:17,validateEmail
FNDA:10,validateLoginForm
FNDA:5,validateSignupForm
DA:4,17
DA:8,10
DA:9,10
DA:10,2
DA:11,8
DA:12,1
DA:14,10
DA:15,1
DA:16,9
DA:17,2
DA:19,10
DA:26,5
DA:27,5
DA:28,1
DA:30,5
DA:31,1
DA:32,4
DA:33,1
DA:35,5
LF:19
LH:19
BRDA:9,0,0,2
BRDA:9,0,1,8
BRDA:11,1,0,1
BRDA:11,1,1,7
BRDA:14,2,0,1
BRDA:14,2,1,9
BRDA:16,3,0,2
BRDA:16,3,1,7
BRDA:27,4,0,1
BRDA:27,4,1,4
BRDA:30,5,0,1
BRDA:30,5,1,4
BRDA:32,6,0,1
BRDA:32,6,1,3
BRF:14
BRH:14
end_of_record
TN:
SF:src/utils/csvExport.ts
FN:10,saveCsvAndShare
FNF:1
FNH:1
FNDA:2,saveCsvAndShare
DA:14,2
DA:15,2
DA:16,2
DA:17,2
DA:18,2
DA:19,0
DA:21,2
DA:23,2
DA:27,2
DA:28,2
DA:34,0
DA:37,0
DA:38,0
DA:40,0
DA:45,0
DA:50,0
LF:16
LH:9
BRDA:12,0,0,1
BRDA:18,1,0,0
BRDA:18,1,1,2
BRDA:27,2,0,2
BRDA:27,2,1,0
BRDA:40,3,0,0
BRDA:40,3,1,0
BRDA:41,4,0,0
BRDA:41,4,1,0
BRDA:41,4,2,0
BRDA:50,5,0,0
BRDA:50,5,1,0
BRF:12
BRH:3
end_of_record
TN:
SF:src/utils/dateSerialization.ts
FN:17,dateToIso
FN:26,isoToDate
FN:37,filtersToStore
FN:51,filtersToUI
FNF:4
FNH:4
FNDA:8,dateToIso
FNDA:9,isoToDate
FNDA:2,filtersToStore
FNDA:2,filtersToUI
DA:18,8
DA:19,6
DA:20,5
DA:27,9
DA:28,7
DA:29,6
DA:30,6
DA:31,6
DA:40,2
DA:41,2
DA:54,2
DA:55,2
LF:12
LH:12
BRDA:18,0,0,2
BRDA:18,0,1,6
BRDA:19,1,0,1
BRDA:19,1,1,5
BRDA:20,2,0,5
BRDA:20,2,1,0
BRDA:27,3,0,2
BRDA:27,3,1,7
BRDA:28,4,0,1
BRDA:28,4,1,6
BRDA:29,5,0,0
BRDA:29,5,1,6
BRDA:31,6,0,1
BRDA:31,6,1,5
BRF:14
BRH:12
end_of_record
TN:
SF:src/utils/firebaseUtils.ts
FN:15,(anonymous_0)
FN:32,(anonymous_1)
FN:40,(anonymous_2)
FN:63,(anonymous_3)
FNF:4
FNH:3
FNDA:4,(anonymous_0)
FNDA:2,(anonymous_1)
FNDA:3,(anonymous_2)
FNDA:0,(anonymous_3)
DA:15,1
DA:16,4
DA:17,2
DA:19,2
DA:20,1
DA:23,1
DA:24,1
DA:26,0
DA:32,1
DA:33,2
DA:34,1
DA:40,1
DA:41,3
DA:43,1
DA:63,1
DA:68,0
LF:16
LH:14
BRDA:16,0,0,2
BRDA:16,0,1,2
BRDA:16,1,0,4
BRDA:16,1,1,2
BRDA:19,2,0,1
BRDA:19,2,1,1
BRDA:23,3,0,1
BRDA:23,3,1,0
BRDA:33,4,0,1
BRDA:33,4,1,1
BRDA:41,5,0,2
BRDA:41,5,1,1
BRDA:41,6,0,3
BRDA:41,6,1,2
BRF:14
BRH:13
end_of_record
TN:
SF:src/utils/locationUtils.ts
FN:3,(anonymous_0)
FN:19,(anonymous_1)
FNF:2
FNH:2
FNDA:4,(anonymous_0)
FNDA:4,(anonymous_1)
DA:3,1
DA:4,4
DA:6,1
DA:8,2
DA:10,1
DA:19,1
DA:20,4
DA:21,3
DA:22,2
DA:23,1
LF:10
LH:10
BRDA:4,0,0,1
BRDA:4,0,1,2
BRDA:4,0,2,1
BRDA:8,1,0,1
BRDA:8,1,1,1
BRDA:20,2,0,1
BRDA:20,2,1,3
BRDA:21,3,0,1
BRDA:21,3,1,2
BRDA:22,4,0,1
BRDA:22,4,1,1
BRF:11
BRH:11
end_of_record
TN:
SF:src/utils/poPdfUtils.ts
FN:7,(anonymous_0)
FN:16,(anonymous_1)
FN:41,generatePOHtml
FN:45,(anonymous_3)
FN:151,(anonymous_4)
FN:157,escapeHtml
FN:165,(anonymous_6)
FN:171,buildDraftPOForPrint
FN:184,(anonymous_8)
FN:190,(anonymous_9)
FN:191,(anonymous_10)
FN:234,printPurchaseOrder
FNF:12
FNH:11
FNDA:4,(anonymous_0)
FNDA:10,(anonymous_1)
FNDA:2,generatePOHtml
FNDA:2,(anonymous_3)
FNDA:2,(anonymous_4)
FNDA:16,escapeHtml
FNDA:4,(anonymous_6)
FNDA:2,buildDraftPOForPrint
FNDA:1,(anonymous_8)
FNDA:1,(anonymous_9)
FNDA:1,(anonymous_10)
FNDA:0,printPurchaseOrder
DA:5,1
DA:7,1
DA:8,4
DA:9,2
DA:16,1
DA:17,10
DA:19,1
DA:28,1
DA:42,2
DA:43,2
DA:45,2
DA:46,2
DA:48,2
DA:49,2
DA:50,2
DA:61,2
DA:62,2
DA:63,2
DA:64,0
DA:66,2
DA:67,0
DA:70,2
DA:151,2
DA:158,16
DA:165,16
DA:184,2
DA:185,1
DA:186,1
DA:187,1
DA:188,1
DA:190,2
DA:191,2
DA:192,2
DA:193,2
DA:195,2
DA:235,0
DA:236,0
DA:237,0
DA:243,0
DA:244,0
DA:250,0
DA:253,0
DA:254,0
DA:256,0
DA:261,0
DA:266,0
LF:46
LH:33
BRDA:8,0,0,2
BRDA:8,0,1,2
BRDA:42,1,0,2
BRDA:42,1,1,0
BRDA:43,2,0,2
BRDA:43,2,1,0
BRDA:45,3,0,2
BRDA:45,3,1,0
BRDA:46,4,0,2
BRDA:46,4,1,1
BRDA:48,5,0,2
BRDA:48,5,1,1
BRDA:62,6,0,2
BRDA:62,6,1,0
BRDA:63,7,0,0
BRDA:63,7,1,2
BRDA:66,8,0,0
BRDA:66,8,1,2
BRDA:99,9,0,2
BRDA:99,9,1,0
BRDA:100,10,0,2
BRDA:100,10,1,0
BRDA:101,11,0,0
BRDA:101,11,1,2
BRDA:102,12,0,0
BRDA:102,12,1,2
BRDA:128,13,0,2
BRDA:128,13,1,0
BRDA:132,14,0,2
BRDA:132,14,1,0
BRDA:136,15,0,2
BRDA:136,15,1,0
BRDA:142,16,0,2
BRDA:142,16,1,2
BRDA:165,17,0,4
BRDA:165,17,1,0
BRDA:182,18,0,1
BRDA:185,19,0,1
BRDA:185,19,1,0
BRDA:186,20,0,1
BRDA:186,20,1,1
BRDA:187,21,0,1
BRDA:187,21,1,1
BRDA:191,22,0,1
BRDA:191,22,1,0
BRDA:205,23,0,1
BRDA:205,23,1,1
BRDA:209,24,0,1
BRDA:209,24,1,1
BRDA:243,25,0,0
BRDA:243,25,1,0
BRDA:256,26,0,0
BRDA:256,26,1,0
BRDA:257,27,0,0
BRDA:257,27,1,0
BRDA:257,27,2,0
BRDA:266,28,0,0
BRDA:266,28,1,0
BRF:58
BRH:33
end_of_record
TN:
SF:src/utils/requestUtils.ts
FN:24,getReturnHistoryForDisplay
FN:34,(anonymous_1)
FN:35,(anonymous_2)
FNF:3
FNH:3
FNDA:3,getReturnHistoryForDisplay
FNDA:1,(anonymous_1)
FNDA:1,(anonymous_2)
DA:25,3
DA:26,1
DA:29,2
DA:34,1
DA:35,1
DA:36,1
DA:44,1
DA:54,1
LF:8
LH:8
BRDA:25,0,0,1
BRDA:25,0,1,2
BRDA:25,1,0,3
BRDA:25,1,1,1
BRDA:29,2,0,1
BRDA:29,2,1,1
BRDA:30,3,0,2
BRDA:30,3,1,1
BRDA:30,3,2,1
BRDA:38,4,0,1
BRDA:38,4,1,0
BRDA:48,5,0,1
BRDA:48,5,1,0
BRDA:50,6,0,1
BRDA:50,6,1,1
BRF:15
BRH:13
end_of_record
TN:
SF:src/utils/skuGenerationUtils.ts
FN:15,sanitizeHsnForPrefix
FN:27,getNextSkuSuffix
FN:37,(anonymous_2)
FN:43,(anonymous_3)
FN:56,generateSkuFromHsn
FN:73,validateSku
FNF:6
FNH:6
FNDA:15,sanitizeHsnForPrefix
FNDA:9,getNextSkuSuffix
FNDA:9,(anonymous_2)
FNDA:9,(anonymous_3)
FNDA:6,generateSkuFromHsn
FNDA:8,validateSku
DA:9,1
DA:16,15
DA:17,13
DA:28,9
DA:29,9
DA:31,8
DA:32,8
DA:34,8
DA:36,5
DA:38,9
DA:39,9
DA:40,9
DA:41,9
DA:43,9
DA:45,5
DA:46,5
DA:57,6
DA:58,6
DA:59,2
DA:62,4
DA:63,4
DA:64,4
DA:74,8
DA:75,1
DA:77,7
DA:78,7
DA:79,1
DA:81,6
DA:82,1
DA:84,5
DA:85,2
DA:87,3
LF:32
LH:32
BRDA:16,0,0,2
BRDA:16,0,1,13
BRDA:16,1,0,15
BRDA:16,1,1,13
BRDA:29,2,0,1
BRDA:29,2,1,8
BRDA:34,3,0,3
BRDA:34,3,1,5
BRDA:41,4,0,0
BRDA:41,4,1,9
BRDA:45,5,0,0
BRDA:45,5,1,5
BRDA:58,6,0,2
BRDA:58,6,1,4
BRDA:74,7,0,1
BRDA:74,7,1,7
BRDA:74,8,0,8
BRDA:74,8,1,7
BRDA:78,9,0,1
BRDA:78,9,1,6
BRDA:81,10,0,1
BRDA:81,10,1,5
BRDA:84,11,0,2
BRDA:84,11,1,3
BRF:24
BRH:22
end_of_record
TN:
SF:src/utils/weightConversionUtils.ts
FN:17,tonToKg
FN:24,isWeightBasedItem
FN:33,isWeightViewSupported
FN:48,piecesToKg
FN:69,kgToPieces
FN:116,getConversionErrorMessage
FN:138,(anonymous_6)
FN:156,calculateTotalWeight
FN:167,formatWeight
FNF:9
FNH:9
FNDA:2,tonToKg
FNDA:6,isWeightBasedItem
FNDA:3,isWeightViewSupported
FNDA:4,piecesToKg
FNDA:5,kgToPieces
FNDA:2,getConversionErrorMessage
FNDA:2,(anonymous_6)
FNDA:1,calculateTotalWeight
FNDA:4,formatWeight
DA:11,1
DA:18,2
DA:25,6
DA:37,3
DA:53,4
DA:54,2
DA:74,5
DA:75,5
DA:76,1
DA:84,4
DA:85,4
DA:87,4
DA:88,2
DA:89,2
DA:90,2
DA:91,2
DA:93,2
DA:105,2
DA:121,2
DA:122,2
DA:124,2
DA:125,1
DA:128,1
DA:133,1
DA:134,1
DA:136,1
DA:137,1
DA:138,1
DA:139,2
DA:143,2
DA:147,1
DA:150,1
DA:161,1
DA:168,4
DA:169,2
DA:170,2
DA:174,2
LF:37
LH:37
BRDA:25,0,0,6
BRDA:25,0,1,5
BRDA:38,1,0,3
BRDA:38,1,1,3
BRDA:38,1,2,2
BRDA:53,2,0,2
BRDA:53,2,1,2
BRDA:53,3,0,4
BRDA:53,3,1,3
BRDA:75,4,0,1
BRDA:75,4,1,4
BRDA:87,5,0,2
BRDA:87,5,1,2
BRDA:124,6,0,1
BRDA:124,6,1,1
BRDA:136,7,0,1
BRDA:136,7,1,0
BRDA:136,8,0,1
BRDA:136,8,1,1
BRDA:168,9,0,2
BRDA:168,9,1,2
BRDA:170,10,0,1
BRDA:170,10,1,1
BRF:23
BRH:22
end_of_record
