TN:
SF:src/components/Dashboard/DashboardGreeting.tsx
FN:16,DashboardGreeting
FNF:1
FNH:1
FNDA:5,DashboardGreeting
DA:21,5
DA:23,5
DA:31,5
LF:3
LH:3
BRDA:21,0,0,5
BRDA:21,0,1,0
BRDA:23,1,0,1
BRDA:23,1,1,4
BRDA:23,2,0,5
BRDA:23,2,1,2
BRF:6
BRH:5
end_of_record
TN:
SF:src/store/slices/authSlice.ts
FN:20,(anonymous_0)
FN:33,(anonymous_1)
FN:37,(anonymous_2)
FN:40,(anonymous_3)
FN:43,(anonymous_4)
FN:47,(anonymous_5)
FN:49,(anonymous_6)
FN:53,(anonymous_7)
FN:59,(anonymous_8)
FN:65,(anonymous_9)
FN:69,(anonymous_10)
FN:75,(anonymous_11)
FN:81,(anonymous_12)
FN:85,(anonymous_13)
FN:93,(anonymous_14)
FNF:15
FNH:9
FNDA:4,(anonymous_0)
FNDA:1,(anonymous_1)
FNDA:0,(anonymous_2)
FNDA:1,(anonymous_3)
FNDA:1,(anonymous_4)
FNDA:1,(anonymous_5)
FNDA:0,(anonymous_6)
FNDA:0,(anonymous_7)
FNDA:0,(anonymous_8)
FNDA:1,(anonymous_9)
FNDA:2,(anonymous_10)
FNDA:1,(anonymous_11)
FNDA:0,(anonymous_12)
FNDA:1,(anonymous_13)
FNDA:0,(anonymous_14)
DA:7,1
DA:16,1
DA:21,4
DA:22,4
DA:23,4
DA:25,4
DA:26,1
DA:27,1
DA:30,3
DA:34,1
DA:35,1
DA:38,0
DA:41,1
DA:44,1
DA:48,1
DA:50,0
DA:51,0
DA:54,0
DA:55,0
DA:56,0
DA:57,0
DA:60,0
DA:61,0
DA:62,0
DA:63,0
DA:66,1
DA:67,1
DA:70,2
DA:71,2
DA:72,2
DA:73,2
DA:76,1
DA:77,1
DA:78,1
DA:79,1
DA:82,0
DA:83,0
DA:86,1
DA:87,1
DA:88,1
DA:89,1
DA:90,1
DA:91,1
DA:94,0
DA:95,0
DA:100,1
LF:46
LH:31
BRDA:25,0,0,1
BRDA:25,0,1,3
BRF:2
BRH:2
end_of_record
TN:
SF:src/store/slices/requestsSlice.ts
FN:37,(anonymous_0)
FN:40,(anonymous_1)
FN:47,(anonymous_2)
FN:50,(anonymous_3)
FN:57,(anonymous_4)
FN:61,(anonymous_5)
FN:65,(anonymous_6)
FN:71,(anonymous_7)
FN:78,(anonymous_8)
FN:83,(anonymous_9)
FN:88,(anonymous_10)
FN:95,(anonymous_11)
FN:109,(anonymous_12)
FN:113,(anonymous_13)
FN:118,(anonymous_14)
FN:122,(anonymous_15)
FN:128,(anonymous_16)
FN:134,(anonymous_17)
FNF:18
FNH:11
FNDA:1,(anonymous_0)
FNDA:2,(anonymous_1)
FNDA:2,(anonymous_2)
FNDA:3,(anonymous_3)
FNDA:1,(anonymous_4)
FNDA:0,(anonymous_5)
FNDA:0,(anonymous_6)
FNDA:0,(anonymous_7)
FNDA:0,(anonymous_8)
FNDA:0,(anonymous_9)
FNDA:0,(anonymous_10)
FNDA:0,(anonymous_11)
FNDA:2,(anonymous_12)
FNDA:1,(anonymous_13)
FNDA:1,(anonymous_14)
FNDA:2,(anonymous_15)
FNDA:1,(anonymous_16)
FNDA:1,(anonymous_17)
DA:18,1
DA:32,1
DA:39,1
DA:40,1
DA:41,2
DA:43,1
DA:44,1
DA:49,2
DA:50,2
DA:51,3
DA:53,2
DA:54,2
DA:58,1
DA:64,0
DA:65,0
DA:67,0
DA:68,0
DA:70,0
DA:71,0
DA:72,0
DA:73,0
DA:79,0
DA:80,0
DA:83,0
DA:84,0
DA:85,0
DA:86,0
DA:88,0
DA:89,0
DA:90,0
DA:95,0
DA:96,0
DA:97,0
DA:103,0
DA:104,0
DA:110,2
DA:114,1
DA:119,1
DA:123,2
DA:124,2
DA:125,2
DA:129,1
DA:130,1
DA:135,1
DA:136,1
DA:137,1
DA:138,1
DA:139,1
DA:140,1
DA:157,1
LF:50
LH:28
BRDA:41,0,0,1
BRDA:41,0,1,1
BRDA:41,1,0,2
BRDA:41,1,1,1
BRDA:51,2,0,2
BRDA:51,2,1,1
BRDA:67,3,0,0
BRDA:67,3,1,0
BRDA:70,4,0,0
BRDA:70,4,1,0
BRDA:72,5,0,0
BRDA:72,5,1,0
BRDA:80,6,0,0
BRDA:80,6,1,0
BRDA:84,7,0,0
BRDA:84,7,1,0
BRDA:86,8,0,0
BRDA:86,8,1,0
BRDA:89,9,0,0
BRDA:89,9,1,0
BRDA:96,10,0,0
BRDA:96,10,1,0
BRDA:103,11,0,0
BRDA:103,11,1,0
BRF:24
BRH:6
end_of_record
TN:
SF:src/utils/authValidation.ts
FN:3,validateEmail
FN:7,validateLoginForm
FN:22,validateSignupForm
FNF:3
FNH:3
FNDA:17,validateEmail
FNDA:10,validateLoginForm
FNDA:5,validateSignupForm
DA:4,17
DA:8,10
DA:9,10
DA:10,2
DA:11,8
DA:12,1
DA:14,10
DA:15,1
DA:16,9
DA:17,2
DA:19,10
DA:26,5
DA:27,5
DA:28,1
DA:30,5
DA:31,1
DA:32,4
DA:33,1
DA:35,5
LF:19
LH:19
BRDA:9,0,0,2
BRDA:9,0,1,8
BRDA:11,1,0,1
BRDA:11,1,1,7
BRDA:14,2,0,1
BRDA:14,2,1,9
BRDA:16,3,0,2
BRDA:16,3,1,7
BRDA:27,4,0,1
BRDA:27,4,1,4
BRDA:30,5,0,1
BRDA:30,5,1,4
BRDA:32,6,0,1
BRDA:32,6,1,3
BRF:14
BRH:14
end_of_record
TN:
SF:src/utils/csvExport.ts
FN:10,saveCsvAndShare
FNF:1
FNH:1
FNDA:2,saveCsvAndShare
DA:14,2
DA:15,2
DA:16,2
DA:17,2
DA:18,2
DA:19,0
DA:21,2
DA:23,2
DA:27,2
DA:28,2
DA:34,0
DA:37,0
DA:38,0
DA:40,0
DA:45,0
DA:50,0
LF:16
LH:9
BRDA:12,0,0,1
BRDA:18,1,0,0
BRDA:18,1,1,2
BRDA:27,2,0,2
BRDA:27,2,1,0
BRDA:40,3,0,0
BRDA:40,3,1,0
BRDA:41,4,0,0
BRDA:41,4,1,0
BRDA:41,4,2,0
BRDA:50,5,0,0
BRDA:50,5,1,0
BRF:12
BRH:3
end_of_record
TN:
SF:src/utils/dateSerialization.ts
FN:17,dateToIso
FN:26,isoToDate
FN:37,filtersToStore
FN:51,filtersToUI
FNF:4
FNH:4
FNDA:8,dateToIso
FNDA:9,isoToDate
FNDA:2,filtersToStore
FNDA:2,filtersToUI
DA:18,8
DA:19,6
DA:20,5
DA:27,9
DA:28,7
DA:29,6
DA:30,6
DA:31,6
DA:40,2
DA:41,2
DA:54,2
DA:55,2
LF:12
LH:12
BRDA:18,0,0,2
BRDA:18,0,1,6
BRDA:19,1,0,1
BRDA:19,1,1,5
BRDA:20,2,0,5
BRDA:20,2,1,0
BRDA:27,3,0,2
BRDA:27,3,1,7
BRDA:28,4,0,1
BRDA:28,4,1,6
BRDA:29,5,0,0
BRDA:29,5,1,6
BRDA:31,6,0,1
BRDA:31,6,1,5
BRF:14
BRH:12
end_of_record
TN:
SF:src/utils/firebaseUtils.ts
FN:15,(anonymous_0)
FN:32,(anonymous_1)
FN:40,(anonymous_2)
FN:63,(anonymous_3)
FNF:4
FNH:3
FNDA:4,(anonymous_0)
FNDA:2,(anonymous_1)
FNDA:3,(anonymous_2)
FNDA:0,(anonymous_3)
DA:15,1
DA:16,4
DA:17,2
DA:19,2
DA:20,1
DA:23,1
DA:24,1
DA:26,0
DA:32,1
DA:33,2
DA:34,1
DA:40,1
DA:41,3
DA:43,1
DA:63,1
DA:68,0
LF:16
LH:14
BRDA:16,0,0,2
BRDA:16,0,1,2
BRDA:16,1,0,4
BRDA:16,1,1,2
BRDA:19,2,0,1
BRDA:19,2,1,1
BRDA:23,3,0,1
BRDA:23,3,1,0
BRDA:33,4,0,1
BRDA:33,4,1,1
BRDA:41,5,0,2
BRDA:41,5,1,1
BRDA:41,6,0,3
BRDA:41,6,1,2
BRF:14
BRH:13
end_of_record
TN:
SF:src/utils/locationUtils.ts
FN:3,(anonymous_0)
FN:19,(anonymous_1)
FNF:2
FNH:2
FNDA:4,(anonymous_0)
FNDA:4,(anonymous_1)
DA:3,1
DA:4,4
DA:6,1
DA:8,2
DA:10,1
DA:19,1
DA:20,4
DA:21,3
DA:22,2
DA:23,1
LF:10
LH:10
BRDA:4,0,0,1
BRDA:4,0,1,2
BRDA:4,0,2,1
BRDA:8,1,0,1
BRDA:8,1,1,1
BRDA:20,2,0,1
BRDA:20,2,1,3
BRDA:21,3,0,1
BRDA:21,3,1,2
BRDA:22,4,0,1
BRDA:22,4,1,1
BRF:11
BRH:11
end_of_record
TN:
SF:src/utils/poPdfUtils.ts
FN:7,(anonymous_0)
FN:16,(anonymous_1)
FN:41,generatePOHtml
FN:45,(anonymous_3)
FN:151,(anonymous_4)
FN:157,escapeHtml
FN:165,(anonymous_6)
FN:171,buildDraftPOForPrint
FN:184,(anonymous_8)
FN:190,(anonymous_9)
FN:191,(anonymous_10)
FN:234,printPurchaseOrder
FNF:12
FNH:11
FNDA:4,(anonymous_0)
FNDA:10,(anonymous_1)
FNDA:2,generatePOHtml
FNDA:2,(anonymous_3)
FNDA:2,(anonymous_4)
FNDA:16,escapeHtml
FNDA:4,(anonymous_6)
FNDA:2,buildDraftPOForPrint
FNDA:1,(anonymous_8)
FNDA:1,(anonymous_9)
FNDA:1,(anonymous_10)
FNDA:0,printPurchaseOrder
DA:5,1
DA:7,1
DA:8,4
DA:9,2
DA:16,1
DA:17,10
DA:19,1
DA:28,1
DA:42,2
DA:43,2
DA:45,2
DA:46,2
DA:48,2
DA:49,2
DA:50,2
DA:61,2
DA:62,2
DA:63,2
DA:64,0
DA:66,2
DA:67,0
DA:70,2
DA:151,2
DA:158,16
DA:165,16
DA:184,2
DA:185,1
DA:186,1
DA:187,1
DA:188,1
DA:190,2
DA:191,2
DA:192,2
DA:193,2
DA:195,2
DA:235,0
DA:236,0
DA:237,0
DA:243,0
DA:244,0
DA:250,0
DA:253,0
DA:254,0
DA:256,0
DA:261,0
DA:266,0
LF:46
LH:33
BRDA:8,0,0,2
BRDA:8,0,1,2
BRDA:42,1,0,2
BRDA:42,1,1,0
BRDA:43,2,0,2
BRDA:43,2,1,0
BRDA:45,3,0,2
BRDA:45,3,1,0
BRDA:46,4,0,2
BRDA:46,4,1,1
BRDA:48,5,0,2
BRDA:48,5,1,1
BRDA:62,6,0,2
BRDA:62,6,1,0
BRDA:63,7,0,0
BRDA:63,7,1,2
BRDA:66,8,0,0
BRDA:66,8,1,2
BRDA:99,9,0,2
BRDA:99,9,1,0
BRDA:100,10,0,2
BRDA:100,10,1,0
BRDA:101,11,0,0
BRDA:101,11,1,2
BRDA:102,12,0,0
BRDA:102,12,1,2
BRDA:128,13,0,2
BRDA:128,13,1,0
BRDA:132,14,0,2
BRDA:132,14,1,0
BRDA:136,15,0,2
BRDA:136,15,1,0
BRDA:142,16,0,2
BRDA:142,16,1,2
BRDA:165,17,0,4
BRDA:165,17,1,0
BRDA:182,18,0,1
BRDA:185,19,0,1
BRDA:185,19,1,0
BRDA:186,20,0,1
BRDA:186,20,1,1
BRDA:187,21,0,1
BRDA:187,21,1,1
BRDA:191,22,0,1
BRDA:191,22,1,0
BRDA:205,23,0,1
BRDA:205,23,1,1
BRDA:209,24,0,1
BRDA:209,24,1,1
BRDA:243,25,0,0
BRDA:243,25,1,0
BRDA:256,26,0,0
BRDA:256,26,1,0
BRDA:257,27,0,0
BRDA:257,27,1,0
BRDA:257,27,2,0
BRDA:266,28,0,0
BRDA:266,28,1,0
BRF:58
BRH:33
end_of_record
TN:
SF:src/utils/requestUtils.ts
FN:24,getReturnHistoryForDisplay
FN:34,(anonymous_1)
FN:35,(anonymous_2)
FNF:3
FNH:3
FNDA:3,getReturnHistoryForDisplay
FNDA:1,(anonymous_1)
FNDA:1,(anonymous_2)
DA:25,3
DA:26,1
DA:29,2
DA:34,1
DA:35,1
DA:36,1
DA:44,1
DA:54,1
LF:8
LH:8
BRDA:25,0,0,1
BRDA:25,0,1,2
BRDA:25,1,0,3
BRDA:25,1,1,1
BRDA:29,2,0,1
BRDA:29,2,1,1
BRDA:30,3,0,2
BRDA:30,3,1,1
BRDA:30,3,2,1
BRDA:38,4,0,1
BRDA:38,4,1,0
BRDA:48,5,0,1
BRDA:48,5,1,0
BRDA:50,6,0,1
BRDA:50,6,1,1
BRF:15
BRH:13
end_of_record
TN:
SF:src/utils/skuGenerationUtils.ts
FN:15,sanitizeHsnForPrefix
FN:27,getNextSkuSuffix
FN:37,(anonymous_2)
FN:43,(anonymous_3)
FN:56,generateSkuFromHsn
FN:73,validateSku
FNF:6
FNH:6
FNDA:15,sanitizeHsnForPrefix
FNDA:9,getNextSkuSuffix
FNDA:9,(anonymous_2)
FNDA:9,(anonymous_3)
FNDA:6,generateSkuFromHsn
FNDA:8,validateSku
DA:9,1
DA:16,15
DA:17,13
DA:28,9
DA:29,9
DA:31,8
DA:32,8
DA:34,8
DA:36,5
DA:38,9
DA:39,9
DA:40,9
DA:41,9
DA:43,9
DA:45,5
DA:46,5
DA:57,6
DA:58,6
DA:59,2
DA:62,4
DA:63,4
DA:64,4
DA:74,8
DA:75,1
DA:77,7
DA:78,7
DA:79,1
DA:81,6
DA:82,1
DA:84,5
DA:85,2
DA:87,3
LF:32
LH:32
BRDA:16,0,0,2
BRDA:16,0,1,13
BRDA:16,1,0,15
BRDA:16,1,1,13
BRDA:29,2,0,1
BRDA:29,2,1,8
BRDA:34,3,0,3
BRDA:34,3,1,5
BRDA:41,4,0,0
BRDA:41,4,1,9
BRDA:45,5,0,0
BRDA:45,5,1,5
BRDA:58,6,0,2
BRDA:58,6,1,4
BRDA:74,7,0,1
BRDA:74,7,1,7
BRDA:74,8,0,8
BRDA:74,8,1,7
BRDA:78,9,0,1
BRDA:78,9,1,6
BRDA:81,10,0,1
BRDA:81,10,1,5
BRDA:84,11,0,2
BRDA:84,11,1,3
BRF:24
BRH:22
end_of_record
TN:
SF:src/utils/weightConversionUtils.ts
FN:17,tonToKg
FN:24,isWeightBasedItem
FN:33,isWeightViewSupported
FN:48,piecesToKg
FN:69,kgToPieces
FN:116,getConversionErrorMessage
FN:138,(anonymous_6)
FN:156,calculateTotalWeight
FN:167,formatWeight
FNF:9
FNH:9
FNDA:2,tonToKg
FNDA:6,isWeightBasedItem
FNDA:3,isWeightViewSupported
FNDA:4,piecesToKg
FNDA:5,kgToPieces
FNDA:2,getConversionErrorMessage
FNDA:2,(anonymous_6)
FNDA:1,calculateTotalWeight
FNDA:4,formatWeight
DA:11,1
DA:18,2
DA:25,6
DA:37,3
DA:53,4
DA:54,2
DA:74,5
DA:75,5
DA:76,1
DA:84,4
DA:85,4
DA:87,4
DA:88,2
DA:89,2
DA:90,2
DA:91,2
DA:93,2
DA:105,2
DA:121,2
DA:122,2
DA:124,2
DA:125,1
DA:128,1
DA:133,1
DA:134,1
DA:136,1
DA:137,1
DA:138,1
DA:139,2
DA:143,2
DA:147,1
DA:150,1
DA:161,1
DA:168,4
DA:169,2
DA:170,2
DA:174,2
LF:37
LH:37
BRDA:25,0,0,6
BRDA:25,0,1,5
BRDA:38,1,0,3
BRDA:38,1,1,3
BRDA:38,1,2,2
BRDA:53,2,0,2
BRDA:53,2,1,2
BRDA:53,3,0,4
BRDA:53,3,1,3
BRDA:75,4,0,1
BRDA:75,4,1,4
BRDA:87,5,0,2
BRDA:87,5,1,2
BRDA:124,6,0,1
BRDA:124,6,1,1
BRDA:136,7,0,1
BRDA:136,7,1,0
BRDA:136,8,0,1
BRDA:136,8,1,1
BRDA:168,9,0,2
BRDA:168,9,1,2
BRDA:170,10,0,1
BRDA:170,10,1,1
BRF:23
BRH:22
end_of_record
